2025-05-17 03:53:06,457 - root - INFO - Initializing document repository with provenance tracking
2025-05-17 03:53:06,507 - DocumentRepository - INFO - Document repository initialized at data/documents
2025-05-17 03:53:06,507 - DocumentRepository - WARNING - Using DEVELOPMENT cryptographic mode - NOT FOR PRODUCTION
2025-05-17 03:53:06,508 - root - INFO - No previous run date found, using Inauguration Day (Jan 20, 2025)
2025-05-17 03:53:06,508 - root - INFO - Using last run date: 2025-01-20T00:00:00
2025-05-17 03:53:06,508 - root - INFO - Starting collection at 20250517_035306
2025-05-17 03:53:06,509 - ContentCollector - INFO - Starting collection from 6 sources, limit 1
2025-05-17 03:53:06,509 - ContentCollector - INFO - Collecting from RSS: https://apnews.com/rss
2025-05-17 03:53:06,561 - ContentCollector - WARNING - Feed parse error for https://apnews.com/rss: <unknown>:2:737: not well-formed (invalid token)
2025-05-17 03:53:06,562 - ContentCollector - INFO - Collecting from RSS: https://feeds.npr.org/1001/rss.xml
2025-05-17 03:53:06,728 - ContentCollector - INFO - Fetching article: Sean Combs trial: Cassie concludes four days of testimony
2025-05-17 03:53:08,563 - ContentCollector - INFO - Collected: Sean Combs trial: Cassie concludes four days of testimony (7138 chars)
2025-05-17 03:53:08,564 - DocumentRepository - INFO - Stored document d3f8fcf8b173a8a6_1747453988 (7138 chars) with provenance
2025-05-17 03:53:08,564 - ContentCollector - INFO - Collecting from RSS: https://thehill.com/rss/feed/
2025-05-17 03:53:08,907 - ContentCollector - INFO - Fetching article: Trump administration drops Biden-era lawsuit against Southwest Airlines
2025-05-17 03:53:08,964 - ContentCollector - ERROR - Content extraction error for https://thehill.com/regulation/transportation/5305192-southwest-airlines-lawsuit-trump-biden-flight-delays/: Article `download()` failed with 403 Client Error: Forbidden for url: https://thehill.com/regulation/transportation/5305192-southwest-airlines-lawsuit-trump-biden-flight-delays/ on URL https://thehill.com/regulation/transportation/5305192-southwest-airlines-lawsuit-trump-biden-flight-delays/
2025-05-17 03:53:08,964 - ContentCollector - WARNING - Failed to extract valid content for: Trump administration drops Biden-era lawsuit against Southwest Airlines
2025-05-17 03:53:08,964 - ContentCollector - INFO - Fetching article: US measles cases surpass 1K: CDC
2025-05-17 03:53:09,023 - ContentCollector - ERROR - Content extraction error for https://thehill.com/policy/healthcare/5305174-measles-cases-us-cdc-1000/: Article `download()` failed with 403 Client Error: Forbidden for url: https://thehill.com/policy/healthcare/5305174-measles-cases-us-cdc-1000/ on URL https://thehill.com/policy/healthcare/5305174-measles-cases-us-cdc-1000/
2025-05-17 03:53:09,023 - ContentCollector - WARNING - Failed to extract valid content for: US measles cases surpass 1K: CDC
2025-05-17 03:53:09,023 - ContentCollector - INFO - Fetching article: Iran says no new nuclear proposal, disputing Trump: ‘Confusing and contradictory’ messaging
2025-05-17 03:53:09,106 - ContentCollector - ERROR - Content extraction error for https://thehill.com/policy/international/5305137-trump-iran-nuclear-deal-messaging/: Article `download()` failed with 403 Client Error: Forbidden for url: https://thehill.com/policy/international/5305137-trump-iran-nuclear-deal-messaging/ on URL https://thehill.com/policy/international/5305137-trump-iran-nuclear-deal-messaging/
2025-05-17 03:53:09,107 - ContentCollector - WARNING - Failed to extract valid content for: Iran says no new nuclear proposal, disputing Trump: ‘Confusing and contradictory’ messaging
2025-05-17 03:53:09,107 - ContentCollector - INFO - Fetching article: Study: Long COVID ‘brain fog’ linked to inflammation, stress markers
2025-05-17 03:53:09,173 - ContentCollector - ERROR - Content extraction error for https://thehill.com/policy/healthcare/5304990-long-covid-brain-fog-inflammation-stress/: Article `download()` failed with 403 Client Error: Forbidden for url: https://thehill.com/policy/healthcare/5304990-long-covid-brain-fog-inflammation-stress/ on URL https://thehill.com/policy/healthcare/5304990-long-covid-brain-fog-inflammation-stress/
2025-05-17 03:53:09,173 - ContentCollector - WARNING - Failed to extract valid content for: Study: Long COVID ‘brain fog’ linked to inflammation, stress markers
2025-05-17 03:53:09,173 - ContentCollector - INFO - Fetching article: Consumer confidence declines despite Trump tariff pause: Survey
2025-05-17 03:53:09,234 - ContentCollector - ERROR - Content extraction error for https://thehill.com/homenews/5305070-trump-tariffs-impact-consumer-confidence/: Article `download()` failed with 403 Client Error: Forbidden for url: https://thehill.com/homenews/5305070-trump-tariffs-impact-consumer-confidence/ on URL https://thehill.com/homenews/5305070-trump-tariffs-impact-consumer-confidence/
2025-05-17 03:53:09,234 - ContentCollector - WARNING - Failed to extract valid content for: Consumer confidence declines despite Trump tariff pause: Survey
2025-05-17 03:53:09,234 - ContentCollector - INFO - Fetching article: Audio appears to show Biden’s struggles in special counsel interview
2025-05-17 03:53:09,329 - ContentCollector - ERROR - Content extraction error for https://thehill.com/homenews/5305033-biden-interview-classified-documents-2023/: Article `download()` failed with 403 Client Error: Forbidden for url: https://thehill.com/homenews/5305033-biden-interview-classified-documents-2023/ on URL https://thehill.com/homenews/5305033-biden-interview-classified-documents-2023/
2025-05-17 03:53:09,329 - ContentCollector - WARNING - Failed to extract valid content for: Audio appears to show Biden’s struggles in special counsel interview
2025-05-17 03:53:09,329 - ContentCollector - INFO - Fetching article: Trump rails against Supreme Court over blocking of deportation flights
2025-05-17 03:53:09,384 - ContentCollector - ERROR - Content extraction error for https://thehill.com/regulation/court-battles/5304999-trump-supreme-court-deportation-decision/: Article `download()` failed with 403 Client Error: Forbidden for url: https://thehill.com/regulation/court-battles/5304999-trump-supreme-court-deportation-decision/ on URL https://thehill.com/regulation/court-battles/5304999-trump-supreme-court-deportation-decision/
2025-05-17 03:53:09,384 - ContentCollector - WARNING - Failed to extract valid content for: Trump rails against Supreme Court over blocking of deportation flights
2025-05-17 03:53:09,384 - ContentCollector - INFO - Fetching article: GOP seeks to bar James Comey from federal positions
2025-05-17 03:53:09,459 - ContentCollector - ERROR - Content extraction error for https://thehill.com/homenews/house/5304901-comey-trump-gop-resolution-social-media/: Article `download()` failed with 403 Client Error: Forbidden for url: https://thehill.com/homenews/house/5304901-comey-trump-gop-resolution-social-media/ on URL https://thehill.com/homenews/house/5304901-comey-trump-gop-resolution-social-media/
2025-05-17 03:53:09,459 - ContentCollector - WARNING - Failed to extract valid content for: GOP seeks to bar James Comey from federal positions
2025-05-17 03:53:09,459 - ContentCollector - INFO - Fetching article: FDA clears first blood test to reliably predict Alzheimer’s disease
2025-05-17 03:53:09,533 - ContentCollector - ERROR - Content extraction error for https://thehill.com/policy/healthcare/5304869-fda-alzheimers-blood-test-diagnosis/: Article `download()` failed with 403 Client Error: Forbidden for url: https://thehill.com/policy/healthcare/5304869-fda-alzheimers-blood-test-diagnosis/ on URL https://thehill.com/policy/healthcare/5304869-fda-alzheimers-blood-test-diagnosis/
2025-05-17 03:53:09,533 - ContentCollector - WARNING - Failed to extract valid content for: FDA clears first blood test to reliably predict Alzheimer’s disease
2025-05-17 03:53:09,533 - ContentCollector - INFO - Fetching article: Moody’s downgrades US credit rating
2025-05-17 03:53:09,591 - ContentCollector - ERROR - Content extraction error for https://thehill.com/business/5304902-moodys-downgrades-us-credit-rating/: Article `download()` failed with 403 Client Error: Forbidden for url: https://thehill.com/business/5304902-moodys-downgrades-us-credit-rating/ on URL https://thehill.com/business/5304902-moodys-downgrades-us-credit-rating/
2025-05-17 03:53:09,591 - ContentCollector - WARNING - Failed to extract valid content for: Moody’s downgrades US credit rating
2025-05-17 03:53:09,591 - ContentCollector - INFO - Fetching article: Pope Leo XIV to offer the Vatican for Russia-Ukraine discussions
2025-05-17 03:53:09,642 - ContentCollector - ERROR - Content extraction error for https://thehill.com/policy/international/5304700-pope-leo-offers-vatican-peace-talks/: Article `download()` failed with 403 Client Error: Forbidden for url: https://thehill.com/policy/international/5304700-pope-leo-offers-vatican-peace-talks/ on URL https://thehill.com/policy/international/5304700-pope-leo-offers-vatican-peace-talks/
2025-05-17 03:53:09,643 - ContentCollector - WARNING - Failed to extract valid content for: Pope Leo XIV to offer the Vatican for Russia-Ukraine discussions
2025-05-17 03:53:09,643 - ContentCollector - INFO - Fetching article: Trump agenda bill hanging by a thread after GOP hard-liners tank key vote
2025-05-17 03:53:09,697 - ContentCollector - ERROR - Content extraction error for https://thehill.com/homenews/house/5304719-trump-agenda-house-republicans/: Article `download()` failed with 403 Client Error: Forbidden for url: https://thehill.com/homenews/house/5304719-trump-agenda-house-republicans/ on URL https://thehill.com/homenews/house/5304719-trump-agenda-house-republicans/
2025-05-17 03:53:09,697 - ContentCollector - WARNING - Failed to extract valid content for: Trump agenda bill hanging by a thread after GOP hard-liners tank key vote
2025-05-17 03:53:09,698 - ContentCollector - INFO - Fetching article: Judge says DOJ’s explanation for state secrets privilege in Abrego Garcia case ‘insufficient’
2025-05-17 03:53:09,763 - ContentCollector - ERROR - Content extraction error for https://thehill.com/regulation/court-battles/5304718-judge-says-dojs-explanation-for-state-secrets-privilege-in-abrego-garcia-case-insufficient/: Article `download()` failed with 403 Client Error: Forbidden for url: https://thehill.com/regulation/court-battles/5304718-judge-says-dojs-explanation-for-state-secrets-privilege-in-abrego-garcia-case-insufficient/ on URL https://thehill.com/regulation/court-battles/5304718-judge-says-dojs-explanation-for-state-secrets-privilege-in-abrego-garcia-case-insufficient/
2025-05-17 03:53:09,763 - ContentCollector - WARNING - Failed to extract valid content for: Judge says DOJ’s explanation for state secrets privilege in Abrego Garcia case ‘insufficient’
2025-05-17 03:53:09,763 - ContentCollector - INFO - Fetching article: Bono: World war more likely than at any point in my lifetime
2025-05-17 03:53:09,831 - ContentCollector - ERROR - Content extraction error for https://thehill.com/blogs/in-the-know/5304715-bono-banows-premieres-stories-surrender/: Article `download()` failed with 403 Client Error: Forbidden for url: https://thehill.com/blogs/in-the-know/5304715-bono-banows-premieres-stories-surrender/ on URL https://thehill.com/blogs/in-the-know/5304715-bono-banows-premieres-stories-surrender/
2025-05-17 03:53:09,831 - ContentCollector - WARNING - Failed to extract valid content for: Bono: World war more likely than at any point in my lifetime
2025-05-17 03:53:09,832 - ContentCollector - INFO - Fetching article: GOP tax bill would shrink incomes for low earners: Analysis
2025-05-17 03:53:09,885 - ContentCollector - ERROR - Content extraction error for https://thehill.com/homenews/house/5304610-gop-tax-package-penn-wharton/: Article `download()` failed with 403 Client Error: Forbidden for url: https://thehill.com/homenews/house/5304610-gop-tax-package-penn-wharton/ on URL https://thehill.com/homenews/house/5304610-gop-tax-package-penn-wharton/
2025-05-17 03:53:09,885 - ContentCollector - WARNING - Failed to extract valid content for: GOP tax bill would shrink incomes for low earners: Analysis
2025-05-17 03:53:09,885 - ContentCollector - INFO - Fetching article: Federal workers union says HHS layoffs ‘targeting science’
2025-05-17 03:53:09,946 - ContentCollector - ERROR - Content extraction error for https://thehill.com/homenews/5304508-unions-criticize-cdc-layoffs/: Article `download()` failed with 403 Client Error: Forbidden for url: https://thehill.com/homenews/5304508-unions-criticize-cdc-layoffs/ on URL https://thehill.com/homenews/5304508-unions-criticize-cdc-layoffs/
2025-05-17 03:53:09,946 - ContentCollector - WARNING - Failed to extract valid content for: Federal workers union says HHS layoffs ‘targeting science’
2025-05-17 03:53:09,947 - ContentCollector - INFO - Fetching article: Federal judge extends block on HHS termination of billions in public health funds
2025-05-17 03:53:10,001 - ContentCollector - ERROR - Content extraction error for https://thehill.com/policy/healthcare/5304639-federal-judge-extends-block-on-hhs-termination-of-billions-in-public-health-funds/: Article `download()` failed with 403 Client Error: Forbidden for url: https://thehill.com/policy/healthcare/5304639-federal-judge-extends-block-on-hhs-termination-of-billions-in-public-health-funds/ on URL https://thehill.com/policy/healthcare/5304639-federal-judge-extends-block-on-hhs-termination-of-billions-in-public-health-funds/
2025-05-17 03:53:10,002 - ContentCollector - WARNING - Failed to extract valid content for: Federal judge extends block on HHS termination of billions in public health funds
2025-05-17 03:53:10,002 - ContentCollector - INFO - Fetching article: Florida serial killer cheers Trump in his final words at execution
2025-05-17 03:53:10,051 - ContentCollector - ERROR - Content extraction error for https://thehill.com/homenews/state-watch/5304529-florida-serial-killer-glen-rogers-trump-maga-casanova-killer/: Article `download()` failed with 403 Client Error: Forbidden for url: https://thehill.com/homenews/state-watch/5304529-florida-serial-killer-glen-rogers-trump-maga-casanova-killer/ on URL https://thehill.com/homenews/state-watch/5304529-florida-serial-killer-glen-rogers-trump-maga-casanova-killer/
2025-05-17 03:53:10,052 - ContentCollector - WARNING - Failed to extract valid content for: Florida serial killer cheers Trump in his final words at execution
2025-05-17 03:53:10,052 - ContentCollector - INFO - Fetching article: Supreme Court extends block on some Alien Enemies Act deportation flights
2025-05-17 03:53:10,108 - ContentCollector - ERROR - Content extraction error for https://thehill.com/regulation/court-battles/5304654-supreme-court-alien-enemies-act-deportations/: Article `download()` failed with 403 Client Error: Forbidden for url: https://thehill.com/regulation/court-battles/5304654-supreme-court-alien-enemies-act-deportations/ on URL https://thehill.com/regulation/court-battles/5304654-supreme-court-alien-enemies-act-deportations/
2025-05-17 03:53:10,108 - ContentCollector - WARNING - Failed to extract valid content for: Supreme Court extends block on some Alien Enemies Act deportation flights
2025-05-17 03:53:10,108 - ContentCollector - INFO - Fetching article: Texas House approves repealing ban on ‘homosexual conduct’
2025-05-17 03:53:10,166 - ContentCollector - ERROR - Content extraction error for https://thehill.com/homenews/lgbtq/5304600-texas-lawmakers-vote-repeal-gay-sex-ban/: Article `download()` failed with 403 Client Error: Forbidden for url: https://thehill.com/homenews/lgbtq/5304600-texas-lawmakers-vote-repeal-gay-sex-ban/ on URL https://thehill.com/homenews/lgbtq/5304600-texas-lawmakers-vote-repeal-gay-sex-ban/
2025-05-17 03:53:10,166 - ContentCollector - WARNING - Failed to extract valid content for: Texas House approves repealing ban on ‘homosexual conduct’
2025-05-17 03:53:10,167 - ContentCollector - INFO - Fetching article: Internal document warns ‘FEMA is not ready’ for hurricane season
2025-05-17 03:53:10,222 - ContentCollector - ERROR - Content extraction error for https://thehill.com/policy/energy-environment/5304570-fema-hurricane-season-dhs-noem-trump-noaa/: Article `download()` failed with 403 Client Error: Forbidden for url: https://thehill.com/policy/energy-environment/5304570-fema-hurricane-season-dhs-noem-trump-noaa/ on URL https://thehill.com/policy/energy-environment/5304570-fema-hurricane-season-dhs-noem-trump-noaa/
2025-05-17 03:53:10,222 - ContentCollector - WARNING - Failed to extract valid content for: Internal document warns ‘FEMA is not ready’ for hurricane season
2025-05-17 03:53:10,222 - ContentCollector - INFO - Fetching article: Yost suspends Ohio governor’s bid after state GOP backs Ramaswamy
2025-05-17 03:53:10,282 - ContentCollector - ERROR - Content extraction error for https://thehill.com/homenews/campaign/5304572-dave-yost-exits-ohio-gubernatorial-race/: Article `download()` failed with 403 Client Error: Forbidden for url: https://thehill.com/homenews/campaign/5304572-dave-yost-exits-ohio-gubernatorial-race/ on URL https://thehill.com/homenews/campaign/5304572-dave-yost-exits-ohio-gubernatorial-race/
2025-05-17 03:53:10,282 - ContentCollector - WARNING - Failed to extract valid content for: Yost suspends Ohio governor’s bid after state GOP backs Ramaswamy
2025-05-17 03:53:10,282 - ContentCollector - INFO - Fetching article: DOJ could drop Boeing criminal charge in deadly 737 Max crashes, families say
2025-05-17 03:53:10,339 - ContentCollector - ERROR - Content extraction error for https://thehill.com/regulation/court-battles/5304342-trump-doj-settlement-boeing-crash/: Article `download()` failed with 403 Client Error: Forbidden for url: https://thehill.com/regulation/court-battles/5304342-trump-doj-settlement-boeing-crash/ on URL https://thehill.com/regulation/court-battles/5304342-trump-doj-settlement-boeing-crash/
2025-05-17 03:53:10,339 - ContentCollector - WARNING - Failed to extract valid content for: DOJ could drop Boeing criminal charge in deadly 737 Max crashes, families say
2025-05-17 03:53:10,339 - ContentCollector - INFO - Fetching article: These Republicans voted against advancing Trump’s ‘big, beautiful bill’
2025-05-17 03:53:10,420 - ContentCollector - ERROR - Content extraction error for https://thehill.com/homenews/house/5304514-these-republicans-voted-against-advancing-trumps-big-beautiful-bill/: Article `download()` failed with 403 Client Error: Forbidden for url: https://thehill.com/homenews/house/5304514-these-republicans-voted-against-advancing-trumps-big-beautiful-bill/ on URL https://thehill.com/homenews/house/5304514-these-republicans-voted-against-advancing-trumps-big-beautiful-bill/
2025-05-17 03:53:10,420 - ContentCollector - WARNING - Failed to extract valid content for: These Republicans voted against advancing Trump’s ‘big, beautiful bill’
2025-05-17 03:53:10,420 - ContentCollector - INFO - Fetching article: Utah, Arizona senators launch bipartisan push for water infrastructure funding
2025-05-17 03:53:10,479 - ContentCollector - ERROR - Content extraction error for https://thehill.com/policy/equilibrium-sustainability/5304479-utah-arizona-western-water-infrastructure-funding/: Article `download()` failed with 403 Client Error: Forbidden for url: https://thehill.com/policy/equilibrium-sustainability/5304479-utah-arizona-western-water-infrastructure-funding/ on URL https://thehill.com/policy/equilibrium-sustainability/5304479-utah-arizona-western-water-infrastructure-funding/
2025-05-17 03:53:10,480 - ContentCollector - WARNING - Failed to extract valid content for: Utah, Arizona senators launch bipartisan push for water infrastructure funding
2025-05-17 03:53:10,480 - ContentCollector - INFO - Fetching article: Trump World has tough case with Comey over ‘assassination’ message
2025-05-17 03:53:10,532 - ContentCollector - ERROR - Content extraction error for https://thehill.com/homenews/administration/5304480-trump-allies-target-comey-assassination-threat/: Article `download()` failed with 403 Client Error: Forbidden for url: https://thehill.com/homenews/administration/5304480-trump-allies-target-comey-assassination-threat/ on URL https://thehill.com/homenews/administration/5304480-trump-allies-target-comey-assassination-threat/
2025-05-17 03:53:10,533 - ContentCollector - WARNING - Failed to extract valid content for: Trump World has tough case with Comey over ‘assassination’ message
2025-05-17 03:53:10,533 - ContentCollector - INFO - Fetching article: Video shows 10 inmates escape from New Orleans jail
2025-05-17 03:53:10,589 - ContentCollector - ERROR - Content extraction error for https://thehill.com/homenews/state-watch/5304469-11-inmates-escape-new-orleans-jail-public-warned-amid-law-enforcement-search/: Article `download()` failed with 403 Client Error: Forbidden for url: https://thehill.com/homenews/state-watch/5304469-11-inmates-escape-new-orleans-jail-public-warned-amid-law-enforcement-search/ on URL https://thehill.com/homenews/state-watch/5304469-11-inmates-escape-new-orleans-jail-public-warned-amid-law-enforcement-search/
2025-05-17 03:53:10,589 - ContentCollector - WARNING - Failed to extract valid content for: Video shows 10 inmates escape from New Orleans jail
2025-05-17 03:53:10,590 - ContentCollector - INFO - Fetching article: Are weight loss drugs safe? Learn some of the side effects
2025-05-17 03:53:10,653 - ContentCollector - ERROR - Content extraction error for https://thehill.com/policy/healthcare/5302813-weight-loss-drug-side-effects-explained/: Article `download()` failed with 403 Client Error: Forbidden for url: https://thehill.com/policy/healthcare/5302813-weight-loss-drug-side-effects-explained/ on URL https://thehill.com/policy/healthcare/5302813-weight-loss-drug-side-effects-explained/
2025-05-17 03:53:10,654 - ContentCollector - WARNING - Failed to extract valid content for: Are weight loss drugs safe? Learn some of the side effects
2025-05-17 03:53:10,654 - ContentCollector - INFO - Fetching article: Putin’s growing anxiety mirrors Russia’s failures on the battlefield
2025-05-17 03:53:10,714 - ContentCollector - ERROR - Content extraction error for https://thehill.com/opinion/5303161-trump-putin-ukraine-conflict/: Article `download()` failed with 403 Client Error: Forbidden for url: https://thehill.com/opinion/5303161-trump-putin-ukraine-conflict/ on URL https://thehill.com/opinion/5303161-trump-putin-ukraine-conflict/
2025-05-17 03:53:10,714 - ContentCollector - WARNING - Failed to extract valid content for: Putin’s growing anxiety mirrors Russia’s failures on the battlefield
2025-05-17 03:53:10,714 - ContentCollector - INFO - Fetching article: Trump administration asks Supreme Court to lift block on mass layoffs
2025-05-17 03:53:10,765 - ContentCollector - ERROR - Content extraction error for https://thehill.com/regulation/court-battles/5304393-trump-supreme-court-lawsuit/: Article `download()` failed with 403 Client Error: Forbidden for url: https://thehill.com/regulation/court-battles/5304393-trump-supreme-court-lawsuit/ on URL https://thehill.com/regulation/court-battles/5304393-trump-supreme-court-lawsuit/
2025-05-17 03:53:10,765 - ContentCollector - WARNING - Failed to extract valid content for: Trump administration asks Supreme Court to lift block on mass layoffs
2025-05-17 03:53:10,765 - ContentCollector - INFO - Fetching article: Uber introducing budget-friendly option for commuters
2025-05-17 03:53:10,825 - ContentCollector - ERROR - Content extraction error for https://thehill.com/regulation/transportation/5304295-uber-budget-friendly-option/: Article `download()` failed with 403 Client Error: Forbidden for url: https://thehill.com/regulation/transportation/5304295-uber-budget-friendly-option/ on URL https://thehill.com/regulation/transportation/5304295-uber-budget-friendly-option/
2025-05-17 03:53:10,825 - ContentCollector - WARNING - Failed to extract valid content for: Uber introducing budget-friendly option for commuters
2025-05-17 03:53:10,825 - ContentCollector - INFO - Fetching article: Judge upholds Iowa restrictions on gender identity, sexual orientation teaching
2025-05-17 03:53:10,881 - ContentCollector - ERROR - Content extraction error for https://thehill.com/homenews/lgbtq/5304084-iowa-schools-gender-identity-sexual-orientation-judge/: Article `download()` failed with 403 Client Error: Forbidden for url: https://thehill.com/homenews/lgbtq/5304084-iowa-schools-gender-identity-sexual-orientation-judge/ on URL https://thehill.com/homenews/lgbtq/5304084-iowa-schools-gender-identity-sexual-orientation-judge/
2025-05-17 03:53:10,882 - ContentCollector - WARNING - Failed to extract valid content for: Judge upholds Iowa restrictions on gender identity, sexual orientation teaching
2025-05-17 03:53:10,882 - ContentCollector - INFO - Fetching article: The true value of veterans benefits to America
2025-05-17 03:53:10,941 - ContentCollector - ERROR - Content extraction error for https://thehill.com/opinion/5302943-va-restructuring-aimed-at-inefficiencies/: Article `download()` failed with 403 Client Error: Forbidden for url: https://thehill.com/opinion/5302943-va-restructuring-aimed-at-inefficiencies/ on URL https://thehill.com/opinion/5302943-va-restructuring-aimed-at-inefficiencies/
2025-05-17 03:53:10,942 - ContentCollector - WARNING - Failed to extract valid content for: The true value of veterans benefits to America
2025-05-17 03:53:10,942 - ContentCollector - INFO - Fetching article: When it comes to reconciliation, there is no House versus Senate
2025-05-17 03:53:10,997 - ContentCollector - ERROR - Content extraction error for https://thehill.com/opinion/congress-blog/5302167-reconciliation-process-house-senate/: Article `download()` failed with 403 Client Error: Forbidden for url: https://thehill.com/opinion/congress-blog/5302167-reconciliation-process-house-senate/ on URL https://thehill.com/opinion/congress-blog/5302167-reconciliation-process-house-senate/
2025-05-17 03:53:10,997 - ContentCollector - WARNING - Failed to extract valid content for: When it comes to reconciliation, there is no House versus Senate
2025-05-17 03:53:10,998 - ContentCollector - INFO - Fetching article: Ex-SSA Commissioner Martin O’Malley violated Hatch Act, watchdog finds
2025-05-17 03:53:11,055 - ContentCollector - ERROR - Content extraction error for https://thehill.com/homenews/administration/5304234-martin-omalley-ssa-hatch-act/: Article `download()` failed with 403 Client Error: Forbidden for url: https://thehill.com/homenews/administration/5304234-martin-omalley-ssa-hatch-act/ on URL https://thehill.com/homenews/administration/5304234-martin-omalley-ssa-hatch-act/
2025-05-17 03:53:11,055 - ContentCollector - WARNING - Failed to extract valid content for: Ex-SSA Commissioner Martin O’Malley violated Hatch Act, watchdog finds
2025-05-17 03:53:11,055 - ContentCollector - INFO - Fetching article: Bad blood: Trump takes new swipe at Taylor Swift
2025-05-17 03:53:11,121 - ContentCollector - ERROR - Content extraction error for https://thehill.com/blogs/in-the-know/5304219-trump-taylor-swift-eras-tour-bad-blood/: Article `download()` failed with 403 Client Error: Forbidden for url: https://thehill.com/blogs/in-the-know/5304219-trump-taylor-swift-eras-tour-bad-blood/ on URL https://thehill.com/blogs/in-the-know/5304219-trump-taylor-swift-eras-tour-bad-blood/
2025-05-17 03:53:11,121 - ContentCollector - WARNING - Failed to extract valid content for: Bad blood: Trump takes new swipe at Taylor Swift
2025-05-17 03:53:11,121 - ContentCollector - INFO - Fetching article: Democrats warn Trump tariffs harming national security interests
2025-05-17 03:53:11,179 - ContentCollector - ERROR - Content extraction error for https://thehill.com/homenews/senate/5304207-democrat-senators-trump-tariffs-national-security/: Article `download()` failed with 403 Client Error: Forbidden for url: https://thehill.com/homenews/senate/5304207-democrat-senators-trump-tariffs-national-security/ on URL https://thehill.com/homenews/senate/5304207-democrat-senators-trump-tariffs-national-security/
2025-05-17 03:53:11,180 - ContentCollector - WARNING - Failed to extract valid content for: Democrats warn Trump tariffs harming national security interests
2025-05-17 03:53:11,180 - ContentCollector - INFO - Fetching article: Trump hits back at Springsteen: ‘Never liked his music’
2025-05-17 03:53:11,236 - ContentCollector - ERROR - Content extraction error for https://thehill.com/blogs/in-the-know/5303955-trump-bruce-springsteen-tour/: Article `download()` failed with 403 Client Error: Forbidden for url: https://thehill.com/blogs/in-the-know/5303955-trump-bruce-springsteen-tour/ on URL https://thehill.com/blogs/in-the-know/5303955-trump-bruce-springsteen-tour/
2025-05-17 03:53:11,236 - ContentCollector - WARNING - Failed to extract valid content for: Trump hits back at Springsteen: ‘Never liked his music’
2025-05-17 03:53:11,236 - ContentCollector - INFO - Fetching article: Live updates: Trump ‘big, beautiful bill’ blocked in Budget Committee
2025-05-17 03:53:11,294 - ContentCollector - ERROR - Content extraction error for https://thehill.com/homenews/administration/trump-the-next-100-days/5303227-live-updates-trump-bill-taxes-medicaid-budget-committee/: Article `download()` failed with 403 Client Error: Forbidden for url: https://thehill.com/homenews/administration/trump-the-next-100-days/5303227-live-updates-trump-bill-taxes-medicaid-budget-committee/ on URL https://thehill.com/homenews/administration/trump-the-next-100-days/5303227-live-updates-trump-bill-taxes-medicaid-budget-committee/
2025-05-17 03:53:11,295 - ContentCollector - WARNING - Failed to extract valid content for: Live updates: Trump ‘big, beautiful bill’ blocked in Budget Committee
2025-05-17 03:53:11,295 - ContentCollector - INFO - Fetching article: GOP fiscal hawks sink key vote on Trump ‘big, beautiful bill’
2025-05-17 03:53:11,351 - ContentCollector - ERROR - Content extraction error for https://thehill.com/homenews/house/5304115-gop-budget-committee-trump-bill-vote/: Article `download()` failed with 403 Client Error: Forbidden for url: https://thehill.com/homenews/house/5304115-gop-budget-committee-trump-bill-vote/ on URL https://thehill.com/homenews/house/5304115-gop-budget-committee-trump-bill-vote/
2025-05-17 03:53:11,351 - ContentCollector - WARNING - Failed to extract valid content for: GOP fiscal hawks sink key vote on Trump ‘big, beautiful bill’
2025-05-17 03:53:11,351 - ContentCollector - INFO - Fetching article: DOJ investigating Harvard over admissions policy compliance
2025-05-17 03:53:11,406 - ContentCollector - ERROR - Content extraction error for https://thehill.com/homenews/education/5304091-harvard-admission-policies-investigated/: Article `download()` failed with 403 Client Error: Forbidden for url: https://thehill.com/homenews/education/5304091-harvard-admission-policies-investigated/ on URL https://thehill.com/homenews/education/5304091-harvard-admission-policies-investigated/
2025-05-17 03:53:11,407 - ContentCollector - WARNING - Failed to extract valid content for: DOJ investigating Harvard over admissions policy compliance
2025-05-17 03:53:11,407 - ContentCollector - INFO - Fetching article: Trump promised to end HIV by 2030 — we can’t turn back now
2025-05-17 03:53:11,464 - ContentCollector - ERROR - Content extraction error for https://thehill.com/opinion/healthcare/5302965-trump-hiv-endemic-goal/: Article `download()` failed with 403 Client Error: Forbidden for url: https://thehill.com/opinion/healthcare/5302965-trump-hiv-endemic-goal/ on URL https://thehill.com/opinion/healthcare/5302965-trump-hiv-endemic-goal/
2025-05-17 03:53:11,465 - ContentCollector - WARNING - Failed to extract valid content for: Trump promised to end HIV by 2030 — we can’t turn back now
2025-05-17 03:53:11,465 - ContentCollector - INFO - Fetching article: Democrats call for hearing on Abrego Garcia deportation
2025-05-17 03:53:11,517 - ContentCollector - ERROR - Content extraction error for https://thehill.com/homenews/senate/5304080-democrats-grassley-abrego-garcia-case/: Article `download()` failed with 403 Client Error: Forbidden for url: https://thehill.com/homenews/senate/5304080-democrats-grassley-abrego-garcia-case/ on URL https://thehill.com/homenews/senate/5304080-democrats-grassley-abrego-garcia-case/
2025-05-17 03:53:11,518 - ContentCollector - WARNING - Failed to extract valid content for: Democrats call for hearing on Abrego Garcia deportation
2025-05-17 03:53:11,518 - ContentCollector - INFO - Fetching article: O’Rourke: Biden ‘failed this country in the most important job that he had’
2025-05-17 03:53:11,575 - ContentCollector - ERROR - Content extraction error for https://thehill.com/homenews/administration/5303986-beto-o-rourke-criticizes-biden-relection-bid/: Article `download()` failed with 403 Client Error: Forbidden for url: https://thehill.com/homenews/administration/5303986-beto-o-rourke-criticizes-biden-relection-bid/ on URL https://thehill.com/homenews/administration/5303986-beto-o-rourke-criticizes-biden-relection-bid/
2025-05-17 03:53:11,575 - ContentCollector - WARNING - Failed to extract valid content for: O’Rourke: Biden ‘failed this country in the most important job that he had’
2025-05-17 03:53:11,576 - ContentCollector - INFO - Fetching article: USAID whistleblower to Congress: Don’t rubberstamp DOGE’s destruction
2025-05-17 03:53:11,647 - ContentCollector - ERROR - Content extraction error for https://thehill.com/opinion/white-house/5303022-usaid-whistleblower-to-congress-dont-rubberstamp-doges-destruction/: Article `download()` failed with 403 Client Error: Forbidden for url: https://thehill.com/opinion/white-house/5303022-usaid-whistleblower-to-congress-dont-rubberstamp-doges-destruction/ on URL https://thehill.com/opinion/white-house/5303022-usaid-whistleblower-to-congress-dont-rubberstamp-doges-destruction/
2025-05-17 03:53:11,651 - ContentCollector - WARNING - Failed to extract valid content for: USAID whistleblower to Congress: Don’t rubberstamp DOGE’s destruction
2025-05-17 03:53:11,651 - ContentCollector - INFO - Fetching article: Trump military parade costs could hit $45M
2025-05-17 03:53:11,726 - ContentCollector - ERROR - Content extraction error for https://thehill.com/policy/defense/5304015-trump-military-parade-washington-cost/: Article `download()` failed with 403 Client Error: Forbidden for url: https://thehill.com/policy/defense/5304015-trump-military-parade-washington-cost/ on URL https://thehill.com/policy/defense/5304015-trump-military-parade-washington-cost/
2025-05-17 03:53:11,728 - ContentCollector - WARNING - Failed to extract valid content for: Trump military parade costs could hit $45M
2025-05-17 03:53:11,728 - ContentCollector - INFO - Fetching article: X user charged with threatening South Carolina public official: Law enforcement
2025-05-17 03:53:11,795 - ContentCollector - ERROR - Content extraction error for https://thehill.com/homenews/5303990-x-user-arrested-nancy-mace-threat/: Article `download()` failed with 403 Client Error: Forbidden for url: https://thehill.com/homenews/5303990-x-user-arrested-nancy-mace-threat/ on URL https://thehill.com/homenews/5303990-x-user-arrested-nancy-mace-threat/
2025-05-17 03:53:11,796 - ContentCollector - WARNING - Failed to extract valid content for: X user charged with threatening South Carolina public official: Law enforcement
2025-05-17 03:53:11,796 - ContentCollector - INFO - Fetching article: Melania Trump statue in Slovenia sawed off, stolen: Police
2025-05-17 03:53:11,857 - ContentCollector - ERROR - Content extraction error for https://thehill.com/homenews/5304013-melania-trump-statue-slovenia/: Article `download()` failed with 403 Client Error: Forbidden for url: https://thehill.com/homenews/5304013-melania-trump-statue-slovenia/ on URL https://thehill.com/homenews/5304013-melania-trump-statue-slovenia/
2025-05-17 03:53:11,857 - ContentCollector - WARNING - Failed to extract valid content for: Melania Trump statue in Slovenia sawed off, stolen: Police
2025-05-17 03:53:11,857 - ContentCollector - INFO - Fetching article: Trump signs AI data center agreement with UAE
2025-05-17 03:53:11,916 - ContentCollector - ERROR - Content extraction error for https://thehill.com/policy/technology/5303724-trump-administration-uae-ai-data-center/: Article `download()` failed with 403 Client Error: Forbidden for url: https://thehill.com/policy/technology/5303724-trump-administration-uae-ai-data-center/ on URL https://thehill.com/policy/technology/5303724-trump-administration-uae-ai-data-center/
2025-05-17 03:53:11,916 - ContentCollector - WARNING - Failed to extract valid content for: Trump signs AI data center agreement with UAE
2025-05-17 03:53:11,917 - ContentCollector - INFO - Fetching article: Congress must prioritize emergency readiness over industry gridlock
2025-05-17 03:53:11,970 - ContentCollector - ERROR - Content extraction error for https://thehill.com/opinion/congress-blog/5302708-congress-must-prioritize-emergency-readiness-over-industry-gridlock/: Article `download()` failed with 403 Client Error: Forbidden for url: https://thehill.com/opinion/congress-blog/5302708-congress-must-prioritize-emergency-readiness-over-industry-gridlock/ on URL https://thehill.com/opinion/congress-blog/5302708-congress-must-prioritize-emergency-readiness-over-industry-gridlock/
2025-05-17 03:53:11,971 - ContentCollector - WARNING - Failed to extract valid content for: Congress must prioritize emergency readiness over industry gridlock
2025-05-17 03:53:11,971 - ContentCollector - INFO - Fetching article: GOP senator: Fetterman ‘cognitively better today’ than ‘when he first came in’
2025-05-17 03:53:12,022 - ContentCollector - ERROR - Content extraction error for https://thehill.com/homenews/senate/5303932-fetterman-democrats-clash-over-mental-health/: Article `download()` failed with 403 Client Error: Forbidden for url: https://thehill.com/homenews/senate/5303932-fetterman-democrats-clash-over-mental-health/ on URL https://thehill.com/homenews/senate/5303932-fetterman-democrats-clash-over-mental-health/
2025-05-17 03:53:12,022 - ContentCollector - WARNING - Failed to extract valid content for: GOP senator: Fetterman ‘cognitively better today’ than ‘when he first came in’
2025-05-17 03:53:12,022 - ContentCollector - INFO - Fetching article: Men are more likely than women to die of ‘broken heart syndrome’: Study
2025-05-17 03:53:12,076 - ContentCollector - ERROR - Content extraction error for https://thehill.com/policy/healthcare/5303587-broken-heart-synodrome-deaths-study/: Article `download()` failed with 403 Client Error: Forbidden for url: https://thehill.com/policy/healthcare/5303587-broken-heart-synodrome-deaths-study/ on URL https://thehill.com/policy/healthcare/5303587-broken-heart-synodrome-deaths-study/
2025-05-17 03:53:12,076 - ContentCollector - WARNING - Failed to extract valid content for: Men are more likely than women to die of ‘broken heart syndrome’: Study
2025-05-17 03:53:12,076 - ContentCollector - INFO - Fetching article: Corporation for Public Broadcasting moves to block Trump firings
2025-05-17 03:53:12,134 - ContentCollector - ERROR - Content extraction error for https://thehill.com/homenews/media/5303820-corporation-for-public-broadcasting-donald-trump-firings/: Article `download()` failed with 403 Client Error: Forbidden for url: https://thehill.com/homenews/media/5303820-corporation-for-public-broadcasting-donald-trump-firings/ on URL https://thehill.com/homenews/media/5303820-corporation-for-public-broadcasting-donald-trump-firings/
2025-05-17 03:53:12,134 - ContentCollector - WARNING - Failed to extract valid content for: Corporation for Public Broadcasting moves to block Trump firings
2025-05-17 03:53:12,134 - ContentCollector - INFO - Fetching article: Ocasio-Cortez: No DOJ response on potential investigation for migrant briefing
2025-05-17 03:53:12,191 - ContentCollector - ERROR - Content extraction error for https://thehill.com/homenews/house/5303799-ocasio-cortez-demands-response-over-migrant-webinar/: Article `download()` failed with 403 Client Error: Forbidden for url: https://thehill.com/homenews/house/5303799-ocasio-cortez-demands-response-over-migrant-webinar/ on URL https://thehill.com/homenews/house/5303799-ocasio-cortez-demands-response-over-migrant-webinar/
2025-05-17 03:53:12,191 - ContentCollector - WARNING - Failed to extract valid content for: Ocasio-Cortez: No DOJ response on potential investigation for migrant briefing
2025-05-17 03:53:12,191 - ContentCollector - INFO - Fetching article: Meta asks judge to toss FTC case
2025-05-17 03:53:12,252 - ContentCollector - ERROR - Content extraction error for https://thehill.com/policy/technology/5303812-meta-urges-federal-judge-to-dismiss-ftc-case/: Article `download()` failed with 403 Client Error: Forbidden for url: https://thehill.com/policy/technology/5303812-meta-urges-federal-judge-to-dismiss-ftc-case/ on URL https://thehill.com/policy/technology/5303812-meta-urges-federal-judge-to-dismiss-ftc-case/
2025-05-17 03:53:12,252 - ContentCollector - WARNING - Failed to extract valid content for: Meta asks judge to toss FTC case
2025-05-17 03:53:12,252 - ContentCollector - INFO - Fetching article: Trump is killing the science that powers our future — California must act to save itself
2025-05-17 03:53:12,308 - ContentCollector - ERROR - Content extraction error for https://thehill.com/opinion/technology/5302379-cdc-data-blackout-california/: Article `download()` failed with 403 Client Error: Forbidden for url: https://thehill.com/opinion/technology/5302379-cdc-data-blackout-california/ on URL https://thehill.com/opinion/technology/5302379-cdc-data-blackout-california/
2025-05-17 03:53:12,308 - ContentCollector - WARNING - Failed to extract valid content for: Trump is killing the science that powers our future — California must act to save itself
2025-05-17 03:53:12,308 - ContentCollector - INFO - Fetching article: Trump hits GOP ‘grandstanders,’ urges party to pass ‘big, beautiful bill’
2025-05-17 03:53:12,361 - ContentCollector - ERROR - Content extraction error for https://thehill.com/homenews/administration/5303809-trump-urges-republicans-reconciliation-bill/: Article `download()` failed with 403 Client Error: Forbidden for url: https://thehill.com/homenews/administration/5303809-trump-urges-republicans-reconciliation-bill/ on URL https://thehill.com/homenews/administration/5303809-trump-urges-republicans-reconciliation-bill/
2025-05-17 03:53:12,361 - ContentCollector - WARNING - Failed to extract valid content for: Trump hits GOP ‘grandstanders,’ urges party to pass ‘big, beautiful bill’
2025-05-17 03:53:12,361 - ContentCollector - INFO - Fetching article: Russians, Ukrainians meet in Turkey for first peace talks in years
2025-05-17 03:53:12,415 - ContentCollector - ERROR - Content extraction error for https://thehill.com/policy/international/5303748-russia-ukraine-peace-talks-turkey/: Article `download()` failed with 403 Client Error: Forbidden for url: https://thehill.com/policy/international/5303748-russia-ukraine-peace-talks-turkey/ on URL https://thehill.com/policy/international/5303748-russia-ukraine-peace-talks-turkey/
2025-05-17 03:53:12,415 - ContentCollector - WARNING - Failed to extract valid content for: Russians, Ukrainians meet in Turkey for first peace talks in years
2025-05-17 03:53:12,415 - ContentCollector - INFO - Fetching article: DHS mulls reality show for immigrants seeking US citizenship
2025-05-17 03:53:12,480 - ContentCollector - ERROR - Content extraction error for https://thehill.com/policy/national-security/5303753-dhs-reality-tv-show-immigrants-us-citizenship-kristi-noem-southern-border/: Article `download()` failed with 403 Client Error: Forbidden for url: https://thehill.com/policy/national-security/5303753-dhs-reality-tv-show-immigrants-us-citizenship-kristi-noem-southern-border/ on URL https://thehill.com/policy/national-security/5303753-dhs-reality-tv-show-immigrants-us-citizenship-kristi-noem-southern-border/
2025-05-17 03:53:12,480 - ContentCollector - WARNING - Failed to extract valid content for: DHS mulls reality show for immigrants seeking US citizenship
2025-05-17 03:53:12,480 - ContentCollector - INFO - Fetching article: Did Pakistan just win against India?
2025-05-17 03:53:12,543 - ContentCollector - ERROR - Content extraction error for https://thehill.com/opinion/international/5302672-did-pakistan-win/: Article `download()` failed with 403 Client Error: Forbidden for url: https://thehill.com/opinion/international/5302672-did-pakistan-win/ on URL https://thehill.com/opinion/international/5302672-did-pakistan-win/
2025-05-17 03:53:12,543 - ContentCollector - WARNING - Failed to extract valid content for: Did Pakistan just win against India?
2025-05-17 03:53:12,544 - ContentCollector - INFO - Fetching article: Trump: Iran has to ‘move quickly’ on new nuclear deal proposal
2025-05-17 03:53:12,596 - ContentCollector - ERROR - Content extraction error for https://thehill.com/homenews/administration/5303689-donald-trump-iran-nuclear-deal-proposal/: Article `download()` failed with 403 Client Error: Forbidden for url: https://thehill.com/homenews/administration/5303689-donald-trump-iran-nuclear-deal-proposal/ on URL https://thehill.com/homenews/administration/5303689-donald-trump-iran-nuclear-deal-proposal/
2025-05-17 03:53:12,597 - ContentCollector - WARNING - Failed to extract valid content for: Trump: Iran has to ‘move quickly’ on new nuclear deal proposal
2025-05-17 03:53:12,597 - ContentCollector - INFO - Fetching article: Gutfeld knocks Springsteen for Trump criticism in UK
2025-05-17 03:53:12,652 - ContentCollector - ERROR - Content extraction error for https://thehill.com/homenews/media/5303615-greg-gutfeld-bruce-springsteen-donald-trump-criticism/: Article `download()` failed with 403 Client Error: Forbidden for url: https://thehill.com/homenews/media/5303615-greg-gutfeld-bruce-springsteen-donald-trump-criticism/ on URL https://thehill.com/homenews/media/5303615-greg-gutfeld-bruce-springsteen-donald-trump-criticism/
2025-05-17 03:53:12,652 - ContentCollector - WARNING - Failed to extract valid content for: Gutfeld knocks Springsteen for Trump criticism in UK
2025-05-17 03:53:12,652 - ContentCollector - INFO - Fetching article: Air traffic modernization is decades overdue, but Trump is finally going to get it done
2025-05-17 03:53:12,709 - ContentCollector - ERROR - Content extraction error for https://thehill.com/opinion/white-house/5302149-air-traffic-modernization-is-decades-overdue-but-trump-is-finally-going-to-get-it-done/: Article `download()` failed with 403 Client Error: Forbidden for url: https://thehill.com/opinion/white-house/5302149-air-traffic-modernization-is-decades-overdue-but-trump-is-finally-going-to-get-it-done/ on URL https://thehill.com/opinion/white-house/5302149-air-traffic-modernization-is-decades-overdue-but-trump-is-finally-going-to-get-it-done/
2025-05-17 03:53:12,709 - ContentCollector - WARNING - Failed to extract valid content for: Air traffic modernization is decades overdue, but Trump is finally going to get it done
2025-05-17 03:53:12,709 - ContentCollector - INFO - Fetching article: Trump: Comey post ‘meant assassination’
2025-05-17 03:53:12,765 - ContentCollector - ERROR - Content extraction error for https://thehill.com/homenews/administration/5303642-donald-trump-james-comey-instagram-post-8647/: Article `download()` failed with 403 Client Error: Forbidden for url: https://thehill.com/homenews/administration/5303642-donald-trump-james-comey-instagram-post-8647/ on URL https://thehill.com/homenews/administration/5303642-donald-trump-james-comey-instagram-post-8647/
2025-05-17 03:53:12,765 - ContentCollector - WARNING - Failed to extract valid content for: Trump: Comey post ‘meant assassination’
2025-05-17 03:53:12,765 - ContentCollector - INFO - Fetching article: NJ Transit train engineers strike, affecting 350K commuters
2025-05-17 03:53:12,823 - ContentCollector - ERROR - Content extraction error for https://thehill.com/homenews/state-watch/5303622-nj-transit-strike/: Article `download()` failed with 403 Client Error: Forbidden for url: https://thehill.com/homenews/state-watch/5303622-nj-transit-strike/ on URL https://thehill.com/homenews/state-watch/5303622-nj-transit-strike/
2025-05-17 03:53:12,823 - ContentCollector - WARNING - Failed to extract valid content for: NJ Transit train engineers strike, affecting 350K commuters
2025-05-17 03:53:12,823 - ContentCollector - INFO - Fetching article: Cleanup underway after strong storms rip through West Michigan
2025-05-17 03:53:12,880 - ContentCollector - ERROR - Content extraction error for https://thehill.com/homenews/state-watch/5303643-clean-up-begins-after-strong-storms-rip-through-west-michigan/: Article `download()` failed with 403 Client Error: Forbidden for url: https://thehill.com/homenews/state-watch/5303643-clean-up-begins-after-strong-storms-rip-through-west-michigan/ on URL https://thehill.com/homenews/state-watch/5303643-clean-up-begins-after-strong-storms-rip-through-west-michigan/
2025-05-17 03:53:12,881 - ContentCollector - WARNING - Failed to extract valid content for: Cleanup underway after strong storms rip through West Michigan
2025-05-17 03:53:12,881 - ContentCollector - INFO - Fetching article: Trump administration fires almost 600 Voice of America employees
2025-05-17 03:53:12,937 - ContentCollector - ERROR - Content extraction error for https://thehill.com/homenews/media/5303591-donald-trump-voa-600-employees-fired/: Article `download()` failed with 403 Client Error: Forbidden for url: https://thehill.com/homenews/media/5303591-donald-trump-voa-600-employees-fired/ on URL https://thehill.com/homenews/media/5303591-donald-trump-voa-600-employees-fired/
2025-05-17 03:53:12,937 - ContentCollector - WARNING - Failed to extract valid content for: Trump administration fires almost 600 Voice of America employees
2025-05-17 03:53:12,937 - ContentCollector - INFO - Fetching article: Majority of Americans say corporate influence in government threatens democracy
2025-05-17 03:53:12,987 - ContentCollector - ERROR - Content extraction error for https://thehill.com/lobbying/5303944-tech-ceos-trump-inauguration/: Article `download()` failed with 403 Client Error: Forbidden for url: https://thehill.com/lobbying/5303944-tech-ceos-trump-inauguration/ on URL https://thehill.com/lobbying/5303944-tech-ceos-trump-inauguration/
2025-05-17 03:53:12,987 - ContentCollector - WARNING - Failed to extract valid content for: Majority of Americans say corporate influence in government threatens democracy
2025-05-17 03:53:12,987 - ContentCollector - INFO - Fetching article: Trump seeks a return to America’s racist roots — and he’s moving fast
2025-05-17 03:53:13,046 - ContentCollector - ERROR - Content extraction error for https://thehill.com/opinion/civil-rights/5302561-trump-administration-diversity-equity-inclusion/: Article `download()` failed with 403 Client Error: Forbidden for url: https://thehill.com/opinion/civil-rights/5302561-trump-administration-diversity-equity-inclusion/ on URL https://thehill.com/opinion/civil-rights/5302561-trump-administration-diversity-equity-inclusion/
2025-05-17 03:53:13,046 - ContentCollector - WARNING - Failed to extract valid content for: Trump seeks a return to America’s racist roots — and he’s moving fast
2025-05-17 03:53:13,046 - ContentCollector - INFO - Fetching article: Watch: House Budget Committee considers Trump’s legislative agenda
2025-05-17 03:53:13,108 - ContentCollector - ERROR - Content extraction error for https://thehill.com/video-clips/5303529-watch-live-house-budget-committee-markup-reconciliation-bill/: Article `download()` failed with 403 Client Error: Forbidden for url: https://thehill.com/video-clips/5303529-watch-live-house-budget-committee-markup-reconciliation-bill/ on URL https://thehill.com/video-clips/5303529-watch-live-house-budget-committee-markup-reconciliation-bill/
2025-05-17 03:53:13,109 - ContentCollector - WARNING - Failed to extract valid content for: Watch: House Budget Committee considers Trump’s legislative agenda
2025-05-17 03:53:13,109 - ContentCollector - INFO - Fetching article: DOGE isn’t meeting its goals — you can thank the political establishment
2025-05-17 03:53:13,168 - ContentCollector - ERROR - Content extraction error for https://thehill.com/opinion/white-house/5302937-doge-musk-spending-reforms-fail/: Article `download()` failed with 403 Client Error: Forbidden for url: https://thehill.com/opinion/white-house/5302937-doge-musk-spending-reforms-fail/ on URL https://thehill.com/opinion/white-house/5302937-doge-musk-spending-reforms-fail/
2025-05-17 03:53:13,168 - ContentCollector - WARNING - Failed to extract valid content for: DOGE isn’t meeting its goals — you can thank the political establishment
2025-05-17 03:53:13,168 - ContentCollector - INFO - Fetching article: Texas AG investigating General Mills over ‘healthy’ cereal claims
2025-05-17 03:53:13,222 - ContentCollector - ERROR - Content extraction error for https://thehill.com/homenews/state-watch/5303491-texas-ken-paxton-investigation-general-mills-cereal/: Article `download()` failed with 403 Client Error: Forbidden for url: https://thehill.com/homenews/state-watch/5303491-texas-ken-paxton-investigation-general-mills-cereal/ on URL https://thehill.com/homenews/state-watch/5303491-texas-ken-paxton-investigation-general-mills-cereal/
2025-05-17 03:53:13,222 - ContentCollector - WARNING - Failed to extract valid content for: Texas AG investigating General Mills over ‘healthy’ cereal claims
2025-05-17 03:53:13,223 - ContentCollector - INFO - Fetching article: Trump: Democrats ‘playing the ref’ with Supreme Court on birthright citizenship
2025-05-17 03:53:13,273 - ContentCollector - ERROR - Content extraction error for https://thehill.com/homenews/administration/5303541-trump-birthright-citizenship-supreme-court/: Article `download()` failed with 403 Client Error: Forbidden for url: https://thehill.com/homenews/administration/5303541-trump-birthright-citizenship-supreme-court/ on URL https://thehill.com/homenews/administration/5303541-trump-birthright-citizenship-supreme-court/
2025-05-17 03:53:13,273 - ContentCollector - WARNING - Failed to extract valid content for: Trump: Democrats ‘playing the ref’ with Supreme Court on birthright citizenship
2025-05-17 03:53:13,273 - ContentCollector - INFO - Fetching article: Trump says he’ll meet Putin ‘as soon as we can set it up’
2025-05-17 03:53:13,334 - ContentCollector - ERROR - Content extraction error for https://thehill.com/policy/international/5303501-trump-says-hell-meet-putin-as-soon-as-we-can-set-it-up/: Article `download()` failed with 403 Client Error: Forbidden for url: https://thehill.com/policy/international/5303501-trump-says-hell-meet-putin-as-soon-as-we-can-set-it-up/ on URL https://thehill.com/policy/international/5303501-trump-says-hell-meet-putin-as-soon-as-we-can-set-it-up/
2025-05-17 03:53:13,334 - ContentCollector - WARNING - Failed to extract valid content for: Trump says he’ll meet Putin ‘as soon as we can set it up’
2025-05-17 03:53:13,335 - ContentCollector - INFO - Fetching article: Whole Hog Politics: Reality bites Republicans’ budget happy talk
2025-05-17 03:53:13,386 - ContentCollector - ERROR - Content extraction error for https://thehill.com/newsletters/whole-hog-politics/5302884-trump-budget-populism-legislation/: Article `download()` failed with 403 Client Error: Forbidden for url: https://thehill.com/newsletters/whole-hog-politics/5302884-trump-budget-populism-legislation/ on URL https://thehill.com/newsletters/whole-hog-politics/5302884-trump-budget-populism-legislation/
2025-05-17 03:53:13,386 - ContentCollector - WARNING - Failed to extract valid content for: Whole Hog Politics: Reality bites Republicans’ budget happy talk
2025-05-17 03:53:13,386 - ContentCollector - INFO - Fetching article: The actual cost of a US ‘Golden Dome’ could be staggering
2025-05-17 03:53:13,473 - ContentCollector - ERROR - Content extraction error for https://thehill.com/opinion/national-security/5302275-the-actual-cost-of-a-golden-dome-for-america-could-be-staggering/: Article `download()` failed with 403 Client Error: Forbidden for url: https://thehill.com/opinion/national-security/5302275-the-actual-cost-of-a-golden-dome-for-america-could-be-staggering/ on URL https://thehill.com/opinion/national-security/5302275-the-actual-cost-of-a-golden-dome-for-america-could-be-staggering/
2025-05-17 03:53:13,473 - ContentCollector - WARNING - Failed to extract valid content for: The actual cost of a US ‘Golden Dome’ could be staggering
2025-05-17 03:53:13,474 - ContentCollector - INFO - Fetching article: Trump signals US will inform countries of new tariff rates in coming weeks
2025-05-17 03:53:13,553 - ContentCollector - ERROR - Content extraction error for https://thehill.com/business/5303496-donald-trump-new-tariff-rates-after-pause/: Article `download()` failed with 403 Client Error: Forbidden for url: https://thehill.com/business/5303496-donald-trump-new-tariff-rates-after-pause/ on URL https://thehill.com/business/5303496-donald-trump-new-tariff-rates-after-pause/
2025-05-17 03:53:13,553 - ContentCollector - WARNING - Failed to extract valid content for: Trump signals US will inform countries of new tariff rates in coming weeks
2025-05-17 03:53:13,553 - ContentCollector - INFO - Fetching article: Gabbard: Comey ‘issuing a hit’ on Trump, should be ‘put behind bars’
2025-05-17 03:53:13,607 - ContentCollector - ERROR - Content extraction error for https://thehill.com/policy/national-security/5303482-tulsi-gabbard-james-comey-instagram-post/: Article `download()` failed with 403 Client Error: Forbidden for url: https://thehill.com/policy/national-security/5303482-tulsi-gabbard-james-comey-instagram-post/ on URL https://thehill.com/policy/national-security/5303482-tulsi-gabbard-james-comey-instagram-post/
2025-05-17 03:53:13,607 - ContentCollector - WARNING - Failed to extract valid content for: Gabbard: Comey ‘issuing a hit’ on Trump, should be ‘put behind bars’
2025-05-17 03:53:13,607 - ContentCollector - INFO - Fetching article: Trump says release of audio of Hur interview with Biden up to Bondi
2025-05-17 03:53:13,664 - ContentCollector - ERROR - Content extraction error for https://thehill.com/homenews/administration/5303464-donald-trump-joe-biden-robert-hur-doj-tapes/: Article `download()` failed with 403 Client Error: Forbidden for url: https://thehill.com/homenews/administration/5303464-donald-trump-joe-biden-robert-hur-doj-tapes/ on URL https://thehill.com/homenews/administration/5303464-donald-trump-joe-biden-robert-hur-doj-tapes/
2025-05-17 03:53:13,664 - ContentCollector - WARNING - Failed to extract valid content for: Trump says release of audio of Hur interview with Biden up to Bondi
2025-05-17 03:53:13,664 - ContentCollector - INFO - Fetching article: Congress must defund Planned Parenthood
2025-05-17 03:53:13,728 - ContentCollector - ERROR - Content extraction error for https://thehill.com/opinion/congress-blog/5302148-defunding-planned-parenthood-down-syndrome/: Article `download()` failed with 403 Client Error: Forbidden for url: https://thehill.com/opinion/congress-blog/5302148-defunding-planned-parenthood-down-syndrome/ on URL https://thehill.com/opinion/congress-blog/5302148-defunding-planned-parenthood-down-syndrome/
2025-05-17 03:53:13,728 - ContentCollector - WARNING - Failed to extract valid content for: Congress must defund Planned Parenthood
2025-05-17 03:53:13,728 - ContentCollector - INFO - Fetching article: Trump touts investments as he departs Middle East
2025-05-17 03:53:13,782 - ContentCollector - ERROR - Content extraction error for https://thehill.com/homenews/administration/5303416-donald-trump-investment-middle-east-trip/: Article `download()` failed with 403 Client Error: Forbidden for url: https://thehill.com/homenews/administration/5303416-donald-trump-investment-middle-east-trip/ on URL https://thehill.com/homenews/administration/5303416-donald-trump-investment-middle-east-trip/
2025-05-17 03:53:13,783 - ContentCollector - WARNING - Failed to extract valid content for: Trump touts investments as he departs Middle East
2025-05-17 03:53:13,783 - ContentCollector - INFO - Fetching article: Vance and Rubio are auditioning daily for a 2028 audience of one
2025-05-17 03:53:13,843 - ContentCollector - ERROR - Content extraction error for https://thehill.com/opinion/campaign/5302886-vance-and-rubio-audition-daily-for-a-2028-audience-of-one/: Article `download()` failed with 403 Client Error: Forbidden for url: https://thehill.com/opinion/campaign/5302886-vance-and-rubio-audition-daily-for-a-2028-audience-of-one/ on URL https://thehill.com/opinion/campaign/5302886-vance-and-rubio-audition-daily-for-a-2028-audience-of-one/
2025-05-17 03:53:13,843 - ContentCollector - WARNING - Failed to extract valid content for: Vance and Rubio are auditioning daily for a 2028 audience of one
2025-05-17 03:53:13,843 - ContentCollector - INFO - Fetching article: Trump’s firing of FEMA director unsettles GOP senators
2025-05-17 03:53:13,900 - ContentCollector - ERROR - Content extraction error for https://thehill.com/homenews/senate/5302942-senate-republicans-criticize-fema-firing/: Article `download()` failed with 403 Client Error: Forbidden for url: https://thehill.com/homenews/senate/5302942-senate-republicans-criticize-fema-firing/ on URL https://thehill.com/homenews/senate/5302942-senate-republicans-criticize-fema-firing/
2025-05-17 03:53:13,900 - ContentCollector - WARNING - Failed to extract valid content for: Trump’s firing of FEMA director unsettles GOP senators
2025-05-17 03:53:13,900 - ContentCollector - INFO - Fetching article: The Memo: Trump’s honeymoon is over; his political resilience isn’t
2025-05-17 03:53:13,986 - ContentCollector - ERROR - Content extraction error for https://thehill.com/homenews/administration/5302957-trump-political-resilience-economy-strength/: Article `download()` failed with 403 Client Error: Forbidden for url: https://thehill.com/homenews/administration/5302957-trump-political-resilience-economy-strength/ on URL https://thehill.com/homenews/administration/5302957-trump-political-resilience-economy-strength/
2025-05-17 03:53:13,986 - ContentCollector - WARNING - Failed to extract valid content for: The Memo: Trump’s honeymoon is over; his political resilience isn’t
2025-05-17 03:53:13,986 - ContentCollector - INFO - Fetching article: GOP bill makes heavy cuts to green energy credits in its fine print
2025-05-17 03:53:14,050 - ContentCollector - ERROR - Content extraction error for https://thehill.com/policy/energy-environment/5302749-gop-budget-bill-green-energy-credits-solar-nuclear-ira/: Article `download()` failed with 403 Client Error: Forbidden for url: https://thehill.com/policy/energy-environment/5302749-gop-budget-bill-green-energy-credits-solar-nuclear-ira/ on URL https://thehill.com/policy/energy-environment/5302749-gop-budget-bill-green-energy-credits-solar-nuclear-ira/
2025-05-17 03:53:14,050 - ContentCollector - WARNING - Failed to extract valid content for: GOP bill makes heavy cuts to green energy credits in its fine print
2025-05-17 03:53:14,050 - ContentCollector - INFO - Fetching article: Lost world of Ice Age horses suggests we’re getting conservation wrong
2025-05-17 03:53:14,138 - ContentCollector - ERROR - Content extraction error for https://thehill.com/policy/energy-environment/5302459-ancient-horse-migration-climate-adaptation/: Article `download()` failed with 403 Client Error: Forbidden for url: https://thehill.com/policy/energy-environment/5302459-ancient-horse-migration-climate-adaptation/ on URL https://thehill.com/policy/energy-environment/5302459-ancient-horse-migration-climate-adaptation/
2025-05-17 03:53:14,139 - ContentCollector - WARNING - Failed to extract valid content for: Lost world of Ice Age horses suggests we’re getting conservation wrong
2025-05-17 03:53:14,139 - ContentCollector - INFO - Fetching article: Opponents raise alarm over school vouchers in GOP budget bill
2025-05-17 03:53:14,203 - ContentCollector - ERROR - Content extraction error for https://thehill.com/homenews/education/5302600-school-vouchers-school-choice-gop-budget-bill/: Article `download()` failed with 403 Client Error: Forbidden for url: https://thehill.com/homenews/education/5302600-school-vouchers-school-choice-gop-budget-bill/ on URL https://thehill.com/homenews/education/5302600-school-vouchers-school-choice-gop-budget-bill/
2025-05-17 03:53:14,203 - ContentCollector - WARNING - Failed to extract valid content for: Opponents raise alarm over school vouchers in GOP budget bill
2025-05-17 03:53:14,203 - ContentCollector - INFO - Fetching article: Boeing accelerates its momentum with win from Trump, Qatar
2025-05-17 03:53:14,258 - ContentCollector - ERROR - Content extraction error for https://thehill.com/homenews/administration/5302790-boeing-boosts-exports-trump-middle-east/: Article `download()` failed with 403 Client Error: Forbidden for url: https://thehill.com/homenews/administration/5302790-boeing-boosts-exports-trump-middle-east/ on URL https://thehill.com/homenews/administration/5302790-boeing-boosts-exports-trump-middle-east/
2025-05-17 03:53:14,259 - ContentCollector - WARNING - Failed to extract valid content for: Boeing accelerates its momentum with win from Trump, Qatar
2025-05-17 03:53:14,259 - ContentCollector - INFO - Fetching article: Schumer slams Trump for apparent deal with El Chapo’s family: ‘Roll out the red carpet’
2025-05-17 03:53:14,313 - ContentCollector - ERROR - Content extraction error for https://thehill.com/homenews/senate/5303198-schumer-slams-trump-for-apparent-deal-with-el-chapos-family-roll-out-the-red-carpet/: Article `download()` failed with 403 Client Error: Forbidden for url: https://thehill.com/homenews/senate/5303198-schumer-slams-trump-for-apparent-deal-with-el-chapos-family-roll-out-the-red-carpet/ on URL https://thehill.com/homenews/senate/5303198-schumer-slams-trump-for-apparent-deal-with-el-chapos-family-roll-out-the-red-carpet/
2025-05-17 03:53:14,313 - ContentCollector - WARNING - Failed to extract valid content for: Schumer slams Trump for apparent deal with El Chapo’s family: ‘Roll out the red carpet’
2025-05-17 03:53:14,313 - ContentCollector - INFO - Fetching article: Moskowitz criticizes NYU grad speaker over pro-Palestine speech: ‘Good luck getting a job’
2025-05-17 03:53:14,367 - ContentCollector - ERROR - Content extraction error for https://thehill.com/homenews/education/5303184-moskowitz-nyu-grad-speaker-pro-palestine-speech/: Article `download()` failed with 403 Client Error: Forbidden for url: https://thehill.com/homenews/education/5303184-moskowitz-nyu-grad-speaker-pro-palestine-speech/ on URL https://thehill.com/homenews/education/5303184-moskowitz-nyu-grad-speaker-pro-palestine-speech/
2025-05-17 03:53:14,367 - ContentCollector - WARNING - Failed to extract valid content for: Moskowitz criticizes NYU grad speaker over pro-Palestine speech: ‘Good luck getting a job’
2025-05-17 03:53:14,368 - ContentCollector - INFO - Fetching article: Rand Paul hits ‘big, beautiful bill’ as ‘slap in the face’
2025-05-17 03:53:14,434 - ContentCollector - ERROR - Content extraction error for https://thehill.com/homenews/senate/5303132-rand-paul-hits-big-beautiful-bill-as-slap-in-the-face/: Article `download()` failed with 403 Client Error: Forbidden for url: https://thehill.com/homenews/senate/5303132-rand-paul-hits-big-beautiful-bill-as-slap-in-the-face/ on URL https://thehill.com/homenews/senate/5303132-rand-paul-hits-big-beautiful-bill-as-slap-in-the-face/
2025-05-17 03:53:14,434 - ContentCollector - WARNING - Failed to extract valid content for: Rand Paul hits ‘big, beautiful bill’ as ‘slap in the face’
2025-05-17 03:53:14,434 - ContentCollector - INFO - Fetching article: Noem says DHS, Secret Service investigating Comey over alleged ‘assassination’ threat
2025-05-17 03:53:14,496 - ContentCollector - ERROR - Content extraction error for https://thehill.com/homenews/administration/5303091-noem-dhs-secret-service-investigating-comey/: Article `download()` failed with 403 Client Error: Forbidden for url: https://thehill.com/homenews/administration/5303091-noem-dhs-secret-service-investigating-comey/ on URL https://thehill.com/homenews/administration/5303091-noem-dhs-secret-service-investigating-comey/
2025-05-17 03:53:14,497 - ContentCollector - WARNING - Failed to extract valid content for: Noem says DHS, Secret Service investigating Comey over alleged ‘assassination’ threat
2025-05-17 03:53:14,497 - ContentCollector - INFO - Fetching article: DHS wants 20,000 National Guard troops to help with immigration crackdown
2025-05-17 03:53:14,553 - ContentCollector - ERROR - Content extraction error for https://thehill.com/homenews/5303081-dhs-wants-20000-national-guard-troops-to-help-with-immigration-crackdown/: Article `download()` failed with 403 Client Error: Forbidden for url: https://thehill.com/homenews/5303081-dhs-wants-20000-national-guard-troops-to-help-with-immigration-crackdown/ on URL https://thehill.com/homenews/5303081-dhs-wants-20000-national-guard-troops-to-help-with-immigration-crackdown/
2025-05-17 03:53:14,553 - ContentCollector - WARNING - Failed to extract valid content for: DHS wants 20,000 National Guard troops to help with immigration crackdown
2025-05-17 03:53:14,553 - ContentCollector - INFO - Fetching article: Military adds gender dysphoria screening to troops’ annual physical amid transgender ban
2025-05-17 03:53:14,608 - ContentCollector - ERROR - Content extraction error for https://thehill.com/policy/defense/5303059-military-adds-gender-dysphoria-screening-to-troops-annual-physical-amid-transgender-ban/: Article `download()` failed with 403 Client Error: Forbidden for url: https://thehill.com/policy/defense/5303059-military-adds-gender-dysphoria-screening-to-troops-annual-physical-amid-transgender-ban/ on URL https://thehill.com/policy/defense/5303059-military-adds-gender-dysphoria-screening-to-troops-annual-physical-amid-transgender-ban/
2025-05-17 03:53:14,608 - ContentCollector - WARNING - Failed to extract valid content for: Military adds gender dysphoria screening to troops’ annual physical amid transgender ban
2025-05-17 03:53:14,608 - ContentCollector - INFO - Fetching article: Jake Sullivan disputes book’s claim that Biden forgot his name
2025-05-17 03:53:14,659 - ContentCollector - ERROR - Content extraction error for https://thehill.com/homenews/administration/5303046-jake-sullivan-disputes-books-claim-that-biden-forgot-his-name/: Article `download()` failed with 403 Client Error: Forbidden for url: https://thehill.com/homenews/administration/5303046-jake-sullivan-disputes-books-claim-that-biden-forgot-his-name/ on URL https://thehill.com/homenews/administration/5303046-jake-sullivan-disputes-books-claim-that-biden-forgot-his-name/
2025-05-17 03:53:14,660 - ContentCollector - WARNING - Failed to extract valid content for: Jake Sullivan disputes book’s claim that Biden forgot his name
2025-05-17 03:53:14,660 - ContentCollector - INFO - Fetching article: DHS requests 20,000 National Guard troops to help with mass deportations
2025-05-17 03:53:14,718 - ContentCollector - ERROR - Content extraction error for https://thehill.com/policy/defense/5303004-dhs-requests-20000-national-guard-troops-to-help-with-mass-deportations/: Article `download()` failed with 403 Client Error: Forbidden for url: https://thehill.com/policy/defense/5303004-dhs-requests-20000-national-guard-troops-to-help-with-mass-deportations/ on URL https://thehill.com/policy/defense/5303004-dhs-requests-20000-national-guard-troops-to-help-with-mass-deportations/
2025-05-17 03:53:14,718 - ContentCollector - WARNING - Failed to extract valid content for: DHS requests 20,000 National Guard troops to help with mass deportations
2025-05-17 03:53:14,718 - ContentCollector - INFO - Fetching article: House Democrat: DHS ‘going to come after US citizens’
2025-05-17 03:53:14,772 - ContentCollector - ERROR - Content extraction error for https://thehill.com/national-security/5302973-house-democrat-dhs-going-to-come-after-us-citizens/: Article `download()` failed with 403 Client Error: Forbidden for url: https://thehill.com/national-security/5302973-house-democrat-dhs-going-to-come-after-us-citizens/ on URL https://thehill.com/national-security/5302973-house-democrat-dhs-going-to-come-after-us-citizens/
2025-05-17 03:53:14,772 - ContentCollector - WARNING - Failed to extract valid content for: House Democrat: DHS ‘going to come after US citizens’
2025-05-17 03:53:14,772 - ContentCollector - INFO - Fetching article: Johnson says Budget Committee meeting is on for Friday, but holdouts remain
2025-05-17 03:53:14,850 - ContentCollector - ERROR - Content extraction error for https://thehill.com/homenews/house/5302966-house-budget-committee-johnson-hardline-republicans/: Article `download()` failed with 403 Client Error: Forbidden for url: https://thehill.com/homenews/house/5302966-house-budget-committee-johnson-hardline-republicans/ on URL https://thehill.com/homenews/house/5302966-house-budget-committee-johnson-hardline-republicans/
2025-05-17 03:53:14,850 - ContentCollector - WARNING - Failed to extract valid content for: Johnson says Budget Committee meeting is on for Friday, but holdouts remain
2025-05-17 03:53:14,850 - ContentCollector - INFO - Fetching article: House Democrat: ‘Obvious now’ Biden ‘was not in a condition’ to run for reelection
2025-05-17 03:53:14,904 - ContentCollector - ERROR - Content extraction error for https://thehill.com/homenews/campaign/5302861-house-democrat-obvious-now-biden-was-not-in-a-condition-to-run-for-reelection/: Article `download()` failed with 403 Client Error: Forbidden for url: https://thehill.com/homenews/campaign/5302861-house-democrat-obvious-now-biden-was-not-in-a-condition-to-run-for-reelection/ on URL https://thehill.com/homenews/campaign/5302861-house-democrat-obvious-now-biden-was-not-in-a-condition-to-run-for-reelection/
2025-05-17 03:53:14,904 - ContentCollector - WARNING - Failed to extract valid content for: House Democrat: ‘Obvious now’ Biden ‘was not in a condition’ to run for reelection
2025-05-17 03:53:14,904 - ContentCollector - INFO - Fetching article: Judge rules Mohsen Mahdawi can attend Columbia graduation
2025-05-17 03:53:14,957 - ContentCollector - ERROR - Content extraction error for https://thehill.com/homenews/education/5302820-mohsen-mahdawi-columbia-graduation-ceremony-trump-immigration-crackdown/: Article `download()` failed with 403 Client Error: Forbidden for url: https://thehill.com/homenews/education/5302820-mohsen-mahdawi-columbia-graduation-ceremony-trump-immigration-crackdown/ on URL https://thehill.com/homenews/education/5302820-mohsen-mahdawi-columbia-graduation-ceremony-trump-immigration-crackdown/
2025-05-17 03:53:14,957 - ContentCollector - WARNING - Failed to extract valid content for: Judge rules Mohsen Mahdawi can attend Columbia graduation
2025-05-17 03:53:14,958 - ContentCollector - INFO - Collecting from RSS: https://feeds.bbci.co.uk/news/world/us_and_canada/rss.xml
2025-05-17 03:53:15,243 - ContentCollector - INFO - Fetching article: Cassie Ventura tells Diddy trial she would give back $20m to undo freak-offs
2025-05-17 03:53:17,005 - ContentCollector - INFO - Collected: Cassie Ventura tells Diddy trial she would give back $20m to undo freak-offs (2122 chars)
2025-05-17 03:53:17,006 - DocumentRepository - INFO - Stored document 9bcd2b66b4022aae_1747453997 (2122 chars) with provenance
2025-05-17 03:53:17,006 - ContentCollector - INFO - Collecting from RSS: https://www.whitehouse.gov/feed/
2025-05-17 03:53:17,034 - ContentCollector - WARNING - Feed parse error for https://www.whitehouse.gov/feed/: <unknown>:2:0: syntax error
2025-05-17 03:53:17,034 - ContentCollector - INFO - Collecting from RSS: https://www.federalregister.gov/presidential-documents.rss
2025-05-17 03:53:17,139 - ContentCollector - WARNING - Feed parse error for https://www.federalregister.gov/presidential-documents.rss: <unknown>:21:4: mismatched tag
2025-05-17 03:53:17,140 - ContentCollector - INFO - Collection complete: 2 articles collected
2025-05-17 03:53:17,140 - root - INFO - Saved run date: 2025-05-17T02:41:18
2025-05-17 03:53:17,140 - root - INFO - Updated next start date to: 2025-05-17T02:41:18
