2025-05-09 13:11:18,277 - DocumentRepository - INFO - Document repository initialized at data\documents
2025-05-09 13:11:18,277 - root - INFO - No previous run date found, using Inauguration Day (Jan 20, 2025)
2025-05-09 13:11:18,277 - root - INFO - Using last run date: 2025-01-20T00:00:00
2025-05-09 13:11:18,277 - root - INFO - Starting collection at 20250509_131118
2025-05-09 13:11:18,277 - ContentCollector - INFO - Starting collection from 6 sources, limit 5
2025-05-09 13:11:18,277 - ContentCollector - INFO - Collecting from RSS: https://apnews.com/rss
2025-05-09 13:11:19,128 - ContentCollector - WARNING - Feed parse error for https://apnews.com/rss: <unknown>:318:32: not well-formed (invalid token)
2025-05-09 13:11:19,129 - ContentCollector - INFO - Collecting from RSS: https://feeds.npr.org/1001/rss.xml
2025-05-09 13:11:19,236 - ContentCollector - INFO - Fetching article: Russia marks 80th anniversary of the defeat of Nazi Germany
2025-05-09 13:11:20,909 - ContentCollector - INFO - Collected: Russia marks 80th anniversary of the defeat of Nazi Germany (2922 chars)
2025-05-09 13:11:20,910 - DocumentRepository - INFO - Stored document f8ac0921c0117319_1746814280 (2922 chars)
2025-05-09 13:11:20,910 - ContentCollector - INFO - Collecting from RSS: https://thehill.com/rss/feed/
2025-05-09 13:11:21,447 - ContentCollector - INFO - Fetching article: Whole Hog Politics: Looking for the Catholic coalition in American politics
2025-05-09 13:11:21,632 - ContentCollector - ERROR - Content extraction error for https://thehill.com/homenews/campaign/5290797-whole-hog-politics-looking-for-the-catholic-coalition-in-american-politics/: Article `download()` failed with 403 Client Error: Forbidden for url: https://thehill.com/homenews/campaign/5290797-whole-hog-politics-looking-for-the-catholic-coalition-in-american-politics/ on URL https://thehill.com/homenews/campaign/5290797-whole-hog-politics-looking-for-the-catholic-coalition-in-american-politics/
2025-05-09 13:11:21,632 - ContentCollector - WARNING - Failed to extract valid content for: Whole Hog Politics: Looking for the Catholic coalition in American politics
2025-05-09 13:11:21,632 - ContentCollector - INFO - Fetching article: What is Trump even doing any more?
2025-05-09 13:11:21,809 - ContentCollector - ERROR - Content extraction error for https://thehill.com/opinion/white-house/5289900-trump-tariffs-alcatraz-constitution-hollywood/: Article `download()` failed with 403 Client Error: Forbidden for url: https://thehill.com/opinion/white-house/5289900-trump-tariffs-alcatraz-constitution-hollywood/ on URL https://thehill.com/opinion/white-house/5289900-trump-tariffs-alcatraz-constitution-hollywood/
2025-05-09 13:11:21,809 - ContentCollector - WARNING - Failed to extract valid content for: What is Trump even doing any more?
2025-05-09 13:11:21,809 - ContentCollector - INFO - Fetching article: Pope Leo XIV celebrates first Mass at Sistine Chapel
2025-05-09 13:11:21,970 - ContentCollector - ERROR - Content extraction error for https://thehill.com/policy/international/5291791-pope-leo-xiv-celebrates-first-mass/: Article `download()` failed with 403 Client Error: Forbidden for url: https://thehill.com/policy/international/5291791-pope-leo-xiv-celebrates-first-mass/ on URL https://thehill.com/policy/international/5291791-pope-leo-xiv-celebrates-first-mass/
2025-05-09 13:11:21,970 - ContentCollector - WARNING - Failed to extract valid content for: Pope Leo XIV celebrates first Mass at Sistine Chapel
2025-05-09 13:11:21,970 - ContentCollector - INFO - Fetching article: Even without a recession, Trump’s tariffs will be painful
2025-05-09 13:11:22,100 - ContentCollector - ERROR - Content extraction error for https://thehill.com/opinion/finance/5288069-trump-tariffs-impact-on-economy/: Article `download()` failed with 403 Client Error: Forbidden for url: https://thehill.com/opinion/finance/5288069-trump-tariffs-impact-on-economy/ on URL https://thehill.com/opinion/finance/5288069-trump-tariffs-impact-on-economy/
2025-05-09 13:11:22,100 - ContentCollector - WARNING - Failed to extract valid content for: Even without a recession, Trump’s tariffs will be painful
2025-05-09 13:11:22,100 - ContentCollector - INFO - Fetching article: Do Medicare, Medicaid cover weight loss drugs? It depends
2025-05-09 13:11:22,250 - ContentCollector - ERROR - Content extraction error for https://thehill.com/policy/healthcare/5290997-medicare-medicaid-coverage-weight-loss-drugs/: Article `download()` failed with 403 Client Error: Forbidden for url: https://thehill.com/policy/healthcare/5290997-medicare-medicaid-coverage-weight-loss-drugs/ on URL https://thehill.com/policy/healthcare/5290997-medicare-medicaid-coverage-weight-loss-drugs/
2025-05-09 13:11:22,250 - ContentCollector - WARNING - Failed to extract valid content for: Do Medicare, Medicaid cover weight loss drugs? It depends
2025-05-09 13:11:22,250 - ContentCollector - INFO - Fetching article: The DEI era harmed non-white students most, yet some states won’t end it
2025-05-09 13:11:22,401 - ContentCollector - ERROR - Content extraction error for https://thehill.com/opinion/education/5289836-deia-programs-face-scrutiny/: Article `download()` failed with 403 Client Error: Forbidden for url: https://thehill.com/opinion/education/5289836-deia-programs-face-scrutiny/ on URL https://thehill.com/opinion/education/5289836-deia-programs-face-scrutiny/
2025-05-09 13:11:22,401 - ContentCollector - WARNING - Failed to extract valid content for: The DEI era harmed non-white students most, yet some states won’t end it
2025-05-09 13:11:22,401 - ContentCollector - INFO - Fetching article: Father of Wisconsin school shooter arrested, charged
2025-05-09 13:11:22,539 - ContentCollector - ERROR - Content extraction error for https://thehill.com/regulation/court-battles/5291223-father-wisconsin-school-shooter-arrested-charged/: Article `download()` failed with 403 Client Error: Forbidden for url: https://thehill.com/regulation/court-battles/5291223-father-wisconsin-school-shooter-arrested-charged/ on URL https://thehill.com/regulation/court-battles/5291223-father-wisconsin-school-shooter-arrested-charged/
2025-05-09 13:11:22,539 - ContentCollector - WARNING - Failed to extract valid content for: Father of Wisconsin school shooter arrested, charged
2025-05-09 13:11:22,539 - ContentCollector - INFO - Fetching article: 5 things to know about Trump’s UK trade pact
2025-05-09 13:11:22,682 - ContentCollector - ERROR - Content extraction error for https://thehill.com/business/5290932-trump-uk-trade-deal-ethanol-beef/: Article `download()` failed with 403 Client Error: Forbidden for url: https://thehill.com/business/5290932-trump-uk-trade-deal-ethanol-beef/ on URL https://thehill.com/business/5290932-trump-uk-trade-deal-ethanol-beef/
2025-05-09 13:11:22,682 - ContentCollector - WARNING - Failed to extract valid content for: 5 things to know about Trump’s UK trade pact
2025-05-09 13:11:22,682 - ContentCollector - INFO - Fetching article: Democrats fume over Biden’s return to spotlight
2025-05-09 13:11:22,830 - ContentCollector - ERROR - Content extraction error for https://thehill.com/homenews/campaign/5291197-biden-interview-criticism-dems/: Article `download()` failed with 403 Client Error: Forbidden for url: https://thehill.com/homenews/campaign/5291197-biden-interview-criticism-dems/ on URL https://thehill.com/homenews/campaign/5291197-biden-interview-criticism-dems/
2025-05-09 13:11:22,830 - ContentCollector - WARNING - Failed to extract valid content for: Democrats fume over Biden’s return to spotlight
2025-05-09 13:11:22,830 - ContentCollector - INFO - Fetching article: This Teacher Appreciation Week, educators are feeling threatened in new ways
2025-05-09 13:11:22,960 - ContentCollector - ERROR - Content extraction error for https://thehill.com/homenews/education/5290786-teacher-appreciation-week-dei-college-funding-texas-florida-california/: Article `download()` failed with 403 Client Error: Forbidden for url: https://thehill.com/homenews/education/5290786-teacher-appreciation-week-dei-college-funding-texas-florida-california/ on URL https://thehill.com/homenews/education/5290786-teacher-appreciation-week-dei-college-funding-texas-florida-california/
2025-05-09 13:11:22,960 - ContentCollector - WARNING - Failed to extract valid content for: This Teacher Appreciation Week, educators are feeling threatened in new ways
2025-05-09 13:11:22,960 - ContentCollector - INFO - Fetching article: Peace Corps braces for deep cuts under Trump
2025-05-09 13:11:23,108 - ContentCollector - ERROR - Content extraction error for https://thehill.com/homenews/administration/5291296-peace-corps-staffing-cuts-threaten/: Article `download()` failed with 403 Client Error: Forbidden for url: https://thehill.com/homenews/administration/5291296-peace-corps-staffing-cuts-threaten/ on URL https://thehill.com/homenews/administration/5291296-peace-corps-staffing-cuts-threaten/
2025-05-09 13:11:23,108 - ContentCollector - WARNING - Failed to extract valid content for: Peace Corps braces for deep cuts under Trump
2025-05-09 13:11:23,108 - ContentCollector - INFO - Fetching article: Trump fires librarian of Congress
2025-05-09 13:11:23,245 - ContentCollector - ERROR - Content extraction error for https://thehill.com/homenews/administration/5291597-trump-fires-librarian-of-congress/: Article `download()` failed with 403 Client Error: Forbidden for url: https://thehill.com/homenews/administration/5291597-trump-fires-librarian-of-congress/ on URL https://thehill.com/homenews/administration/5291597-trump-fires-librarian-of-congress/
2025-05-09 13:11:23,245 - ContentCollector - WARNING - Failed to extract valid content for: Trump fires librarian of Congress
2025-05-09 13:11:23,245 - ContentCollector - INFO - Fetching article: Kathleen Kennedy Townsend says Pope Leo XIV’s welcoming first speech an ‘important message at this time’
2025-05-09 13:11:23,398 - ContentCollector - ERROR - Content extraction error for https://thehill.com/policy/international/5291528-kathleen-kennedy-townsend-pope-leo-first-message/: Article `download()` failed with 403 Client Error: Forbidden for url: https://thehill.com/policy/international/5291528-kathleen-kennedy-townsend-pope-leo-first-message/ on URL https://thehill.com/policy/international/5291528-kathleen-kennedy-townsend-pope-leo-first-message/
2025-05-09 13:11:23,398 - ContentCollector - WARNING - Failed to extract valid content for: Kathleen Kennedy Townsend says Pope Leo XIV’s welcoming first speech an ‘important message at this time’
2025-05-09 13:11:23,398 - ContentCollector - INFO - Fetching article: Brother says Pope Leo XIV will likely follow Francis and look out for ‘those who don’t have a voice’
2025-05-09 13:11:23,533 - ContentCollector - ERROR - Content extraction error for https://thehill.com/blogs/blog-briefing-room/5291485-brother-pope-leo-xiv-likely-follow-francis/: Article `download()` failed with 403 Client Error: Forbidden for url: https://thehill.com/blogs/blog-briefing-room/5291485-brother-pope-leo-xiv-likely-follow-francis/ on URL https://thehill.com/blogs/blog-briefing-room/5291485-brother-pope-leo-xiv-likely-follow-francis/
2025-05-09 13:11:23,534 - ContentCollector - WARNING - Failed to extract valid content for: Brother says Pope Leo XIV will likely follow Francis and look out for ‘those who don’t have a voice’
2025-05-09 13:11:23,534 - ContentCollector - INFO - Fetching article: Vance says Powell is a ‘nice guy’ who is ‘wrong about almost everything’
2025-05-09 13:11:23,680 - ContentCollector - ERROR - Content extraction error for https://thehill.com/homenews/administration/5291493-jd-vance-jerome-powell-nice-guy-wrong-about-almost-everything/: Article `download()` failed with 403 Client Error: Forbidden for url: https://thehill.com/homenews/administration/5291493-jd-vance-jerome-powell-nice-guy-wrong-about-almost-everything/ on URL https://thehill.com/homenews/administration/5291493-jd-vance-jerome-powell-nice-guy-wrong-about-almost-everything/
2025-05-09 13:11:23,680 - ContentCollector - WARNING - Failed to extract valid content for: Vance says Powell is a ‘nice guy’ who is ‘wrong about almost everything’
2025-05-09 13:11:23,680 - ContentCollector - INFO - Fetching article: Trump’s first pick for surgeon general to still work for HHS
2025-05-09 13:11:23,822 - ContentCollector - ERROR - Content extraction error for https://thehill.com/homenews/5291460-janette-nesheiwat-to-still-work-for-hhs/: Article `download()` failed with 403 Client Error: Forbidden for url: https://thehill.com/homenews/5291460-janette-nesheiwat-to-still-work-for-hhs/ on URL https://thehill.com/homenews/5291460-janette-nesheiwat-to-still-work-for-hhs/
2025-05-09 13:11:23,822 - ContentCollector - WARNING - Failed to extract valid content for: Trump’s first pick for surgeon general to still work for HHS
2025-05-09 13:11:23,822 - ContentCollector - INFO - Fetching article: Hegseth memo sets swift timeline to get transgender troops out of military
2025-05-09 13:11:23,973 - ContentCollector - ERROR - Content extraction error for https://thehill.com/policy/defense/5291458-hegseth-timeline-transgender-troops-military/: Article `download()` failed with 403 Client Error: Forbidden for url: https://thehill.com/policy/defense/5291458-hegseth-timeline-transgender-troops-military/ on URL https://thehill.com/policy/defense/5291458-hegseth-timeline-transgender-troops-military/
2025-05-09 13:11:23,973 - ContentCollector - WARNING - Failed to extract valid content for: Hegseth memo sets swift timeline to get transgender troops out of military
2025-05-09 13:11:23,973 - ContentCollector - INFO - Fetching article: Massachusetts man charged with attempt to assassinate Cabinet member
2025-05-09 13:11:24,111 - ContentCollector - ERROR - Content extraction error for https://thehill.com/homenews/administration/5291393-massachusetts-man-charged-with-attempt-to-assassinate-cabinet-member/: Article `download()` failed with 403 Client Error: Forbidden for url: https://thehill.com/homenews/administration/5291393-massachusetts-man-charged-with-attempt-to-assassinate-cabinet-member/ on URL https://thehill.com/homenews/administration/5291393-massachusetts-man-charged-with-attempt-to-assassinate-cabinet-member/
2025-05-09 13:11:24,111 - ContentCollector - WARNING - Failed to extract valid content for: Massachusetts man charged with attempt to assassinate Cabinet member
2025-05-09 13:11:24,112 - ContentCollector - INFO - Fetching article: Trump taps Jeanine Pirro for top DC prosecutor job
2025-05-09 13:11:24,252 - ContentCollector - ERROR - Content extraction error for https://thehill.com/homenews/5291339-trump-jeanine-pirro-dc-prosecutor/: Article `download()` failed with 403 Client Error: Forbidden for url: https://thehill.com/homenews/5291339-trump-jeanine-pirro-dc-prosecutor/ on URL https://thehill.com/homenews/5291339-trump-jeanine-pirro-dc-prosecutor/
2025-05-09 13:11:24,252 - ContentCollector - WARNING - Failed to extract valid content for: Trump taps Jeanine Pirro for top DC prosecutor job
2025-05-09 13:11:24,252 - ContentCollector - INFO - Fetching article: AI leaders hit the Hill
2025-05-09 13:11:24,400 - ContentCollector - ERROR - Content extraction error for https://thehill.com/newsletters/technology/5291319-ai-leaders-hit-the-hill/: Article `download()` failed with 403 Client Error: Forbidden for url: https://thehill.com/newsletters/technology/5291319-ai-leaders-hit-the-hill/ on URL https://thehill.com/newsletters/technology/5291319-ai-leaders-hit-the-hill/
2025-05-09 13:11:24,400 - ContentCollector - WARNING - Failed to extract valid content for: AI leaders hit the Hill
2025-05-09 13:11:24,401 - ContentCollector - INFO - Fetching article: Dutch museum reevaluating art loans to US under Trump
2025-05-09 13:11:24,557 - ContentCollector - ERROR - Content extraction error for https://thehill.com/policy/international/5291277-dutch-museum-mauritshuis-art-loans-trump/: Article `download()` failed with 403 Client Error: Forbidden for url: https://thehill.com/policy/international/5291277-dutch-museum-mauritshuis-art-loans-trump/ on URL https://thehill.com/policy/international/5291277-dutch-museum-mauritshuis-art-loans-trump/
2025-05-09 13:11:24,557 - ContentCollector - WARNING - Failed to extract valid content for: Dutch museum reevaluating art loans to US under Trump
2025-05-09 13:11:24,557 - ContentCollector - INFO - Fetching article: SALT caucus rejects tax-writing panel’s offer of $30,000 deduction cap
2025-05-09 13:11:24,695 - ContentCollector - ERROR - Content extraction error for https://thehill.com/homenews/house/5291274-moderate-republicans-salt-deduction-cap/: Article `download()` failed with 403 Client Error: Forbidden for url: https://thehill.com/homenews/house/5291274-moderate-republicans-salt-deduction-cap/ on URL https://thehill.com/homenews/house/5291274-moderate-republicans-salt-deduction-cap/
2025-05-09 13:11:24,696 - ContentCollector - WARNING - Failed to extract valid content for: SALT caucus rejects tax-writing panel’s offer of $30,000 deduction cap
2025-05-09 13:11:24,696 - ContentCollector - INFO - Fetching article: Trump mulls Fox News host Jeanine Pirro for top DC prosecutor post
2025-05-09 13:11:24,841 - ContentCollector - ERROR - Content extraction error for https://thehill.com/homenews/administration/5291283-trump-considers-pirro-for-dc-prosecutor/: Article `download()` failed with 403 Client Error: Forbidden for url: https://thehill.com/homenews/administration/5291283-trump-considers-pirro-for-dc-prosecutor/ on URL https://thehill.com/homenews/administration/5291283-trump-considers-pirro-for-dc-prosecutor/
2025-05-09 13:11:24,841 - ContentCollector - WARNING - Failed to extract valid content for: Trump mulls Fox News host Jeanine Pirro for top DC prosecutor post
2025-05-09 13:11:24,841 - ContentCollector - INFO - Fetching article: Democrats urge Israel to resume Gaza humanitarian aid
2025-05-09 13:11:24,986 - ContentCollector - ERROR - Content extraction error for https://thehill.com/homenews/house/5291227-house-democrats-gaza-aid/: Article `download()` failed with 403 Client Error: Forbidden for url: https://thehill.com/homenews/house/5291227-house-democrats-gaza-aid/ on URL https://thehill.com/homenews/house/5291227-house-democrats-gaza-aid/
2025-05-09 13:11:24,987 - ContentCollector - WARNING - Failed to extract valid content for: Democrats urge Israel to resume Gaza humanitarian aid
2025-05-09 13:11:24,987 - ContentCollector - INFO - Fetching article: Patel appears to backtrack, says FBI will work ‘on whatever budget’ given
2025-05-09 13:11:25,125 - ContentCollector - ERROR - Content extraction error for https://thehill.com/business/budget/5291185-patel-fbi-budget-senate/: Article `download()` failed with 403 Client Error: Forbidden for url: https://thehill.com/business/budget/5291185-patel-fbi-budget-senate/ on URL https://thehill.com/business/budget/5291185-patel-fbi-budget-senate/
2025-05-09 13:11:25,125 - ContentCollector - WARNING - Failed to extract valid content for: Patel appears to backtrack, says FBI will work ‘on whatever budget’ given
2025-05-09 13:11:25,125 - ContentCollector - INFO - Fetching article: Melania Trump unveils US stamp honoring Barbara Bush
2025-05-09 13:11:25,277 - ContentCollector - ERROR - Content extraction error for https://thehill.com/blogs/in-the-know/5291216-melania-trump-usps-stamp-barbara-bush/: Article `download()` failed with 403 Client Error: Forbidden for url: https://thehill.com/blogs/in-the-know/5291216-melania-trump-usps-stamp-barbara-bush/ on URL https://thehill.com/blogs/in-the-know/5291216-melania-trump-usps-stamp-barbara-bush/
2025-05-09 13:11:25,278 - ContentCollector - WARNING - Failed to extract valid content for: Melania Trump unveils US stamp honoring Barbara Bush
2025-05-09 13:11:25,278 - ContentCollector - INFO - Fetching article: Google stock falls as Apple considers adding AI search engines
2025-05-09 13:11:25,428 - ContentCollector - ERROR - Content extraction error for https://thehill.com/policy/technology/5291224-google-stock-tumbles-after-apple-ai-testimony/: Article `download()` failed with 403 Client Error: Forbidden for url: https://thehill.com/policy/technology/5291224-google-stock-tumbles-after-apple-ai-testimony/ on URL https://thehill.com/policy/technology/5291224-google-stock-tumbles-after-apple-ai-testimony/
2025-05-09 13:11:25,428 - ContentCollector - WARNING - Failed to extract valid content for: Google stock falls as Apple considers adding AI search engines
2025-05-09 13:11:25,428 - ContentCollector - INFO - Fetching article: Remote workers more engaged, less likely to be thriving: Gallup
2025-05-09 13:11:25,570 - ContentCollector - ERROR - Content extraction error for https://thehill.com/business/5291154-gallup-survey-remote-workers-engagement/: Article `download()` failed with 403 Client Error: Forbidden for url: https://thehill.com/business/5291154-gallup-survey-remote-workers-engagement/ on URL https://thehill.com/business/5291154-gallup-survey-remote-workers-engagement/
2025-05-09 13:11:25,570 - ContentCollector - WARNING - Failed to extract valid content for: Remote workers more engaged, less likely to be thriving: Gallup
2025-05-09 13:11:25,570 - ContentCollector - INFO - Fetching article: Lawmakers push tech leaders on AI, energy in race with China
2025-05-09 13:11:25,715 - ContentCollector - ERROR - Content extraction error for https://thehill.com/policy/technology/5291184-lawmakers-push-tech-leaders-on-ai-energy-in-race-with-china/: Article `download()` failed with 403 Client Error: Forbidden for url: https://thehill.com/policy/technology/5291184-lawmakers-push-tech-leaders-on-ai-energy-in-race-with-china/ on URL https://thehill.com/policy/technology/5291184-lawmakers-push-tech-leaders-on-ai-energy-in-race-with-china/
2025-05-09 13:11:25,715 - ContentCollector - WARNING - Failed to extract valid content for: Lawmakers push tech leaders on AI, energy in race with China
2025-05-09 13:11:25,715 - ContentCollector - INFO - Fetching article: Top Washington state court upholds ban on high-capacity gun magazines
2025-05-09 13:11:25,855 - ContentCollector - ERROR - Content extraction error for https://thehill.com/homenews/state-watch/5290950-washington-high-capacity-magazine-guns-ban/: Article `download()` failed with 403 Client Error: Forbidden for url: https://thehill.com/homenews/state-watch/5290950-washington-high-capacity-magazine-guns-ban/ on URL https://thehill.com/homenews/state-watch/5290950-washington-high-capacity-magazine-guns-ban/
2025-05-09 13:11:25,855 - ContentCollector - WARNING - Failed to extract valid content for: Top Washington state court upholds ban on high-capacity gun magazines
2025-05-09 13:11:25,855 - ContentCollector - INFO - Fetching article: 5 takeaways from Robert Prevost’s election as first American pope
2025-05-09 13:11:25,997 - ContentCollector - ERROR - Content extraction error for https://thehill.com/policy/international/5290978-pope-leo-xiv-election-outcomes/: Article `download()` failed with 403 Client Error: Forbidden for url: https://thehill.com/policy/international/5290978-pope-leo-xiv-election-outcomes/ on URL https://thehill.com/policy/international/5290978-pope-leo-xiv-election-outcomes/
2025-05-09 13:11:25,997 - ContentCollector - WARNING - Failed to extract valid content for: 5 takeaways from Robert Prevost’s election as first American pope
2025-05-09 13:11:25,997 - ContentCollector - INFO - Fetching article: Kennedy blasts critics of Trump’s surgeon general nominee: ‘Terrified of change’
2025-05-09 13:11:26,138 - ContentCollector - ERROR - Content extraction error for https://thehill.com/policy/healthcare/5290949-3-kennedy-attacks-healthcare-criticism-means/: Article `download()` failed with 403 Client Error: Forbidden for url: https://thehill.com/policy/healthcare/5290949-3-kennedy-attacks-healthcare-criticism-means/ on URL https://thehill.com/policy/healthcare/5290949-3-kennedy-attacks-healthcare-criticism-means/
2025-05-09 13:11:26,138 - ContentCollector - WARNING - Failed to extract valid content for: Kennedy blasts critics of Trump’s surgeon general nominee: ‘Terrified of change’
2025-05-09 13:11:26,138 - ContentCollector - INFO - Fetching article: Europe sets plans to hit back at Trump, impose tariffs on US goods
2025-05-09 13:11:26,281 - ContentCollector - ERROR - Content extraction error for https://thehill.com/policy/international/5290874-europe-trump-tariffs-us-goods/: Article `download()` failed with 403 Client Error: Forbidden for url: https://thehill.com/policy/international/5290874-europe-trump-tariffs-us-goods/ on URL https://thehill.com/policy/international/5290874-europe-trump-tariffs-us-goods/
2025-05-09 13:11:26,281 - ContentCollector - WARNING - Failed to extract valid content for: Europe sets plans to hit back at Trump, impose tariffs on US goods
2025-05-09 13:11:26,281 - ContentCollector - INFO - Fetching article: Trump pushes Republicans to have rich pay more taxes
2025-05-09 13:11:26,422 - ContentCollector - ERROR - Content extraction error for https://thehill.com/homenews/house/5290814-trump-tax-hike-wealthy-gop-bill/: Article `download()` failed with 403 Client Error: Forbidden for url: https://thehill.com/homenews/house/5290814-trump-tax-hike-wealthy-gop-bill/ on URL https://thehill.com/homenews/house/5290814-trump-tax-hike-wealthy-gop-bill/
2025-05-09 13:11:26,422 - ContentCollector - WARNING - Failed to extract valid content for: Trump pushes Republicans to have rich pay more taxes
2025-05-09 13:11:26,422 - ContentCollector - INFO - Fetching article: Democratic senators ask Trump administration to rehire CDC IVF team
2025-05-09 13:11:26,568 - ContentCollector - ERROR - Content extraction error for https://thehill.com/policy/healthcare/5290772-democrats-urge-trump-rehire-cdc-team/: Article `download()` failed with 403 Client Error: Forbidden for url: https://thehill.com/policy/healthcare/5290772-democrats-urge-trump-rehire-cdc-team/ on URL https://thehill.com/policy/healthcare/5290772-democrats-urge-trump-rehire-cdc-team/
2025-05-09 13:11:26,568 - ContentCollector - WARNING - Failed to extract valid content for: Democratic senators ask Trump administration to rehire CDC IVF team
2025-05-09 13:11:26,568 - ContentCollector - INFO - Fetching article: Who is Robert Prevost, the American-born Pope Leo XIV
2025-05-09 13:11:26,710 - ContentCollector - ERROR - Content extraction error for https://thehill.com/policy/international/5290771-robert-prevost-pope-leo/: Article `download()` failed with 403 Client Error: Forbidden for url: https://thehill.com/policy/international/5290771-robert-prevost-pope-leo/ on URL https://thehill.com/policy/international/5290771-robert-prevost-pope-leo/
2025-05-09 13:11:26,710 - ContentCollector - WARNING - Failed to extract valid content for: Who is Robert Prevost, the American-born Pope Leo XIV
2025-05-09 13:11:26,710 - ContentCollector - INFO - Fetching article: Obama congratulates new pope: ‘This is a historic day for the United States’
2025-05-09 13:11:26,855 - ContentCollector - ERROR - Content extraction error for https://thehill.com/policy/international/5290741-pope-leo-xiv-chicago-obama-congratulates/: Article `download()` failed with 403 Client Error: Forbidden for url: https://thehill.com/policy/international/5290741-pope-leo-xiv-chicago-obama-congratulates/ on URL https://thehill.com/policy/international/5290741-pope-leo-xiv-chicago-obama-congratulates/
2025-05-09 13:11:26,855 - ContentCollector - WARNING - Failed to extract valid content for: Obama congratulates new pope: ‘This is a historic day for the United States’
2025-05-09 13:11:26,855 - ContentCollector - INFO - Fetching article: Rubio says administration will review visa statuses of arrested Columbia protesters
2025-05-09 13:11:26,994 - ContentCollector - ERROR - Content extraction error for https://thehill.com/homenews/education/5290733-rubio-trump-administration-visa-immigration-statuses-arrested-columbia-protesters/: Article `download()` failed with 403 Client Error: Forbidden for url: https://thehill.com/homenews/education/5290733-rubio-trump-administration-visa-immigration-statuses-arrested-columbia-protesters/ on URL https://thehill.com/homenews/education/5290733-rubio-trump-administration-visa-immigration-statuses-arrested-columbia-protesters/
2025-05-09 13:11:26,995 - ContentCollector - WARNING - Failed to extract valid content for: Rubio says administration will review visa statuses of arrested Columbia protesters
2025-05-09 13:11:26,995 - ContentCollector - INFO - Fetching article: Gates on Musk: ‘World’s richest man killing the world’s poorest children’
2025-05-09 13:11:27,159 - ContentCollector - ERROR - Content extraction error for https://thehill.com/policy/international/5290603-bill-gates-elon-musk-doge-usaid-cuts/: Article `download()` failed with 403 Client Error: Forbidden for url: https://thehill.com/policy/international/5290603-bill-gates-elon-musk-doge-usaid-cuts/ on URL https://thehill.com/policy/international/5290603-bill-gates-elon-musk-doge-usaid-cuts/
2025-05-09 13:11:27,159 - ContentCollector - WARNING - Failed to extract valid content for: Gates on Musk: ‘World’s richest man killing the world’s poorest children’
2025-05-09 13:11:27,160 - ContentCollector - INFO - Fetching article: Duffy calls for massive investment in new air traffic controller technology
2025-05-09 13:11:27,297 - ContentCollector - ERROR - Content extraction error for https://thehill.com/policy/transportation/5290613-sean-duffy-air-traffic-control-overhaul/: Article `download()` failed with 403 Client Error: Forbidden for url: https://thehill.com/policy/transportation/5290613-sean-duffy-air-traffic-control-overhaul/ on URL https://thehill.com/policy/transportation/5290613-sean-duffy-air-traffic-control-overhaul/
2025-05-09 13:11:27,298 - ContentCollector - WARNING - Failed to extract valid content for: Duffy calls for massive investment in new air traffic controller technology
2025-05-09 13:11:27,298 - ContentCollector - INFO - Fetching article: Chicago mayor: ‘Everything dope, including the Pope, comes from Chicago!’
2025-05-09 13:11:27,435 - ContentCollector - ERROR - Content extraction error for https://thehill.com/blogs/in-the-know/5290630-chicago-mayor-pope-leo-robert-prevost/: Article `download()` failed with 403 Client Error: Forbidden for url: https://thehill.com/blogs/in-the-know/5290630-chicago-mayor-pope-leo-robert-prevost/ on URL https://thehill.com/blogs/in-the-know/5290630-chicago-mayor-pope-leo-robert-prevost/
2025-05-09 13:11:27,436 - ContentCollector - WARNING - Failed to extract valid content for: Chicago mayor: ‘Everything dope, including the Pope, comes from Chicago!’
2025-05-09 13:11:27,436 - ContentCollector - INFO - Fetching article: New pope previously shared criticism of Trump administration on social media
2025-05-09 13:11:27,570 - ContentCollector - ERROR - Content extraction error for https://thehill.com/policy/international/5290441-pope-leo-social-media-criticism-trump-vance/: Article `download()` failed with 403 Client Error: Forbidden for url: https://thehill.com/policy/international/5290441-pope-leo-social-media-criticism-trump-vance/ on URL https://thehill.com/policy/international/5290441-pope-leo-social-media-criticism-trump-vance/
2025-05-09 13:11:27,570 - ContentCollector - WARNING - Failed to extract valid content for: New pope previously shared criticism of Trump administration on social media
2025-05-09 13:11:27,570 - ContentCollector - INFO - Fetching article: Democrats push GOP toward Medicare ‘upcoding’ instead of Medicaid cuts
2025-05-09 13:11:27,727 - ContentCollector - ERROR - Content extraction error for https://thehill.com/policy/healthcare/5290279-democrats-say-target-medicare-advantage-not-medicaid/: Article `download()` failed with 403 Client Error: Forbidden for url: https://thehill.com/policy/healthcare/5290279-democrats-say-target-medicare-advantage-not-medicaid/ on URL https://thehill.com/policy/healthcare/5290279-democrats-say-target-medicare-advantage-not-medicaid/
2025-05-09 13:11:27,727 - ContentCollector - WARNING - Failed to extract valid content for: Democrats push GOP toward Medicare ‘upcoding’ instead of Medicaid cuts
2025-05-09 13:11:27,727 - ContentCollector - INFO - Fetching article: Democrats unveiling bill requiring retailers to display cost portion of Trump tariffs
2025-05-09 13:11:27,886 - ContentCollector - ERROR - Content extraction error for https://thehill.com/homenews/senate/5290558-democrats-unveiling-bill-requiring-retailers-to-display-cost-portion-of-trump-tariffs/: Article `download()` failed with 403 Client Error: Forbidden for url: https://thehill.com/homenews/senate/5290558-democrats-unveiling-bill-requiring-retailers-to-display-cost-portion-of-trump-tariffs/ on URL https://thehill.com/homenews/senate/5290558-democrats-unveiling-bill-requiring-retailers-to-display-cost-portion-of-trump-tariffs/
2025-05-09 13:11:27,887 - ContentCollector - WARNING - Failed to extract valid content for: Democrats unveiling bill requiring retailers to display cost portion of Trump tariffs
2025-05-09 13:11:27,887 - ContentCollector - INFO - Fetching article: Democrats block stablecoin bill in blow to crypto
2025-05-09 13:11:28,053 - ContentCollector - ERROR - Content extraction error for https://thehill.com/policy/technology/5290584-stablecoin-legislation-fails-senate-vote/: Article `download()` failed with 403 Client Error: Forbidden for url: https://thehill.com/policy/technology/5290584-stablecoin-legislation-fails-senate-vote/ on URL https://thehill.com/policy/technology/5290584-stablecoin-legislation-fails-senate-vote/
2025-05-09 13:11:28,053 - ContentCollector - WARNING - Failed to extract valid content for: Democrats block stablecoin bill in blow to crypto
2025-05-09 13:11:28,053 - ContentCollector - INFO - Fetching article: More older Americans not confident Social Security will be there for them: Survey
2025-05-09 13:11:28,218 - ContentCollector - ERROR - Content extraction error for https://thehill.com/business/5290506-older-americans-social-security-access-poll/: Article `download()` failed with 403 Client Error: Forbidden for url: https://thehill.com/business/5290506-older-americans-social-security-access-poll/ on URL https://thehill.com/business/5290506-older-americans-social-security-access-poll/
2025-05-09 13:11:28,218 - ContentCollector - WARNING - Failed to extract valid content for: More older Americans not confident Social Security will be there for them: Survey
2025-05-09 13:11:28,218 - ContentCollector - INFO - Fetching article: FEMA head ousted one day after saying eliminating agency not in public’s interest
2025-05-09 13:11:28,369 - ContentCollector - ERROR - Content extraction error for https://thehill.com/homenews/administration/5290399-fema-administrator-fired/: Article `download()` failed with 403 Client Error: Forbidden for url: https://thehill.com/homenews/administration/5290399-fema-administrator-fired/ on URL https://thehill.com/homenews/administration/5290399-fema-administrator-fired/
2025-05-09 13:11:28,369 - ContentCollector - WARNING - Failed to extract valid content for: FEMA head ousted one day after saying eliminating agency not in public’s interest
2025-05-09 13:11:28,369 - ContentCollector - INFO - Fetching article: Toyota: Trump tariffs will cost $1.3B over 2 months
2025-05-09 13:11:28,513 - ContentCollector - ERROR - Content extraction error for https://thehill.com/business/5290283-toyota-donald-trump-tariff-costs/: Article `download()` failed with 403 Client Error: Forbidden for url: https://thehill.com/business/5290283-toyota-donald-trump-tariff-costs/ on URL https://thehill.com/business/5290283-toyota-donald-trump-tariff-costs/
2025-05-09 13:11:28,513 - ContentCollector - WARNING - Failed to extract valid content for: Toyota: Trump tariffs will cost $1.3B over 2 months
2025-05-09 13:11:28,514 - ContentCollector - INFO - Fetching article: Carville: People like Omar ‘more trouble than they’re worth’
2025-05-09 13:11:28,660 - ContentCollector - ERROR - Content extraction error for https://thehill.com/homenews/race-politics/5290247-james-carville-ilhan-omar-remarks/: Article `download()` failed with 403 Client Error: Forbidden for url: https://thehill.com/homenews/race-politics/5290247-james-carville-ilhan-omar-remarks/ on URL https://thehill.com/homenews/race-politics/5290247-james-carville-ilhan-omar-remarks/
2025-05-09 13:11:28,660 - ContentCollector - WARNING - Failed to extract valid content for: Carville: People like Omar ‘more trouble than they’re worth’
2025-05-09 13:11:28,660 - ContentCollector - INFO - Fetching article: Trump celebrates election of first American pope
2025-05-09 13:11:28,805 - ContentCollector - ERROR - Content extraction error for https://thehill.com/homenews/administration/5290374-trump-celebrates-election-of-first-american-pope/: Article `download()` failed with 403 Client Error: Forbidden for url: https://thehill.com/homenews/administration/5290374-trump-celebrates-election-of-first-american-pope/ on URL https://thehill.com/homenews/administration/5290374-trump-celebrates-election-of-first-american-pope/
2025-05-09 13:11:28,805 - ContentCollector - WARNING - Failed to extract valid content for: Trump celebrates election of first American pope
2025-05-09 13:11:28,805 - ContentCollector - INFO - Fetching article: Trump administration asks Supreme Court to revoke Biden’s parole program
2025-05-09 13:11:28,935 - ContentCollector - ERROR - Content extraction error for https://thehill.com/regulation/court-battles/5290362-trump-administration-supreme-court-biden-parole-immigration-crackdown/: Article `download()` failed with 403 Client Error: Forbidden for url: https://thehill.com/regulation/court-battles/5290362-trump-administration-supreme-court-biden-parole-immigration-crackdown/ on URL https://thehill.com/regulation/court-battles/5290362-trump-administration-supreme-court-biden-parole-immigration-crackdown/
2025-05-09 13:11:28,935 - ContentCollector - WARNING - Failed to extract valid content for: Trump administration asks Supreme Court to revoke Biden’s parole program
2025-05-09 13:11:28,935 - ContentCollector - INFO - Fetching article: Live updates: Cardinals elect first American pope; Trump unveils UK trade deal
2025-05-09 13:11:29,079 - ContentCollector - ERROR - Content extraction error for https://thehill.com/homenews/administration/trump-the-next-100-days/5289481-live-updates-trump-trade-deal-uk-patel-noem/: Article `download()` failed with 403 Client Error: Forbidden for url: https://thehill.com/homenews/administration/trump-the-next-100-days/5289481-live-updates-trump-trade-deal-uk-patel-noem/ on URL https://thehill.com/homenews/administration/trump-the-next-100-days/5289481-live-updates-trump-trade-deal-uk-patel-noem/
2025-05-09 13:11:29,079 - ContentCollector - WARNING - Failed to extract valid content for: Live updates: Cardinals elect first American pope; Trump unveils UK trade deal
2025-05-09 13:11:29,080 - ContentCollector - INFO - Fetching article: First American pope: Cardinal Prevost introduced as Pope Leo XIV
2025-05-09 13:11:29,283 - ContentCollector - ERROR - Content extraction error for https://thehill.com/policy/international/5290218-american-pope-leo-xiv/: Article `download()` failed with 403 Client Error: Forbidden for url: https://thehill.com/policy/international/5290218-american-pope-leo-xiv/ on URL https://thehill.com/policy/international/5290218-american-pope-leo-xiv/
2025-05-09 13:11:29,283 - ContentCollector - WARNING - Failed to extract valid content for: First American pope: Cardinal Prevost introduced as Pope Leo XIV
2025-05-09 13:11:29,283 - ContentCollector - INFO - Fetching article: Melania Trump in rare White House appearance says military moms face ‘extraordinary parallel journey’
2025-05-09 13:11:29,419 - ContentCollector - ERROR - Content extraction error for https://thehill.com/blogs/in-the-know/5290305-melania-trump-white-house-appearance-military-mothers-day/: Article `download()` failed with 403 Client Error: Forbidden for url: https://thehill.com/blogs/in-the-know/5290305-melania-trump-white-house-appearance-military-mothers-day/ on URL https://thehill.com/blogs/in-the-know/5290305-melania-trump-white-house-appearance-military-mothers-day/
2025-05-09 13:11:29,420 - ContentCollector - WARNING - Failed to extract valid content for: Melania Trump in rare White House appearance says military moms face ‘extraordinary parallel journey’
2025-05-09 13:11:29,420 - ContentCollector - INFO - Fetching article: Jeffries: Best way to approach SALT is to do nothing and the cap ‘goes away’
2025-05-09 13:11:29,561 - ContentCollector - ERROR - Content extraction error for https://thehill.com/homenews/house/5290292-jeffries-republicans-salt-cap/: Article `download()` failed with 403 Client Error: Forbidden for url: https://thehill.com/homenews/house/5290292-jeffries-republicans-salt-cap/ on URL https://thehill.com/homenews/house/5290292-jeffries-republicans-salt-cap/
2025-05-09 13:11:29,561 - ContentCollector - WARNING - Failed to extract valid content for: Jeffries: Best way to approach SALT is to do nothing and the cap ‘goes away’
2025-05-09 13:11:29,563 - ContentCollector - INFO - Collecting from RSS: https://feeds.bbci.co.uk/news/world/us_and_canada/rss.xml
2025-05-09 13:11:29,764 - ContentCollector - INFO - Fetching article: Bill Gates plans to give away most of his fortune by 2045
2025-05-09 13:11:31,492 - ContentCollector - INFO - Skipping non-governmental article: Bill Gates plans to give away most of his fortune by 2045
2025-05-09 13:11:31,492 - ContentCollector - INFO - Fetching article: Oh my God, it's Rob! - Pope's brother speaks of joy
2025-05-09 13:11:33,220 - ContentCollector - INFO - Primary extraction failed for https://www.bbc.com/news/videos/c3wd63d23y5o, trying fallback
2025-05-09 13:11:34,924 - ContentCollector - WARNING - Failed to extract valid content for: Oh my God, it's Rob! - Pope's brother speaks of joy
2025-05-09 13:11:34,925 - ContentCollector - INFO - Fetching article: 'I flipped out, I said no way!' - Chicago celebrates hometown Pope
2025-05-09 13:11:36,628 - ContentCollector - INFO - Skipping non-governmental article: 'I flipped out, I said no way!' - Chicago celebrates hometown Pope
2025-05-09 13:11:36,628 - ContentCollector - INFO - Fetching article: How good is the UK trade pact for America?
2025-05-09 13:11:38,325 - ContentCollector - INFO - Collected: How good is the UK trade pact for America? (4686 chars)
2025-05-09 13:11:38,325 - ContentCollector - INFO - Fetching article: Trump calls election of first American pope a 'great honour'
2025-05-09 13:11:40,026 - ContentCollector - INFO - Collected: Trump calls election of first American pope a 'great honour' (3331 chars)
2025-05-09 13:11:40,026 - ContentCollector - INFO - Fetching article: US and UK agree deal slashing Trump tariffs on cars and metals
2025-05-09 13:11:41,726 - ContentCollector - INFO - Collected: US and UK agree deal slashing Trump tariffs on cars and metals (4588 chars)
2025-05-09 13:11:41,726 - ContentCollector - INFO - Fetching article: 'He's one of us' - Catholic Americans react to first US-born pope
2025-05-09 13:11:43,823 - ContentCollector - INFO - Skipping non-governmental article: 'He's one of us' - Catholic Americans react to first US-born pope
2025-05-09 13:11:43,823 - ContentCollector - INFO - Fetching article: Mistrial declared in case against officer in fatal shooting of black motorist
2025-05-09 13:11:45,517 - ContentCollector - INFO - Skipping non-governmental article: Mistrial declared in case against officer in fatal shooting of black motorist
2025-05-09 13:11:45,517 - ContentCollector - INFO - Fetching article: BBC correspondent questions Trump over US beef exports
2025-05-09 13:11:47,240 - ContentCollector - INFO - Collected: BBC correspondent questions Trump over US beef exports (552 chars)
2025-05-09 13:11:47,240 - ContentCollector - INFO - Fetching article: From white smoke to balcony speech, watch how Pope Leo XIV was unveiled as new pontiff
2025-05-09 13:11:48,963 - ContentCollector - INFO - Skipping non-governmental article: From white smoke to balcony speech, watch how Pope Leo XIV was unveiled as new pontiff
2025-05-09 13:11:48,963 - ContentCollector - INFO - Fetching article: Watch: Moment protesters storm into Columbia University library
2025-05-09 13:11:50,896 - ContentCollector - INFO - Collected: Watch: Moment protesters storm into Columbia University library (577 chars)
2025-05-09 13:11:50,898 - DocumentRepository - INFO - Stored document dff4c898d30d9a40_1746814310 (4686 chars)
2025-05-09 13:11:50,899 - DocumentRepository - INFO - Stored document 29aefff0f5f79b9a_1746814310 (3331 chars)
2025-05-09 13:11:50,900 - DocumentRepository - INFO - Stored document 4b3bc76e2099ac9b_1746814310 (4588 chars)
2025-05-09 13:11:50,901 - DocumentRepository - INFO - Stored document e4138815ff74efad_1746814310 (552 chars)
2025-05-09 13:11:50,902 - DocumentRepository - INFO - Stored document a113fc9df7cfee60_1746814310 (577 chars)
2025-05-09 13:11:50,902 - ContentCollector - INFO - Collecting from RSS: https://www.whitehouse.gov/feed/
2025-05-09 13:11:51,011 - ContentCollector - WARNING - Feed parse error for https://www.whitehouse.gov/feed/: <unknown>:2:0: syntax error
2025-05-09 13:11:51,011 - ContentCollector - INFO - Collecting from RSS: https://www.federalregister.gov/presidential-documents.rss
2025-05-09 13:11:51,430 - ContentCollector - WARNING - Feed parse error for https://www.federalregister.gov/presidential-documents.rss: <unknown>:21:4: mismatched tag
2025-05-09 13:11:51,430 - ContentCollector - INFO - Collection complete: 6 articles collected
2025-05-09 13:11:51,432 - root - INFO - Saved run date: 2025-05-09T12:39:37
2025-05-09 13:11:51,432 - root - INFO - Updated next start date to: 2025-05-09T12:39:37
