2025-05-09 23:50:36,190 - DocumentRepository - INFO - Document repository initialized at data/documents
2025-05-09 23:50:36,190 - root - INFO - No previous run date found, using Inauguration Day (Jan 20, 2025)
2025-05-09 23:50:36,190 - root - INFO - Using last run date: 2025-01-20T00:00:00
2025-05-09 23:50:36,191 - root - INFO - Starting collection at 20250509_235036
2025-05-09 23:50:36,191 - ContentCollector - INFO - Starting collection from 6 sources, limit 5
2025-05-09 23:50:36,191 - ContentCollector - INFO - Collecting from RSS: https://apnews.com/rss
2025-05-09 23:50:36,230 - ContentCollector - WARNING - Feed parse error for https://apnews.com/rss: <unknown>:2:737: not well-formed (invalid token)
2025-05-09 23:50:36,230 - ContentCollector - INFO - Collecting from RSS: https://feeds.npr.org/1001/rss.xml
2025-05-09 23:50:36,440 - ContentCollector - INFO - Fetching article: Cities aiming to thwart immigrant detention centers wield a secret weapon: local laws
2025-05-09 23:50:38,147 - ContentCollector - INFO - Collected: Cities aiming to thwart immigrant detention centers wield a secret weapon: local laws (6399 chars)
2025-05-09 23:50:38,148 - ContentCollector - INFO - Fetching article: Why this U.S. ambassador cried at a press conference -- and is being called a hero
2025-05-09 23:50:39,738 - ContentCollector - INFO - Skipping non-governmental article: Why this U.S. ambassador cried at a press conference -- and is being called a hero
2025-05-09 23:50:39,738 - ContentCollector - INFO - Fetching article: Chicago celebrates cultural victory with native son, Pope Leo XIV
2025-05-09 23:50:41,361 - ContentCollector - INFO - Collected: Chicago celebrates cultural victory with native son, Pope Leo XIV (1786 chars)
2025-05-09 23:50:41,361 - ContentCollector - INFO - Fetching article: Librarian of Congress firing is latest move in upheaval of U.S. cultural institutions
2025-05-09 23:50:43,375 - ContentCollector - INFO - Collected: Librarian of Congress firing is latest move in upheaval of U.S. cultural institutions (3956 chars)
2025-05-09 23:50:43,375 - ContentCollector - INFO - Fetching article: Federal judge appears likely to temporarily halt Trump's sweeping government overhaul
2025-05-09 23:50:44,980 - ContentCollector - INFO - Collected: Federal judge appears likely to temporarily halt Trump's sweeping government overhaul (5065 chars)
2025-05-09 23:50:44,980 - ContentCollector - INFO - Fetching article: USDA, DOGE demand states hand over personal data about food stamp recipients
2025-05-09 23:50:46,600 - ContentCollector - INFO - Collected: USDA, DOGE demand states hand over personal data about food stamp recipients (12147 chars)
2025-05-09 23:50:46,600 - DocumentRepository - INFO - Stored document 1134c614eea05ba4_1746834646 (6399 chars)
2025-05-09 23:50:46,601 - DocumentRepository - INFO - Stored document c76a69a3f8fa44c5_1746834646 (1786 chars)
2025-05-09 23:50:46,601 - DocumentRepository - INFO - Stored document 46b7ded2793e0b61_1746834646 (3956 chars)
2025-05-09 23:50:46,601 - DocumentRepository - INFO - Stored document 145a4c708b0bce20_1746834646 (5065 chars)
2025-05-09 23:50:46,601 - DocumentRepository - INFO - Stored document 79a386d8c50c4229_1746834646 (12147 chars)
2025-05-09 23:50:46,601 - ContentCollector - INFO - Collecting from RSS: https://thehill.com/rss/feed/
2025-05-09 23:50:47,008 - ContentCollector - INFO - Fetching article: Thune on millionaire tax: ‘I don’t want to see taxes go up on anybody’
2025-05-09 23:50:47,094 - ContentCollector - ERROR - Content extraction error for https://thehill.com/homenews/senate/5293157-thune-millionaire-tax/: Article `download()` failed with 403 Client Error: Forbidden for url: https://thehill.com/homenews/senate/5293157-thune-millionaire-tax/ on URL https://thehill.com/homenews/senate/5293157-thune-millionaire-tax/
2025-05-09 23:50:47,094 - ContentCollector - WARNING - Failed to extract valid content for: Thune on millionaire tax: ‘I don’t want to see taxes go up on anybody’
2025-05-09 23:50:47,094 - ContentCollector - INFO - Fetching article: 5 things to watch as US, China kick off trade talks
2025-05-09 23:50:47,162 - ContentCollector - ERROR - Content extraction error for https://thehill.com/business/5293052-trump-tariffs-impact-economy/: Article `download()` failed with 403 Client Error: Forbidden for url: https://thehill.com/business/5293052-trump-tariffs-impact-economy/ on URL https://thehill.com/business/5293052-trump-tariffs-impact-economy/
2025-05-09 23:50:47,162 - ContentCollector - WARNING - Failed to extract valid content for: 5 things to watch as US, China kick off trade talks
2025-05-09 23:50:47,162 - ContentCollector - INFO - Fetching article: US could hit debt ceiling by July: Bessent
2025-05-09 23:50:47,213 - ContentCollector - ERROR - Content extraction error for https://thehill.com/newsletters/business-economy/5293173-us-could-hit-debt-ceiling-by-july-bessent/: Article `download()` failed with 403 Client Error: Forbidden for url: https://thehill.com/newsletters/business-economy/5293173-us-could-hit-debt-ceiling-by-july-bessent/ on URL https://thehill.com/newsletters/business-economy/5293173-us-could-hit-debt-ceiling-by-july-bessent/
2025-05-09 23:50:47,214 - ContentCollector - WARNING - Failed to extract valid content for: US could hit debt ceiling by July: Bessent
2025-05-09 23:50:47,214 - ContentCollector - INFO - Fetching article: ‘Pod Save America’ host: Democrats have to ‘rip the f‑‑‑ing Band-Aid off’ on Biden
2025-05-09 23:50:47,316 - ContentCollector - ERROR - Content extraction error for https://thehill.com/homenews/campaign/5293105-favreau-criticism-biden-2028-presidency/: Article `download()` failed with 403 Client Error: Forbidden for url: https://thehill.com/homenews/campaign/5293105-favreau-criticism-biden-2028-presidency/ on URL https://thehill.com/homenews/campaign/5293105-favreau-criticism-biden-2028-presidency/
2025-05-09 23:50:47,316 - ContentCollector - WARNING - Failed to extract valid content for: ‘Pod Save America’ host: Democrats have to ‘rip the f‑‑‑ing Band-Aid off’ on Biden
2025-05-09 23:50:47,316 - ContentCollector - INFO - Fetching article: Trump overturns Biden-era efficiency rules for household and commercial appliances
2025-05-09 23:50:47,392 - ContentCollector - ERROR - Content extraction error for https://thehill.com/policy/energy-environment/5293104-trump-signs-legislation-rolling-back-biden-efficiency-rules/: Article `download()` failed with 403 Client Error: Forbidden for url: https://thehill.com/policy/energy-environment/5293104-trump-signs-legislation-rolling-back-biden-efficiency-rules/ on URL https://thehill.com/policy/energy-environment/5293104-trump-signs-legislation-rolling-back-biden-efficiency-rules/
2025-05-09 23:50:47,392 - ContentCollector - WARNING - Failed to extract valid content for: Trump overturns Biden-era efficiency rules for household and commercial appliances
2025-05-09 23:50:47,392 - ContentCollector - INFO - Fetching article: African investors pitch Trump tumult as potential turning point
2025-05-09 23:50:47,445 - ContentCollector - ERROR - Content extraction error for https://thehill.com/policy/international/5292548-african-investors-thrive-despite-aid-cuts/: Article `download()` failed with 403 Client Error: Forbidden for url: https://thehill.com/policy/international/5292548-african-investors-thrive-despite-aid-cuts/ on URL https://thehill.com/policy/international/5292548-african-investors-thrive-despite-aid-cuts/
2025-05-09 23:50:47,445 - ContentCollector - WARNING - Failed to extract valid content for: African investors pitch Trump tumult as potential turning point
2025-05-09 23:50:47,445 - ContentCollector - INFO - Fetching article: Trump reinstating commercial fishing in northeast marine monument
2025-05-09 23:50:47,507 - ContentCollector - ERROR - Content extraction error for https://thehill.com/policy/energy-environment/5293033-trump-reinstating-commercial-fishing-in-northeast-marine-monument/: Article `download()` failed with 403 Client Error: Forbidden for url: https://thehill.com/policy/energy-environment/5293033-trump-reinstating-commercial-fishing-in-northeast-marine-monument/ on URL https://thehill.com/policy/energy-environment/5293033-trump-reinstating-commercial-fishing-in-northeast-marine-monument/
2025-05-09 23:50:47,507 - ContentCollector - WARNING - Failed to extract valid content for: Trump reinstating commercial fishing in northeast marine monument
2025-05-09 23:50:47,507 - ContentCollector - INFO - Fetching article: Mexico sues Google over ‘Gulf of America’ label change
2025-05-09 23:50:47,565 - ContentCollector - ERROR - Content extraction error for https://thehill.com/policy/technology/5293012-mexico-sues-google-over-gulf-of-america-label-change/: Article `download()` failed with 403 Client Error: Forbidden for url: https://thehill.com/policy/technology/5293012-mexico-sues-google-over-gulf-of-america-label-change/ on URL https://thehill.com/policy/technology/5293012-mexico-sues-google-over-gulf-of-america-label-change/
2025-05-09 23:50:47,565 - ContentCollector - WARNING - Failed to extract valid content for: Mexico sues Google over ‘Gulf of America’ label change
2025-05-09 23:50:47,566 - ContentCollector - INFO - Fetching article: Hill Roundtable: What’s next for AI infrastructure
2025-05-09 23:50:47,626 - ContentCollector - ERROR - Content extraction error for https://thehill.com/policy/technology/5293001-hill-roundtable-whats-next-for-ai-infrastructure/: Article `download()` failed with 403 Client Error: Forbidden for url: https://thehill.com/policy/technology/5293001-hill-roundtable-whats-next-for-ai-infrastructure/ on URL https://thehill.com/policy/technology/5293001-hill-roundtable-whats-next-for-ai-infrastructure/
2025-05-09 23:50:47,626 - ContentCollector - WARNING - Failed to extract valid content for: Hill Roundtable: What’s next for AI infrastructure
2025-05-09 23:50:47,626 - ContentCollector - INFO - Fetching article: Bessent urges Congress to act on debt limit by mid-July
2025-05-09 23:50:47,685 - ContentCollector - ERROR - Content extraction error for https://thehill.com/homenews/administration/5293011-bessent-congress-debt-limit/: Article `download()` failed with 403 Client Error: Forbidden for url: https://thehill.com/homenews/administration/5293011-bessent-congress-debt-limit/ on URL https://thehill.com/homenews/administration/5293011-bessent-congress-debt-limit/
2025-05-09 23:50:47,685 - ContentCollector - WARNING - Failed to extract valid content for: Bessent urges Congress to act on debt limit by mid-July
2025-05-09 23:50:47,686 - ContentCollector - INFO - Fetching article: Crypto industry brushes off failed stablecoin vote
2025-05-09 23:50:47,741 - ContentCollector - ERROR - Content extraction error for https://thehill.com/policy/technology/5292606-failed-vote-senate-stablecoin-bill/: Article `download()` failed with 403 Client Error: Forbidden for url: https://thehill.com/policy/technology/5292606-failed-vote-senate-stablecoin-bill/ on URL https://thehill.com/policy/technology/5292606-failed-vote-senate-stablecoin-bill/
2025-05-09 23:50:47,741 - ContentCollector - WARNING - Failed to extract valid content for: Crypto industry brushes off failed stablecoin vote
2025-05-09 23:50:47,741 - ContentCollector - INFO - Fetching article: Newark mayor arrested outside ICE detention center
2025-05-09 23:50:47,797 - ContentCollector - ERROR - Content extraction error for https://thehill.com/homenews/administration/5292918-newark-mayor-detained-ice-facility/: Article `download()` failed with 403 Client Error: Forbidden for url: https://thehill.com/homenews/administration/5292918-newark-mayor-detained-ice-facility/ on URL https://thehill.com/homenews/administration/5292918-newark-mayor-detained-ice-facility/
2025-05-09 23:50:47,797 - ContentCollector - WARNING - Failed to extract valid content for: Newark mayor arrested outside ICE detention center
2025-05-09 23:50:47,797 - ContentCollector - INFO - Fetching article: White House ‘actively looking’ at suspending habeas corpus in immigration crackdown
2025-05-09 23:50:47,852 - ContentCollector - ERROR - Content extraction error for https://thehill.com/homenews/administration/5292820-white-house-miller-immigration-crackdown/: Article `download()` failed with 403 Client Error: Forbidden for url: https://thehill.com/homenews/administration/5292820-white-house-miller-immigration-crackdown/ on URL https://thehill.com/homenews/administration/5292820-white-house-miller-immigration-crackdown/
2025-05-09 23:50:47,852 - ContentCollector - WARNING - Failed to extract valid content for: White House ‘actively looking’ at suspending habeas corpus in immigration crackdown
2025-05-09 23:50:47,853 - ContentCollector - INFO - Fetching article: Texas Senate passes bill requiring solar plants to provide power at night
2025-05-09 23:50:47,910 - ContentCollector - ERROR - Content extraction error for https://thehill.com/policy/equilibrium-sustainability/5292792-texas-senate-bill-power-cost/: Article `download()` failed with 403 Client Error: Forbidden for url: https://thehill.com/policy/equilibrium-sustainability/5292792-texas-senate-bill-power-cost/ on URL https://thehill.com/policy/equilibrium-sustainability/5292792-texas-senate-bill-power-cost/
2025-05-09 23:50:47,910 - ContentCollector - WARNING - Failed to extract valid content for: Texas Senate passes bill requiring solar plants to provide power at night
2025-05-09 23:50:47,910 - ContentCollector - INFO - Fetching article: Danish PM on reported US spying on Greenland: ‘You cannot spy against an ally’
2025-05-09 23:50:47,967 - ContentCollector - ERROR - Content extraction error for https://thehill.com/policy/international/5292735-danish-pm-on-reported-us-spying-on-greenland-you-cannot-spy-against-an-ally/: Article `download()` failed with 403 Client Error: Forbidden for url: https://thehill.com/policy/international/5292735-danish-pm-on-reported-us-spying-on-greenland-you-cannot-spy-against-an-ally/ on URL https://thehill.com/policy/international/5292735-danish-pm-on-reported-us-spying-on-greenland-you-cannot-spy-against-an-ally/
2025-05-09 23:50:47,967 - ContentCollector - WARNING - Failed to extract valid content for: Danish PM on reported US spying on Greenland: ‘You cannot spy against an ally’
2025-05-09 23:50:47,967 - ContentCollector - INFO - Fetching article: Cotton unveils legislation requiring location verification for advanced AI chip exports
2025-05-09 23:50:48,019 - ContentCollector - ERROR - Content extraction error for https://thehill.com/policy/technology/5292440-cotton-unveils-legislation-requiring-location-verification-for-advanced-ai-chip-exports/: Article `download()` failed with 403 Client Error: Forbidden for url: https://thehill.com/policy/technology/5292440-cotton-unveils-legislation-requiring-location-verification-for-advanced-ai-chip-exports/ on URL https://thehill.com/policy/technology/5292440-cotton-unveils-legislation-requiring-location-verification-for-advanced-ai-chip-exports/
2025-05-09 23:50:48,020 - ContentCollector - WARNING - Failed to extract valid content for: Cotton unveils legislation requiring location verification for advanced AI chip exports
2025-05-09 23:50:48,020 - ContentCollector - INFO - Fetching article: Loomer spars with surgeon general nominee’s brother on X
2025-05-09 23:50:48,078 - ContentCollector - ERROR - Content extraction error for https://thehill.com/policy/healthcare/5292635-conservative-advocate-laura-loomer-twitter-battle/: Article `download()` failed with 403 Client Error: Forbidden for url: https://thehill.com/policy/healthcare/5292635-conservative-advocate-laura-loomer-twitter-battle/ on URL https://thehill.com/policy/healthcare/5292635-conservative-advocate-laura-loomer-twitter-battle/
2025-05-09 23:50:48,078 - ContentCollector - WARNING - Failed to extract valid content for: Loomer spars with surgeon general nominee’s brother on X
2025-05-09 23:50:48,079 - ContentCollector - INFO - Fetching article: White House: ‘Ridiculous’ to think Trump doing anything for his own personal wealth
2025-05-09 23:50:48,135 - ContentCollector - ERROR - Content extraction error for https://thehill.com/homenews/administration/5292621-white-house-trump-personal-wealth/: Article `download()` failed with 403 Client Error: Forbidden for url: https://thehill.com/homenews/administration/5292621-white-house-trump-personal-wealth/ on URL https://thehill.com/homenews/administration/5292621-white-house-trump-personal-wealth/
2025-05-09 23:50:48,135 - ContentCollector - WARNING - Failed to extract valid content for: White House: ‘Ridiculous’ to think Trump doing anything for his own personal wealth
2025-05-09 23:50:48,135 - ContentCollector - INFO - Fetching article: ‘A son of Chicago’: High School where Pope Leo once taught celebrates history
2025-05-09 23:50:48,189 - ContentCollector - ERROR - Content extraction error for https://thehill.com/blogs/in-the-know/5292272-pope-leo-xiv-son-of-chicago/: Article `download()` failed with 403 Client Error: Forbidden for url: https://thehill.com/blogs/in-the-know/5292272-pope-leo-xiv-son-of-chicago/ on URL https://thehill.com/blogs/in-the-know/5292272-pope-leo-xiv-son-of-chicago/
2025-05-09 23:50:48,189 - ContentCollector - WARNING - Failed to extract valid content for: ‘A son of Chicago’: High School where Pope Leo once taught celebrates history
2025-05-09 23:50:48,189 - ContentCollector - INFO - Fetching article: Trump suggests NYC Mayor Eric Adams set White House meeting to ‘thank’ him
2025-05-09 23:50:48,252 - ContentCollector - ERROR - Content extraction error for https://thehill.com/homenews/administration/5292530-trump-meet-eric-adams/: Article `download()` failed with 403 Client Error: Forbidden for url: https://thehill.com/homenews/administration/5292530-trump-meet-eric-adams/ on URL https://thehill.com/homenews/administration/5292530-trump-meet-eric-adams/
2025-05-09 23:50:48,252 - ContentCollector - WARNING - Failed to extract valid content for: Trump suggests NYC Mayor Eric Adams set White House meeting to ‘thank’ him
2025-05-09 23:50:48,252 - ContentCollector - INFO - Fetching article: Chemical liability shields hurt our ability to make agriculture healthy again
2025-05-09 23:50:48,304 - ContentCollector - ERROR - Content extraction error for https://thehill.com/opinion/5291492-corporate-harm-liability-shields/: Article `download()` failed with 403 Client Error: Forbidden for url: https://thehill.com/opinion/5291492-corporate-harm-liability-shields/ on URL https://thehill.com/opinion/5291492-corporate-harm-liability-shields/
2025-05-09 23:50:48,304 - ContentCollector - WARNING - Failed to extract valid content for: Chemical liability shields hurt our ability to make agriculture healthy again
2025-05-09 23:50:48,304 - ContentCollector - INFO - Fetching article: Social Security increase missing? Here’s what to do
2025-05-09 23:50:48,368 - ContentCollector - ERROR - Content extraction error for https://thehill.com/business/5292193-social-security-increase-missing-what-to-do/: Article `download()` failed with 403 Client Error: Forbidden for url: https://thehill.com/business/5292193-social-security-increase-missing-what-to-do/ on URL https://thehill.com/business/5292193-social-security-increase-missing-what-to-do/
2025-05-09 23:50:48,368 - ContentCollector - WARNING - Failed to extract valid content for: Social Security increase missing? Here’s what to do
2025-05-09 23:50:48,368 - ContentCollector - INFO - Fetching article: Johnson ‘open to the conversation’ about banning stock trades
2025-05-09 23:50:48,429 - ContentCollector - ERROR - Content extraction error for https://thehill.com/homenews/house/5292587-mike-johnson-considering-congress-ban/: Article `download()` failed with 403 Client Error: Forbidden for url: https://thehill.com/homenews/house/5292587-mike-johnson-considering-congress-ban/ on URL https://thehill.com/homenews/house/5292587-mike-johnson-considering-congress-ban/
2025-05-09 23:50:48,429 - ContentCollector - WARNING - Failed to extract valid content for: Johnson ‘open to the conversation’ about banning stock trades
2025-05-09 23:50:48,430 - ContentCollector - INFO - Fetching article: Congressional Black Caucus: Trump will replace Hayden with ‘unqualified sycophant’
2025-05-09 23:50:48,494 - ContentCollector - ERROR - Content extraction error for https://thehill.com/homenews/race-politics/5292533-congressional-black-caucus-donald-trump-librarian-of-congress-ouster/: Article `download()` failed with 403 Client Error: Forbidden for url: https://thehill.com/homenews/race-politics/5292533-congressional-black-caucus-donald-trump-librarian-of-congress-ouster/ on URL https://thehill.com/homenews/race-politics/5292533-congressional-black-caucus-donald-trump-librarian-of-congress-ouster/
2025-05-09 23:50:48,494 - ContentCollector - WARNING - Failed to extract valid content for: Congressional Black Caucus: Trump will replace Hayden with ‘unqualified sycophant’
2025-05-09 23:50:48,494 - ContentCollector - INFO - Fetching article: Judge orders Tufts student Rümeysa Öztürk to be released
2025-05-09 23:50:48,546 - ContentCollector - ERROR - Content extraction error for https://thehill.com/regulation/court-battles/5292547-tufts-student-judge-release/: Article `download()` failed with 403 Client Error: Forbidden for url: https://thehill.com/regulation/court-battles/5292547-tufts-student-judge-release/ on URL https://thehill.com/regulation/court-battles/5292547-tufts-student-judge-release/
2025-05-09 23:50:48,546 - ContentCollector - WARNING - Failed to extract valid content for: Judge orders Tufts student Rümeysa Öztürk to be released
2025-05-09 23:50:48,547 - ContentCollector - INFO - Fetching article: Newark airport radar access briefly lost again
2025-05-09 23:50:48,600 - ContentCollector - ERROR - Content extraction error for https://thehill.com/homenews/state-watch/5292475-newark-airport-radar-outage/: Article `download()` failed with 403 Client Error: Forbidden for url: https://thehill.com/homenews/state-watch/5292475-newark-airport-radar-outage/ on URL https://thehill.com/homenews/state-watch/5292475-newark-airport-radar-outage/
2025-05-09 23:50:48,601 - ContentCollector - WARNING - Failed to extract valid content for: Newark airport radar access briefly lost again
2025-05-09 23:50:48,601 - ContentCollector - INFO - Fetching article: The power to cut off funds is important for civil rights, but Trump is abusing it
2025-05-09 23:50:48,659 - ContentCollector - ERROR - Content extraction error for https://thehill.com/opinion/civil-rights/5290821-trump-funding-universities-civil-rights/: Article `download()` failed with 403 Client Error: Forbidden for url: https://thehill.com/opinion/civil-rights/5290821-trump-funding-universities-civil-rights/ on URL https://thehill.com/opinion/civil-rights/5290821-trump-funding-universities-civil-rights/
2025-05-09 23:50:48,659 - ContentCollector - WARNING - Failed to extract valid content for: The power to cut off funds is important for civil rights, but Trump is abusing it
2025-05-09 23:50:48,659 - ContentCollector - INFO - Fetching article: Ohio GOP endorses Ramaswamy for governor
2025-05-09 23:50:48,718 - ContentCollector - ERROR - Content extraction error for https://thehill.com/homenews/campaign/5292453-vivek-ramaswamy-gubernatorial-bid-ohio-gop-endorsement/: Article `download()` failed with 403 Client Error: Forbidden for url: https://thehill.com/homenews/campaign/5292453-vivek-ramaswamy-gubernatorial-bid-ohio-gop-endorsement/ on URL https://thehill.com/homenews/campaign/5292453-vivek-ramaswamy-gubernatorial-bid-ohio-gop-endorsement/
2025-05-09 23:50:48,718 - ContentCollector - WARNING - Failed to extract valid content for: Ohio GOP endorses Ramaswamy for governor
2025-05-09 23:50:48,718 - ContentCollector - INFO - Fetching article: We need a bipartisan Congress to check presidential power
2025-05-09 23:50:48,777 - ContentCollector - ERROR - Content extraction error for https://thehill.com/opinion/congress-blog/5291436-congress-checks-presidential-powers/: Article `download()` failed with 403 Client Error: Forbidden for url: https://thehill.com/opinion/congress-blog/5291436-congress-checks-presidential-powers/ on URL https://thehill.com/opinion/congress-blog/5291436-congress-checks-presidential-powers/
2025-05-09 23:50:48,777 - ContentCollector - WARNING - Failed to extract valid content for: We need a bipartisan Congress to check presidential power
2025-05-09 23:50:48,777 - ContentCollector - INFO - Fetching article: DHS sued over lifting deportation protections for Afghans, Cameroonians
2025-05-09 23:50:48,874 - ContentCollector - ERROR - Content extraction error for https://thehill.com/policy/national-security/5292417-immigration-advocates-sue-dhs/: Article `download()` failed with 403 Client Error: Forbidden for url: https://thehill.com/policy/national-security/5292417-immigration-advocates-sue-dhs/ on URL https://thehill.com/policy/national-security/5292417-immigration-advocates-sue-dhs/
2025-05-09 23:50:48,874 - ContentCollector - WARNING - Failed to extract valid content for: DHS sued over lifting deportation protections for Afghans, Cameroonians
2025-05-09 23:50:48,874 - ContentCollector - INFO - Fetching article: Congress has a chance to make intercity buses great again
2025-05-09 23:50:48,945 - ContentCollector - ERROR - Content extraction error for https://thehill.com/opinion/congress-blog/5290295-intermodal-hubs-access-issue/: Article `download()` failed with 403 Client Error: Forbidden for url: https://thehill.com/opinion/congress-blog/5290295-intermodal-hubs-access-issue/ on URL https://thehill.com/opinion/congress-blog/5290295-intermodal-hubs-access-issue/
2025-05-09 23:50:48,945 - ContentCollector - WARNING - Failed to extract valid content for: Congress has a chance to make intercity buses great again
2025-05-09 23:50:48,945 - ContentCollector - INFO - Fetching article: Most opposed to Trump’s handling of colleges: Survey
2025-05-09 23:50:49,000 - ContentCollector - ERROR - Content extraction error for https://thehill.com/homenews/administration/5292396-trump-handling-college-campuses-poll/: Article `download()` failed with 403 Client Error: Forbidden for url: https://thehill.com/homenews/administration/5292396-trump-handling-college-campuses-poll/ on URL https://thehill.com/homenews/administration/5292396-trump-handling-college-campuses-poll/
2025-05-09 23:50:49,000 - ContentCollector - WARNING - Failed to extract valid content for: Most opposed to Trump’s handling of colleges: Survey
2025-05-09 23:50:49,000 - ContentCollector - INFO - Fetching article: Ex-Waste Management CEO David Steiner tapped to lead Postal Service
2025-05-09 23:50:49,056 - ContentCollector - ERROR - Content extraction error for https://thehill.com/homenews/administration/5292294-david-steiner-usps-postmaster-general/: Article `download()` failed with 403 Client Error: Forbidden for url: https://thehill.com/homenews/administration/5292294-david-steiner-usps-postmaster-general/ on URL https://thehill.com/homenews/administration/5292294-david-steiner-usps-postmaster-general/
2025-05-09 23:50:49,056 - ContentCollector - WARNING - Failed to extract valid content for: Ex-Waste Management CEO David Steiner tapped to lead Postal Service
2025-05-09 23:50:49,056 - ContentCollector - INFO - Fetching article: Watch live: White House holds briefing amid trade, Ukraine talks
2025-05-09 23:50:49,116 - ContentCollector - ERROR - Content extraction error for https://thehill.com/homenews/5292030-watch-live-white-house-press-briefing-trade-war-ukraine-talks/: Article `download()` failed with 403 Client Error: Forbidden for url: https://thehill.com/homenews/5292030-watch-live-white-house-press-briefing-trade-war-ukraine-talks/ on URL https://thehill.com/homenews/5292030-watch-live-white-house-press-briefing-trade-war-ukraine-talks/
2025-05-09 23:50:49,116 - ContentCollector - WARNING - Failed to extract valid content for: Watch live: White House holds briefing amid trade, Ukraine talks
2025-05-09 23:50:49,116 - ContentCollector - INFO - Fetching article: Hochul: New York’s classroom phone ban ‘saving education’
2025-05-09 23:50:49,175 - ContentCollector - ERROR - Content extraction error for https://thehill.com/homenews/state-watch/5292297-hochul-new-yorks-classroom-phone-ban-saving-education/: Article `download()` failed with 403 Client Error: Forbidden for url: https://thehill.com/homenews/state-watch/5292297-hochul-new-yorks-classroom-phone-ban-saving-education/ on URL https://thehill.com/homenews/state-watch/5292297-hochul-new-yorks-classroom-phone-ban-saving-education/
2025-05-09 23:50:49,175 - ContentCollector - WARNING - Failed to extract valid content for: Hochul: New York’s classroom phone ban ‘saving education’
2025-05-09 23:50:49,175 - ContentCollector - INFO - Fetching article: Trump fires 3 Democrats on Consumer Product Safety Commission
2025-05-09 23:50:49,235 - ContentCollector - ERROR - Content extraction error for https://thehill.com/homenews/administration/5292326-trump-fires-dems-cpsc-reports/: Article `download()` failed with 403 Client Error: Forbidden for url: https://thehill.com/homenews/administration/5292326-trump-fires-dems-cpsc-reports/ on URL https://thehill.com/homenews/administration/5292326-trump-fires-dems-cpsc-reports/
2025-05-09 23:50:49,235 - ContentCollector - WARNING - Failed to extract valid content for: Trump fires 3 Democrats on Consumer Product Safety Commission
2025-05-09 23:50:49,235 - ContentCollector - INFO - Fetching article: Gallego on whether White House bid has crossed his mind: ‘F‑‑‑ing of course’
2025-05-09 23:50:49,293 - ContentCollector - ERROR - Content extraction error for https://thehill.com/homenews/campaign/5292267-ruben-gallego-2028-presidential-bid-chatter/: Article `download()` failed with 403 Client Error: Forbidden for url: https://thehill.com/homenews/campaign/5292267-ruben-gallego-2028-presidential-bid-chatter/ on URL https://thehill.com/homenews/campaign/5292267-ruben-gallego-2028-presidential-bid-chatter/
2025-05-09 23:50:49,293 - ContentCollector - WARNING - Failed to extract valid content for: Gallego on whether White House bid has crossed his mind: ‘F‑‑‑ing of course’
2025-05-09 23:50:49,293 - ContentCollector - INFO - Fetching article: Postal Service facing ‘economic headwinds,’ reports $3.3B loss
2025-05-09 23:50:49,347 - ContentCollector - ERROR - Content extraction error for https://thehill.com/homenews/administration/5292214-usps-losses-rural-impact-trump/: Article `download()` failed with 403 Client Error: Forbidden for url: https://thehill.com/homenews/administration/5292214-usps-losses-rural-impact-trump/ on URL https://thehill.com/homenews/administration/5292214-usps-losses-rural-impact-trump/
2025-05-09 23:50:49,347 - ContentCollector - WARNING - Failed to extract valid content for: Postal Service facing ‘economic headwinds,’ reports $3.3B loss
2025-05-09 23:50:49,347 - ContentCollector - INFO - Fetching article: Grading DOGE: Some achievements, several mistakes
2025-05-09 23:50:49,401 - ContentCollector - ERROR - Content extraction error for https://thehill.com/opinion/white-house/5291249-grading-doge-some-achievements-outweighed-by-many-mistakes/: Article `download()` failed with 403 Client Error: Forbidden for url: https://thehill.com/opinion/white-house/5291249-grading-doge-some-achievements-outweighed-by-many-mistakes/ on URL https://thehill.com/opinion/white-house/5291249-grading-doge-some-achievements-outweighed-by-many-mistakes/
2025-05-09 23:50:49,401 - ContentCollector - WARNING - Failed to extract valid content for: Grading DOGE: Some achievements, several mistakes
2025-05-09 23:50:49,401 - ContentCollector - INFO - Fetching article: Sotomayor urges lawyers to ‘stand up’ amid Trump attacks
2025-05-09 23:50:49,455 - ContentCollector - ERROR - Content extraction error for https://thehill.com/homenews/administration/5292200-supreme-court-justice-urges-defend-judiciary/: Article `download()` failed with 403 Client Error: Forbidden for url: https://thehill.com/homenews/administration/5292200-supreme-court-justice-urges-defend-judiciary/ on URL https://thehill.com/homenews/administration/5292200-supreme-court-justice-urges-defend-judiciary/
2025-05-09 23:50:49,455 - ContentCollector - WARNING - Failed to extract valid content for: Sotomayor urges lawyers to ‘stand up’ amid Trump attacks
2025-05-09 23:50:49,456 - ContentCollector - INFO - Fetching article: Extend Trump’s tax cuts to keep the American Dream alive
2025-05-09 23:50:49,510 - ContentCollector - ERROR - Content extraction error for https://thehill.com/opinion/5291188-congress-extends-tax-cuts/: Article `download()` failed with 403 Client Error: Forbidden for url: https://thehill.com/opinion/5291188-congress-extends-tax-cuts/ on URL https://thehill.com/opinion/5291188-congress-extends-tax-cuts/
2025-05-09 23:50:49,510 - ContentCollector - WARNING - Failed to extract valid content for: Extend Trump’s tax cuts to keep the American Dream alive
2025-05-09 23:50:49,511 - ContentCollector - INFO - Fetching article: Court rules Alabama congressional map intentionally discriminated against Black voters
2025-05-09 23:50:49,561 - ContentCollector - ERROR - Content extraction error for https://thehill.com/homenews/race-politics/5292171-alabama-discriminated-black-voters-congress/: Article `download()` failed with 403 Client Error: Forbidden for url: https://thehill.com/homenews/race-politics/5292171-alabama-discriminated-black-voters-congress/ on URL https://thehill.com/homenews/race-politics/5292171-alabama-discriminated-black-voters-congress/
2025-05-09 23:50:49,561 - ContentCollector - WARNING - Failed to extract valid content for: Court rules Alabama congressional map intentionally discriminated against Black voters
2025-05-09 23:50:49,561 - ContentCollector - INFO - Fetching article: Vance: War between India, Pakistan would be ‘none of our business’
2025-05-09 23:50:49,617 - ContentCollector - ERROR - Content extraction error for https://thehill.com/policy/international/5292024-jd-vance-india-pakistan-escalating-violence/: Article `download()` failed with 403 Client Error: Forbidden for url: https://thehill.com/policy/international/5292024-jd-vance-india-pakistan-escalating-violence/ on URL https://thehill.com/policy/international/5292024-jd-vance-india-pakistan-escalating-violence/
2025-05-09 23:50:49,617 - ContentCollector - WARNING - Failed to extract valid content for: Vance: War between India, Pakistan would be ‘none of our business’
2025-05-09 23:50:49,617 - ContentCollector - INFO - Fetching article: Trump: Biden high-speed internet program ‘racist,’ ‘unconstitutional’
2025-05-09 23:50:49,673 - ContentCollector - ERROR - Content extraction error for https://thehill.com/policy/technology/5291913-trump-biden-high-speed-internet-program-racist-unconstitutional/: Article `download()` failed with 403 Client Error: Forbidden for url: https://thehill.com/policy/technology/5291913-trump-biden-high-speed-internet-program-racist-unconstitutional/ on URL https://thehill.com/policy/technology/5291913-trump-biden-high-speed-internet-program-racist-unconstitutional/
2025-05-09 23:50:49,673 - ContentCollector - WARNING - Failed to extract valid content for: Trump: Biden high-speed internet program ‘racist,’ ‘unconstitutional’
2025-05-09 23:50:49,673 - ContentCollector - INFO - Fetching article: Russia tortured a Ukrainian journalist to death — yet Trump wants to negotiate
2025-05-09 23:50:49,725 - ContentCollector - ERROR - Content extraction error for https://thehill.com/opinion/international/5291103-russia-tortured-a-ukrainian-journalist-to-death-yet-trump-wants-to-negotiate/: Article `download()` failed with 403 Client Error: Forbidden for url: https://thehill.com/opinion/international/5291103-russia-tortured-a-ukrainian-journalist-to-death-yet-trump-wants-to-negotiate/ on URL https://thehill.com/opinion/international/5291103-russia-tortured-a-ukrainian-journalist-to-death-yet-trump-wants-to-negotiate/
2025-05-09 23:50:49,725 - ContentCollector - WARNING - Failed to extract valid content for: Russia tortured a Ukrainian journalist to death — yet Trump wants to negotiate
2025-05-09 23:50:49,725 - ContentCollector - INFO - Fetching article: US automakers rip Trump trade deal with UK
2025-05-09 23:50:49,796 - ContentCollector - ERROR - Content extraction error for https://thehill.com/business/5292037-auto-industry-critics-trump-uk-deal/: Article `download()` failed with 403 Client Error: Forbidden for url: https://thehill.com/business/5292037-auto-industry-critics-trump-uk-deal/ on URL https://thehill.com/business/5292037-auto-industry-critics-trump-uk-deal/
2025-05-09 23:50:49,796 - ContentCollector - WARNING - Failed to extract valid content for: US automakers rip Trump trade deal with UK
2025-05-09 23:50:49,796 - ContentCollector - INFO - Fetching article: Freed student: Columbia inciting violence with response to pro-Palestinian protest
2025-05-09 23:50:49,851 - ContentCollector - ERROR - Content extraction error for https://thehill.com/homenews/education/5292044-columbia-protests-nypd-arrests-student/: Article `download()` failed with 403 Client Error: Forbidden for url: https://thehill.com/homenews/education/5292044-columbia-protests-nypd-arrests-student/ on URL https://thehill.com/homenews/education/5292044-columbia-protests-nypd-arrests-student/
2025-05-09 23:50:49,851 - ContentCollector - WARNING - Failed to extract valid content for: Freed student: Columbia inciting violence with response to pro-Palestinian protest
2025-05-09 23:50:49,851 - ContentCollector - INFO - Fetching article: Chuck Todd: Bidens more interested in themselves than Democratic Party
2025-05-09 23:50:49,903 - ContentCollector - ERROR - Content extraction error for https://thehill.com/homenews/media/5292032-chuck-todd-joe-biden-spotlight-democratic-party/: Article `download()` failed with 403 Client Error: Forbidden for url: https://thehill.com/homenews/media/5292032-chuck-todd-joe-biden-spotlight-democratic-party/ on URL https://thehill.com/homenews/media/5292032-chuck-todd-joe-biden-spotlight-democratic-party/
2025-05-09 23:50:49,903 - ContentCollector - WARNING - Failed to extract valid content for: Chuck Todd: Bidens more interested in themselves than Democratic Party
2025-05-09 23:50:49,904 - ContentCollector - INFO - Fetching article: Military spouses are ready to work — policymakers must help make it possible
2025-05-09 23:50:49,958 - ContentCollector - ERROR - Content extraction error for https://thehill.com/opinion/congress-blog/5289718-military-spouses-career-challenges/: Article `download()` failed with 403 Client Error: Forbidden for url: https://thehill.com/opinion/congress-blog/5289718-military-spouses-career-challenges/ on URL https://thehill.com/opinion/congress-blog/5289718-military-spouses-career-challenges/
2025-05-09 23:50:49,959 - ContentCollector - WARNING - Failed to extract valid content for: Military spouses are ready to work — policymakers must help make it possible
2025-05-09 23:50:49,959 - ContentCollector - INFO - Fetching article: Trump taps Martin for DOJ pardon attorney, ‘weaponization’ role
2025-05-09 23:50:50,012 - ContentCollector - ERROR - Content extraction error for https://thehill.com/homenews/administration/5292043-trump-ed-martin-justice-department/: Article `download()` failed with 403 Client Error: Forbidden for url: https://thehill.com/homenews/administration/5292043-trump-ed-martin-justice-department/ on URL https://thehill.com/homenews/administration/5292043-trump-ed-martin-justice-department/
2025-05-09 23:50:50,012 - ContentCollector - WARNING - Failed to extract valid content for: Trump taps Martin for DOJ pardon attorney, ‘weaponization’ role
2025-05-09 23:50:50,012 - ContentCollector - INFO - Fetching article: ‘Habemus Papam!’ The stunning election and life of Pope Leo XIV
2025-05-09 23:50:50,075 - ContentCollector - ERROR - Content extraction error for https://thehill.com/opinion/international/5291973-pope-leo-xiv-vatican-leadership/: Article `download()` failed with 403 Client Error: Forbidden for url: https://thehill.com/opinion/international/5291973-pope-leo-xiv-vatican-leadership/ on URL https://thehill.com/opinion/international/5291973-pope-leo-xiv-vatican-leadership/
2025-05-09 23:50:50,075 - ContentCollector - WARNING - Failed to extract valid content for: ‘Habemus Papam!’ The stunning election and life of Pope Leo XIV
2025-05-09 23:50:50,075 - ContentCollector - INFO - Fetching article: Santos asks Trump for pardon, commutation, clemency, ‘whatever’
2025-05-09 23:50:50,128 - ContentCollector - ERROR - Content extraction error for https://thehill.com/regulation/court-battles/5291828-george-santos-donald-trump-clemency-call/: Article `download()` failed with 403 Client Error: Forbidden for url: https://thehill.com/regulation/court-battles/5291828-george-santos-donald-trump-clemency-call/ on URL https://thehill.com/regulation/court-battles/5291828-george-santos-donald-trump-clemency-call/
2025-05-09 23:50:50,128 - ContentCollector - WARNING - Failed to extract valid content for: Santos asks Trump for pardon, commutation, clemency, ‘whatever’
2025-05-09 23:50:50,128 - ContentCollector - INFO - Fetching article: Trump administration investigating foreign donations at University of Pennsylvania
2025-05-09 23:50:50,189 - ContentCollector - ERROR - Content extraction error for https://thehill.com/homenews/education/5291948-university-of-pennsylvania-foreign-funding-investigation/: Article `download()` failed with 403 Client Error: Forbidden for url: https://thehill.com/homenews/education/5291948-university-of-pennsylvania-foreign-funding-investigation/ on URL https://thehill.com/homenews/education/5291948-university-of-pennsylvania-foreign-funding-investigation/
2025-05-09 23:50:50,189 - ContentCollector - WARNING - Failed to extract valid content for: Trump administration investigating foreign donations at University of Pennsylvania
2025-05-09 23:50:50,189 - ContentCollector - INFO - Fetching article: President Stephen A Smith?
2025-05-09 23:50:50,245 - ContentCollector - ERROR - Content extraction error for https://thehill.com/opinion/campaign/5290804-president-stephen-a-smith/: Article `download()` failed with 403 Client Error: Forbidden for url: https://thehill.com/opinion/campaign/5290804-president-stephen-a-smith/ on URL https://thehill.com/opinion/campaign/5290804-president-stephen-a-smith/
2025-05-09 23:50:50,245 - ContentCollector - WARNING - Failed to extract valid content for: President Stephen A Smith?
2025-05-09 23:50:50,246 - ContentCollector - INFO - Fetching article: Baier: ‘Of course’ Trump contributed to declining trust in media
2025-05-09 23:50:50,304 - ContentCollector - ERROR - Content extraction error for https://thehill.com/homenews/media/5291922-bret-baier-donald-trump-declining-trust-media/: Article `download()` failed with 403 Client Error: Forbidden for url: https://thehill.com/homenews/media/5291922-bret-baier-donald-trump-declining-trust-media/ on URL https://thehill.com/homenews/media/5291922-bret-baier-donald-trump-declining-trust-media/
2025-05-09 23:50:50,304 - ContentCollector - WARNING - Failed to extract valid content for: Baier: ‘Of course’ Trump contributed to declining trust in media
2025-05-09 23:50:50,305 - ContentCollector - INFO - Fetching article: RFK Jr.: Casey Means ‘walked away from traditional medicine because she was not curing patients’
2025-05-09 23:50:50,362 - ContentCollector - ERROR - Content extraction error for https://thehill.com/policy/healthcare/5291915-rfk-jr-defends-trump-nominee-surgeon-general/: Article `download()` failed with 403 Client Error: Forbidden for url: https://thehill.com/policy/healthcare/5291915-rfk-jr-defends-trump-nominee-surgeon-general/ on URL https://thehill.com/policy/healthcare/5291915-rfk-jr-defends-trump-nominee-surgeon-general/
2025-05-09 23:50:50,363 - ContentCollector - WARNING - Failed to extract valid content for: RFK Jr.: Casey Means ‘walked away from traditional medicine because she was not curing patients’
2025-05-09 23:50:50,363 - ContentCollector - INFO - Fetching article: Retired Supreme Court Justice David Souter dies at 85
2025-05-09 23:50:50,420 - ContentCollector - ERROR - Content extraction error for https://thehill.com/regulation/court-battles/5291930-david-souter-dies-supreme-court/: Article `download()` failed with 403 Client Error: Forbidden for url: https://thehill.com/regulation/court-battles/5291930-david-souter-dies-supreme-court/ on URL https://thehill.com/regulation/court-battles/5291930-david-souter-dies-supreme-court/
2025-05-09 23:50:50,420 - ContentCollector - WARNING - Failed to extract valid content for: Retired Supreme Court Justice David Souter dies at 85
2025-05-09 23:50:50,420 - ContentCollector - INFO - Fetching article: Macron says he spoke with Trump, praises call for 30-day ceasefire in Ukraine
2025-05-09 23:50:50,478 - ContentCollector - ERROR - Content extraction error for https://thehill.com/policy/international/5291906-emmanuel-macron-donald-trump-call-ceasefire-ukraine/: Article `download()` failed with 403 Client Error: Forbidden for url: https://thehill.com/policy/international/5291906-emmanuel-macron-donald-trump-call-ceasefire-ukraine/ on URL https://thehill.com/policy/international/5291906-emmanuel-macron-donald-trump-call-ceasefire-ukraine/
2025-05-09 23:50:50,478 - ContentCollector - WARNING - Failed to extract valid content for: Macron says he spoke with Trump, praises call for 30-day ceasefire in Ukraine
2025-05-09 23:50:50,478 - ContentCollector - INFO - Fetching article: Kennedy describes himself as a ‘renegade’ when asked if he’s being controlled
2025-05-09 23:50:50,532 - ContentCollector - ERROR - Content extraction error for https://thehill.com/policy/healthcare/5291893-health-secretry-kennedy-renegade-trump-nominee/: Article `download()` failed with 403 Client Error: Forbidden for url: https://thehill.com/policy/healthcare/5291893-health-secretry-kennedy-renegade-trump-nominee/ on URL https://thehill.com/policy/healthcare/5291893-health-secretry-kennedy-renegade-trump-nominee/
2025-05-09 23:50:50,533 - ContentCollector - WARNING - Failed to extract valid content for: Kennedy describes himself as a ‘renegade’ when asked if he’s being controlled
2025-05-09 23:50:50,533 - ContentCollector - INFO - Fetching article: Republicans need to grow a spine and support Trump’s agenda
2025-05-09 23:50:50,585 - ContentCollector - ERROR - Content extraction error for https://thehill.com/opinion/campaign/5291004-republicans-trump-support-agenda/: Article `download()` failed with 403 Client Error: Forbidden for url: https://thehill.com/opinion/campaign/5291004-republicans-trump-support-agenda/ on URL https://thehill.com/opinion/campaign/5291004-republicans-trump-support-agenda/
2025-05-09 23:50:50,585 - ContentCollector - WARNING - Failed to extract valid content for: Republicans need to grow a spine and support Trump’s agenda
2025-05-09 23:50:50,585 - ContentCollector - INFO - Fetching article: Trump’s chaotic government is no accident — it’s strategic neglect
2025-05-09 23:50:50,637 - ContentCollector - ERROR - Content extraction error for https://thehill.com/opinion/white-house/5290873-america-government-neglect-trump/: Article `download()` failed with 403 Client Error: Forbidden for url: https://thehill.com/opinion/white-house/5290873-america-government-neglect-trump/ on URL https://thehill.com/opinion/white-house/5290873-america-government-neglect-trump/
2025-05-09 23:50:50,638 - ContentCollector - WARNING - Failed to extract valid content for: Trump’s chaotic government is no accident — it’s strategic neglect
2025-05-09 23:50:50,638 - ContentCollector - INFO - Fetching article: Are you “quiet cracking” at work?
2025-05-09 23:50:50,692 - ContentCollector - ERROR - Content extraction error for https://thehill.com/lobbying/5292192-quiet-cracking-employee-insecurity/: Article `download()` failed with 403 Client Error: Forbidden for url: https://thehill.com/lobbying/5292192-quiet-cracking-employee-insecurity/ on URL https://thehill.com/lobbying/5292192-quiet-cracking-employee-insecurity/
2025-05-09 23:50:50,692 - ContentCollector - WARNING - Failed to extract valid content for: Are you “quiet cracking” at work?
2025-05-09 23:50:50,692 - ContentCollector - INFO - Fetching article: Trump pivots, says GOP should ‘probably not’ raise taxes on rich
2025-05-09 23:50:50,749 - ContentCollector - ERROR - Content extraction error for https://thehill.com/homenews/administration/5291877-trump-tax-increase-rich/: Article `download()` failed with 403 Client Error: Forbidden for url: https://thehill.com/homenews/administration/5291877-trump-tax-increase-rich/ on URL https://thehill.com/homenews/administration/5291877-trump-tax-increase-rich/
2025-05-09 23:50:50,749 - ContentCollector - WARNING - Failed to extract valid content for: Trump pivots, says GOP should ‘probably not’ raise taxes on rich
2025-05-09 23:50:50,750 - ContentCollector - INFO - Fetching article: Vance impresses at Munich Security Conference reprise
2025-05-09 23:50:50,801 - ContentCollector - ERROR - Content extraction error for https://thehill.com/opinion/campaign/5290216-vance-impresses-at-munich-security-conference-reprise/: Article `download()` failed with 403 Client Error: Forbidden for url: https://thehill.com/opinion/campaign/5290216-vance-impresses-at-munich-security-conference-reprise/ on URL https://thehill.com/opinion/campaign/5290216-vance-impresses-at-munich-security-conference-reprise/
2025-05-09 23:50:50,801 - ContentCollector - WARNING - Failed to extract valid content for: Vance impresses at Munich Security Conference reprise
2025-05-09 23:50:50,801 - ContentCollector - INFO - Fetching article: Trump signals he’s willing to lower China tariffs
2025-05-09 23:50:50,854 - ContentCollector - ERROR - Content extraction error for https://thehill.com/homenews/administration/5291829-donald-trump-china-tariffs-reduction-80-percent/: Article `download()` failed with 403 Client Error: Forbidden for url: https://thehill.com/homenews/administration/5291829-donald-trump-china-tariffs-reduction-80-percent/ on URL https://thehill.com/homenews/administration/5291829-donald-trump-china-tariffs-reduction-80-percent/
2025-05-09 23:50:50,854 - ContentCollector - WARNING - Failed to extract valid content for: Trump signals he’s willing to lower China tariffs
2025-05-09 23:50:50,854 - ContentCollector - INFO - Fetching article: What is Trump even doing any more?
2025-05-09 23:50:50,909 - ContentCollector - ERROR - Content extraction error for https://thehill.com/opinion/white-house/5289900-trump-tariffs-alcatraz-constitution-hollywood/: Article `download()` failed with 403 Client Error: Forbidden for url: https://thehill.com/opinion/white-house/5289900-trump-tariffs-alcatraz-constitution-hollywood/ on URL https://thehill.com/opinion/white-house/5289900-trump-tariffs-alcatraz-constitution-hollywood/
2025-05-09 23:50:50,909 - ContentCollector - WARNING - Failed to extract valid content for: What is Trump even doing any more?
2025-05-09 23:50:50,909 - ContentCollector - INFO - Fetching article: Whole Hog Politics: Looking for the Catholic coalition in American politics
2025-05-09 23:50:50,967 - ContentCollector - ERROR - Content extraction error for https://thehill.com/homenews/campaign/5290797-whole-hog-politics-looking-for-the-catholic-coalition-in-american-politics/: Article `download()` failed with 403 Client Error: Forbidden for url: https://thehill.com/homenews/campaign/5290797-whole-hog-politics-looking-for-the-catholic-coalition-in-american-politics/ on URL https://thehill.com/homenews/campaign/5290797-whole-hog-politics-looking-for-the-catholic-coalition-in-american-politics/
2025-05-09 23:50:50,968 - ContentCollector - WARNING - Failed to extract valid content for: Whole Hog Politics: Looking for the Catholic coalition in American politics
2025-05-09 23:50:50,968 - ContentCollector - INFO - Fetching article: Pope Leo XIV celebrates first Mass at Sistine Chapel
2025-05-09 23:50:51,025 - ContentCollector - ERROR - Content extraction error for https://thehill.com/policy/international/5291791-pope-leo-xiv-celebrates-first-mass/: Article `download()` failed with 403 Client Error: Forbidden for url: https://thehill.com/policy/international/5291791-pope-leo-xiv-celebrates-first-mass/ on URL https://thehill.com/policy/international/5291791-pope-leo-xiv-celebrates-first-mass/
2025-05-09 23:50:51,025 - ContentCollector - WARNING - Failed to extract valid content for: Pope Leo XIV celebrates first Mass at Sistine Chapel
2025-05-09 23:50:51,026 - ContentCollector - INFO - Fetching article: Even without a recession, Trump’s tariffs will be painful
2025-05-09 23:50:51,079 - ContentCollector - ERROR - Content extraction error for https://thehill.com/opinion/finance/5288069-trump-tariffs-impact-on-economy/: Article `download()` failed with 403 Client Error: Forbidden for url: https://thehill.com/opinion/finance/5288069-trump-tariffs-impact-on-economy/ on URL https://thehill.com/opinion/finance/5288069-trump-tariffs-impact-on-economy/
2025-05-09 23:50:51,080 - ContentCollector - WARNING - Failed to extract valid content for: Even without a recession, Trump’s tariffs will be painful
2025-05-09 23:50:51,080 - ContentCollector - INFO - Fetching article: Do Medicare, Medicaid cover weight loss drugs? It depends
2025-05-09 23:50:51,138 - ContentCollector - ERROR - Content extraction error for https://thehill.com/policy/healthcare/5290997-medicare-medicaid-coverage-weight-loss-drugs/: Article `download()` failed with 403 Client Error: Forbidden for url: https://thehill.com/policy/healthcare/5290997-medicare-medicaid-coverage-weight-loss-drugs/ on URL https://thehill.com/policy/healthcare/5290997-medicare-medicaid-coverage-weight-loss-drugs/
2025-05-09 23:50:51,138 - ContentCollector - WARNING - Failed to extract valid content for: Do Medicare, Medicaid cover weight loss drugs? It depends
2025-05-09 23:50:51,138 - ContentCollector - INFO - Fetching article: The DEI era harmed non-white students most, yet some states won’t end it
2025-05-09 23:50:51,198 - ContentCollector - ERROR - Content extraction error for https://thehill.com/opinion/education/5289836-deia-programs-face-scrutiny/: Article `download()` failed with 403 Client Error: Forbidden for url: https://thehill.com/opinion/education/5289836-deia-programs-face-scrutiny/ on URL https://thehill.com/opinion/education/5289836-deia-programs-face-scrutiny/
2025-05-09 23:50:51,198 - ContentCollector - WARNING - Failed to extract valid content for: The DEI era harmed non-white students most, yet some states won’t end it
2025-05-09 23:50:51,198 - ContentCollector - INFO - Fetching article: Father of Wisconsin school shooter arrested, charged
2025-05-09 23:50:51,264 - ContentCollector - ERROR - Content extraction error for https://thehill.com/regulation/court-battles/5291223-father-wisconsin-school-shooter-arrested-charged/: Article `download()` failed with 403 Client Error: Forbidden for url: https://thehill.com/regulation/court-battles/5291223-father-wisconsin-school-shooter-arrested-charged/ on URL https://thehill.com/regulation/court-battles/5291223-father-wisconsin-school-shooter-arrested-charged/
2025-05-09 23:50:51,264 - ContentCollector - WARNING - Failed to extract valid content for: Father of Wisconsin school shooter arrested, charged
2025-05-09 23:50:51,264 - ContentCollector - INFO - Fetching article: 5 things to know about Trump’s UK trade pact
2025-05-09 23:50:51,324 - ContentCollector - ERROR - Content extraction error for https://thehill.com/business/5290932-trump-uk-trade-deal-ethanol-beef/: Article `download()` failed with 403 Client Error: Forbidden for url: https://thehill.com/business/5290932-trump-uk-trade-deal-ethanol-beef/ on URL https://thehill.com/business/5290932-trump-uk-trade-deal-ethanol-beef/
2025-05-09 23:50:51,324 - ContentCollector - WARNING - Failed to extract valid content for: 5 things to know about Trump’s UK trade pact
2025-05-09 23:50:51,324 - ContentCollector - INFO - Fetching article: Peace Corps braces for deep cuts under Trump
2025-05-09 23:50:51,394 - ContentCollector - ERROR - Content extraction error for https://thehill.com/homenews/administration/5291296-peace-corps-staffing-cuts-threaten/: Article `download()` failed with 403 Client Error: Forbidden for url: https://thehill.com/homenews/administration/5291296-peace-corps-staffing-cuts-threaten/ on URL https://thehill.com/homenews/administration/5291296-peace-corps-staffing-cuts-threaten/
2025-05-09 23:50:51,395 - ContentCollector - WARNING - Failed to extract valid content for: Peace Corps braces for deep cuts under Trump
2025-05-09 23:50:51,395 - ContentCollector - INFO - Fetching article: Democrats fume over Biden’s return to spotlight
2025-05-09 23:50:51,454 - ContentCollector - ERROR - Content extraction error for https://thehill.com/homenews/campaign/5291197-biden-interview-criticism-dems/: Article `download()` failed with 403 Client Error: Forbidden for url: https://thehill.com/homenews/campaign/5291197-biden-interview-criticism-dems/ on URL https://thehill.com/homenews/campaign/5291197-biden-interview-criticism-dems/
2025-05-09 23:50:51,454 - ContentCollector - WARNING - Failed to extract valid content for: Democrats fume over Biden’s return to spotlight
2025-05-09 23:50:51,454 - ContentCollector - INFO - Fetching article: This Teacher Appreciation Week, educators are feeling threatened in new ways
2025-05-09 23:50:51,505 - ContentCollector - ERROR - Content extraction error for https://thehill.com/homenews/education/5290786-teacher-appreciation-week-dei-college-funding-texas-florida-california/: Article `download()` failed with 403 Client Error: Forbidden for url: https://thehill.com/homenews/education/5290786-teacher-appreciation-week-dei-college-funding-texas-florida-california/ on URL https://thehill.com/homenews/education/5290786-teacher-appreciation-week-dei-college-funding-texas-florida-california/
2025-05-09 23:50:51,505 - ContentCollector - WARNING - Failed to extract valid content for: This Teacher Appreciation Week, educators are feeling threatened in new ways
2025-05-09 23:50:51,505 - ContentCollector - INFO - Fetching article: Trump fires librarian of Congress
2025-05-09 23:50:51,596 - ContentCollector - ERROR - Content extraction error for https://thehill.com/homenews/administration/5291597-trump-fires-librarian-of-congress/: Article `download()` failed with 403 Client Error: Forbidden for url: https://thehill.com/homenews/administration/5291597-trump-fires-librarian-of-congress/ on URL https://thehill.com/homenews/administration/5291597-trump-fires-librarian-of-congress/
2025-05-09 23:50:51,596 - ContentCollector - WARNING - Failed to extract valid content for: Trump fires librarian of Congress
2025-05-09 23:50:51,597 - ContentCollector - INFO - Fetching article: Kathleen Kennedy Townsend says Pope Leo XIV’s welcoming first speech an ‘important message at this time’
2025-05-09 23:50:51,649 - ContentCollector - ERROR - Content extraction error for https://thehill.com/policy/international/5291528-kathleen-kennedy-townsend-pope-leo-first-message/: Article `download()` failed with 403 Client Error: Forbidden for url: https://thehill.com/policy/international/5291528-kathleen-kennedy-townsend-pope-leo-first-message/ on URL https://thehill.com/policy/international/5291528-kathleen-kennedy-townsend-pope-leo-first-message/
2025-05-09 23:50:51,650 - ContentCollector - WARNING - Failed to extract valid content for: Kathleen Kennedy Townsend says Pope Leo XIV’s welcoming first speech an ‘important message at this time’
2025-05-09 23:50:51,650 - ContentCollector - INFO - Fetching article: Brother says Pope Leo XIV will likely follow Francis and look out for ‘those who don’t have a voice’
2025-05-09 23:50:51,701 - ContentCollector - ERROR - Content extraction error for https://thehill.com/blogs/blog-briefing-room/5291485-brother-pope-leo-xiv-likely-follow-francis/: Article `download()` failed with 403 Client Error: Forbidden for url: https://thehill.com/blogs/blog-briefing-room/5291485-brother-pope-leo-xiv-likely-follow-francis/ on URL https://thehill.com/blogs/blog-briefing-room/5291485-brother-pope-leo-xiv-likely-follow-francis/
2025-05-09 23:50:51,701 - ContentCollector - WARNING - Failed to extract valid content for: Brother says Pope Leo XIV will likely follow Francis and look out for ‘those who don’t have a voice’
2025-05-09 23:50:51,701 - ContentCollector - INFO - Fetching article: Vance says Powell is a ‘nice guy’ who is ‘wrong about almost everything’
2025-05-09 23:50:51,760 - ContentCollector - ERROR - Content extraction error for https://thehill.com/homenews/administration/5291493-jd-vance-jerome-powell-nice-guy-wrong-about-almost-everything/: Article `download()` failed with 403 Client Error: Forbidden for url: https://thehill.com/homenews/administration/5291493-jd-vance-jerome-powell-nice-guy-wrong-about-almost-everything/ on URL https://thehill.com/homenews/administration/5291493-jd-vance-jerome-powell-nice-guy-wrong-about-almost-everything/
2025-05-09 23:50:51,760 - ContentCollector - WARNING - Failed to extract valid content for: Vance says Powell is a ‘nice guy’ who is ‘wrong about almost everything’
2025-05-09 23:50:51,760 - ContentCollector - INFO - Fetching article: Trump’s first pick for surgeon general to still work for HHS
2025-05-09 23:50:51,822 - ContentCollector - ERROR - Content extraction error for https://thehill.com/homenews/5291460-janette-nesheiwat-to-still-work-for-hhs/: Article `download()` failed with 403 Client Error: Forbidden for url: https://thehill.com/homenews/5291460-janette-nesheiwat-to-still-work-for-hhs/ on URL https://thehill.com/homenews/5291460-janette-nesheiwat-to-still-work-for-hhs/
2025-05-09 23:50:51,822 - ContentCollector - WARNING - Failed to extract valid content for: Trump’s first pick for surgeon general to still work for HHS
2025-05-09 23:50:51,822 - ContentCollector - INFO - Fetching article: Hegseth memo sets swift timeline to get transgender troops out of military
2025-05-09 23:50:51,873 - ContentCollector - ERROR - Content extraction error for https://thehill.com/policy/defense/5291458-hegseth-timeline-transgender-troops-military/: Article `download()` failed with 403 Client Error: Forbidden for url: https://thehill.com/policy/defense/5291458-hegseth-timeline-transgender-troops-military/ on URL https://thehill.com/policy/defense/5291458-hegseth-timeline-transgender-troops-military/
2025-05-09 23:50:51,873 - ContentCollector - WARNING - Failed to extract valid content for: Hegseth memo sets swift timeline to get transgender troops out of military
2025-05-09 23:50:51,874 - ContentCollector - INFO - Fetching article: Massachusetts man charged with attempt to assassinate Cabinet member
2025-05-09 23:50:51,929 - ContentCollector - ERROR - Content extraction error for https://thehill.com/homenews/administration/5291393-massachusetts-man-charged-with-attempt-to-assassinate-cabinet-member/: Article `download()` failed with 403 Client Error: Forbidden for url: https://thehill.com/homenews/administration/5291393-massachusetts-man-charged-with-attempt-to-assassinate-cabinet-member/ on URL https://thehill.com/homenews/administration/5291393-massachusetts-man-charged-with-attempt-to-assassinate-cabinet-member/
2025-05-09 23:50:51,929 - ContentCollector - WARNING - Failed to extract valid content for: Massachusetts man charged with attempt to assassinate Cabinet member
2025-05-09 23:50:51,930 - ContentCollector - INFO - Fetching article: Trump taps Jeanine Pirro for top DC prosecutor job
2025-05-09 23:50:51,995 - ContentCollector - ERROR - Content extraction error for https://thehill.com/homenews/5291339-trump-jeanine-pirro-dc-prosecutor/: Article `download()` failed with 403 Client Error: Forbidden for url: https://thehill.com/homenews/5291339-trump-jeanine-pirro-dc-prosecutor/ on URL https://thehill.com/homenews/5291339-trump-jeanine-pirro-dc-prosecutor/
2025-05-09 23:50:51,996 - ContentCollector - WARNING - Failed to extract valid content for: Trump taps Jeanine Pirro for top DC prosecutor job
2025-05-09 23:50:51,996 - ContentCollector - INFO - Fetching article: AI leaders hit the Hill
2025-05-09 23:50:52,046 - ContentCollector - ERROR - Content extraction error for https://thehill.com/newsletters/technology/5291319-ai-leaders-hit-the-hill/: Article `download()` failed with 403 Client Error: Forbidden for url: https://thehill.com/newsletters/technology/5291319-ai-leaders-hit-the-hill/ on URL https://thehill.com/newsletters/technology/5291319-ai-leaders-hit-the-hill/
2025-05-09 23:50:52,047 - ContentCollector - WARNING - Failed to extract valid content for: AI leaders hit the Hill
2025-05-09 23:50:52,047 - ContentCollector - INFO - Fetching article: Dutch museum reevaluating art loans to US under Trump
2025-05-09 23:50:52,101 - ContentCollector - ERROR - Content extraction error for https://thehill.com/policy/international/5291277-dutch-museum-mauritshuis-art-loans-trump/: Article `download()` failed with 403 Client Error: Forbidden for url: https://thehill.com/policy/international/5291277-dutch-museum-mauritshuis-art-loans-trump/ on URL https://thehill.com/policy/international/5291277-dutch-museum-mauritshuis-art-loans-trump/
2025-05-09 23:50:52,101 - ContentCollector - WARNING - Failed to extract valid content for: Dutch museum reevaluating art loans to US under Trump
2025-05-09 23:50:52,102 - ContentCollector - INFO - Fetching article: SALT caucus rejects tax-writing panel’s offer of $30,000 deduction cap
2025-05-09 23:50:52,176 - ContentCollector - ERROR - Content extraction error for https://thehill.com/homenews/house/5291274-moderate-republicans-salt-deduction-cap/: Article `download()` failed with 403 Client Error: Forbidden for url: https://thehill.com/homenews/house/5291274-moderate-republicans-salt-deduction-cap/ on URL https://thehill.com/homenews/house/5291274-moderate-republicans-salt-deduction-cap/
2025-05-09 23:50:52,176 - ContentCollector - WARNING - Failed to extract valid content for: SALT caucus rejects tax-writing panel’s offer of $30,000 deduction cap
2025-05-09 23:50:52,177 - ContentCollector - INFO - Fetching article: Trump mulls Fox News host Jeanine Pirro for top DC prosecutor post
2025-05-09 23:50:52,231 - ContentCollector - ERROR - Content extraction error for https://thehill.com/homenews/administration/5291283-trump-considers-pirro-for-dc-prosecutor/: Article `download()` failed with 403 Client Error: Forbidden for url: https://thehill.com/homenews/administration/5291283-trump-considers-pirro-for-dc-prosecutor/ on URL https://thehill.com/homenews/administration/5291283-trump-considers-pirro-for-dc-prosecutor/
2025-05-09 23:50:52,231 - ContentCollector - WARNING - Failed to extract valid content for: Trump mulls Fox News host Jeanine Pirro for top DC prosecutor post
2025-05-09 23:50:52,231 - ContentCollector - INFO - Fetching article: Democrats urge Israel to resume Gaza humanitarian aid
2025-05-09 23:50:52,284 - ContentCollector - ERROR - Content extraction error for https://thehill.com/homenews/house/5291227-house-democrats-gaza-aid/: Article `download()` failed with 403 Client Error: Forbidden for url: https://thehill.com/homenews/house/5291227-house-democrats-gaza-aid/ on URL https://thehill.com/homenews/house/5291227-house-democrats-gaza-aid/
2025-05-09 23:50:52,284 - ContentCollector - WARNING - Failed to extract valid content for: Democrats urge Israel to resume Gaza humanitarian aid
2025-05-09 23:50:52,284 - ContentCollector - INFO - Fetching article: Patel appears to backtrack, says FBI will work ‘on whatever budget’ given
2025-05-09 23:50:52,339 - ContentCollector - ERROR - Content extraction error for https://thehill.com/business/budget/5291185-patel-fbi-budget-senate/: Article `download()` failed with 403 Client Error: Forbidden for url: https://thehill.com/business/budget/5291185-patel-fbi-budget-senate/ on URL https://thehill.com/business/budget/5291185-patel-fbi-budget-senate/
2025-05-09 23:50:52,340 - ContentCollector - WARNING - Failed to extract valid content for: Patel appears to backtrack, says FBI will work ‘on whatever budget’ given
2025-05-09 23:50:52,340 - ContentCollector - INFO - Fetching article: Melania Trump unveils US stamp honoring Barbara Bush
2025-05-09 23:50:52,394 - ContentCollector - ERROR - Content extraction error for https://thehill.com/blogs/in-the-know/5291216-melania-trump-usps-stamp-barbara-bush/: Article `download()` failed with 403 Client Error: Forbidden for url: https://thehill.com/blogs/in-the-know/5291216-melania-trump-usps-stamp-barbara-bush/ on URL https://thehill.com/blogs/in-the-know/5291216-melania-trump-usps-stamp-barbara-bush/
2025-05-09 23:50:52,394 - ContentCollector - WARNING - Failed to extract valid content for: Melania Trump unveils US stamp honoring Barbara Bush
2025-05-09 23:50:52,394 - ContentCollector - INFO - Fetching article: Google stock falls as Apple considers adding AI search engines
2025-05-09 23:50:52,451 - ContentCollector - ERROR - Content extraction error for https://thehill.com/policy/technology/5291224-google-stock-tumbles-after-apple-ai-testimony/: Article `download()` failed with 403 Client Error: Forbidden for url: https://thehill.com/policy/technology/5291224-google-stock-tumbles-after-apple-ai-testimony/ on URL https://thehill.com/policy/technology/5291224-google-stock-tumbles-after-apple-ai-testimony/
2025-05-09 23:50:52,451 - ContentCollector - WARNING - Failed to extract valid content for: Google stock falls as Apple considers adding AI search engines
2025-05-09 23:50:52,451 - ContentCollector - INFO - Fetching article: Remote workers more engaged, less likely to be thriving: Gallup
2025-05-09 23:50:52,508 - ContentCollector - ERROR - Content extraction error for https://thehill.com/business/5291154-gallup-survey-remote-workers-engagement/: Article `download()` failed with 403 Client Error: Forbidden for url: https://thehill.com/business/5291154-gallup-survey-remote-workers-engagement/ on URL https://thehill.com/business/5291154-gallup-survey-remote-workers-engagement/
2025-05-09 23:50:52,508 - ContentCollector - WARNING - Failed to extract valid content for: Remote workers more engaged, less likely to be thriving: Gallup
2025-05-09 23:50:52,508 - ContentCollector - INFO - Fetching article: Lawmakers push tech leaders on AI, energy in race with China
2025-05-09 23:50:52,571 - ContentCollector - ERROR - Content extraction error for https://thehill.com/policy/technology/5291184-lawmakers-push-tech-leaders-on-ai-energy-in-race-with-china/: Article `download()` failed with 403 Client Error: Forbidden for url: https://thehill.com/policy/technology/5291184-lawmakers-push-tech-leaders-on-ai-energy-in-race-with-china/ on URL https://thehill.com/policy/technology/5291184-lawmakers-push-tech-leaders-on-ai-energy-in-race-with-china/
2025-05-09 23:50:52,571 - ContentCollector - WARNING - Failed to extract valid content for: Lawmakers push tech leaders on AI, energy in race with China
2025-05-09 23:50:52,571 - ContentCollector - INFO - Fetching article: Top Washington state court upholds ban on high-capacity gun magazines
2025-05-09 23:50:52,627 - ContentCollector - ERROR - Content extraction error for https://thehill.com/homenews/state-watch/5290950-washington-high-capacity-magazine-guns-ban/: Article `download()` failed with 403 Client Error: Forbidden for url: https://thehill.com/homenews/state-watch/5290950-washington-high-capacity-magazine-guns-ban/ on URL https://thehill.com/homenews/state-watch/5290950-washington-high-capacity-magazine-guns-ban/
2025-05-09 23:50:52,627 - ContentCollector - WARNING - Failed to extract valid content for: Top Washington state court upholds ban on high-capacity gun magazines
2025-05-09 23:50:52,627 - ContentCollector - INFO - Fetching article: 5 takeaways from Robert Prevost’s election as first American pope
2025-05-09 23:50:52,682 - ContentCollector - ERROR - Content extraction error for https://thehill.com/policy/international/5290978-pope-leo-xiv-election-outcomes/: Article `download()` failed with 403 Client Error: Forbidden for url: https://thehill.com/policy/international/5290978-pope-leo-xiv-election-outcomes/ on URL https://thehill.com/policy/international/5290978-pope-leo-xiv-election-outcomes/
2025-05-09 23:50:52,682 - ContentCollector - WARNING - Failed to extract valid content for: 5 takeaways from Robert Prevost’s election as first American pope
2025-05-09 23:50:52,682 - ContentCollector - INFO - Fetching article: Kennedy blasts critics of Trump’s surgeon general nominee: ‘Terrified of change’
2025-05-09 23:50:52,736 - ContentCollector - ERROR - Content extraction error for https://thehill.com/policy/healthcare/5290949-3-kennedy-attacks-healthcare-criticism-means/: Article `download()` failed with 403 Client Error: Forbidden for url: https://thehill.com/policy/healthcare/5290949-3-kennedy-attacks-healthcare-criticism-means/ on URL https://thehill.com/policy/healthcare/5290949-3-kennedy-attacks-healthcare-criticism-means/
2025-05-09 23:50:52,736 - ContentCollector - WARNING - Failed to extract valid content for: Kennedy blasts critics of Trump’s surgeon general nominee: ‘Terrified of change’
2025-05-09 23:50:52,736 - ContentCollector - INFO - Fetching article: Europe sets plans to hit back at Trump, impose tariffs on US goods
2025-05-09 23:50:52,786 - ContentCollector - ERROR - Content extraction error for https://thehill.com/policy/international/5290874-europe-trump-tariffs-us-goods/: Article `download()` failed with 403 Client Error: Forbidden for url: https://thehill.com/policy/international/5290874-europe-trump-tariffs-us-goods/ on URL https://thehill.com/policy/international/5290874-europe-trump-tariffs-us-goods/
2025-05-09 23:50:52,786 - ContentCollector - WARNING - Failed to extract valid content for: Europe sets plans to hit back at Trump, impose tariffs on US goods
2025-05-09 23:50:52,786 - ContentCollector - INFO - Fetching article: Trump pushes Republicans to have rich pay more taxes
2025-05-09 23:50:52,850 - ContentCollector - ERROR - Content extraction error for https://thehill.com/homenews/house/5290814-trump-tax-hike-wealthy-gop-bill/: Article `download()` failed with 403 Client Error: Forbidden for url: https://thehill.com/homenews/house/5290814-trump-tax-hike-wealthy-gop-bill/ on URL https://thehill.com/homenews/house/5290814-trump-tax-hike-wealthy-gop-bill/
2025-05-09 23:50:52,850 - ContentCollector - WARNING - Failed to extract valid content for: Trump pushes Republicans to have rich pay more taxes
2025-05-09 23:50:52,851 - ContentCollector - INFO - Fetching article: Democratic senators ask Trump administration to rehire CDC IVF team
2025-05-09 23:50:52,914 - ContentCollector - ERROR - Content extraction error for https://thehill.com/policy/healthcare/5290772-democrats-urge-trump-rehire-cdc-team/: Article `download()` failed with 403 Client Error: Forbidden for url: https://thehill.com/policy/healthcare/5290772-democrats-urge-trump-rehire-cdc-team/ on URL https://thehill.com/policy/healthcare/5290772-democrats-urge-trump-rehire-cdc-team/
2025-05-09 23:50:52,914 - ContentCollector - WARNING - Failed to extract valid content for: Democratic senators ask Trump administration to rehire CDC IVF team
2025-05-09 23:50:52,915 - ContentCollector - INFO - Collecting from RSS: https://feeds.bbci.co.uk/news/world/us_and_canada/rss.xml
2025-05-09 23:50:53,077 - ContentCollector - INFO - Fetching article: Turkish Tufts University student released from immigration facility
2025-05-09 23:50:54,921 - ContentCollector - INFO - Collected: Turkish Tufts University student released from immigration facility (4289 chars)
2025-05-09 23:50:54,921 - ContentCollector - INFO - Fetching article: Maga says Pope Leo may be American, but he's not 'America first'
2025-05-09 23:50:56,546 - ContentCollector - INFO - Collected: Maga says Pope Leo may be American, but he's not 'America first' (7577 chars)
2025-05-09 23:50:56,546 - ContentCollector - INFO - Fetching article: The US and China are finally talking. Why now?
2025-05-09 23:50:58,170 - ContentCollector - INFO - Collected: The US and China are finally talking. Why now? (4971 chars)
2025-05-09 23:50:58,171 - ContentCollector - INFO - Fetching article: New Jersey mayor arrested for protesting at migrant centre
2025-05-09 23:50:59,789 - ContentCollector - INFO - Collected: New Jersey mayor arrested for protesting at migrant centre (2764 chars)
2025-05-09 23:50:59,789 - ContentCollector - INFO - Fetching article: South Africa criticises US plan to accept white Afrikaners as refugees
2025-05-09 23:51:01,399 - ContentCollector - INFO - Collected: South Africa criticises US plan to accept white Afrikaners as refugees (2740 chars)
2025-05-09 23:51:01,399 - DocumentRepository - INFO - Stored document caa0701b6f5a286f_1746834661 (4289 chars)
2025-05-09 23:51:01,400 - DocumentRepository - INFO - Stored document edff4f0b26cb96e8_1746834661 (7577 chars)
2025-05-09 23:51:01,400 - DocumentRepository - INFO - Stored document c54bc67afdad7fa8_1746834661 (4971 chars)
2025-05-09 23:51:01,401 - DocumentRepository - INFO - Stored document b7f85c29693ce5f6_1746834661 (2764 chars)
2025-05-09 23:51:01,401 - DocumentRepository - INFO - Stored document 49e6291ae31fb31b_1746834661 (2740 chars)
2025-05-09 23:51:01,401 - ContentCollector - INFO - Collecting from RSS: https://www.whitehouse.gov/feed/
2025-05-09 23:51:01,431 - ContentCollector - WARNING - Feed parse error for https://www.whitehouse.gov/feed/: <unknown>:2:0: syntax error
2025-05-09 23:51:01,431 - ContentCollector - INFO - Collecting from RSS: https://www.federalregister.gov/presidential-documents.rss
2025-05-09 23:51:01,483 - ContentCollector - WARNING - Feed parse error for https://www.federalregister.gov/presidential-documents.rss: <unknown>:21:4: mismatched tag
2025-05-09 23:51:01,483 - ContentCollector - INFO - Collection complete: 10 articles collected
2025-05-09 23:51:01,484 - root - INFO - Saved run date: 2025-05-09T23:05:15
2025-05-09 23:51:01,484 - root - INFO - Updated next start date to: 2025-05-09T23:05:15
